mode: atomic
github.com/guidomantilla/go-feather-lib/pkg/common/assert/functions.go:10.43,11.27 1 0
github.com/guidomantilla/go-feather-lib/pkg/common/assert/functions.go:11.27,13.3 1 0
github.com/guidomantilla/go-feather-lib/pkg/common/assert/functions.go:16.41,17.19 1 0
github.com/guidomantilla/go-feather-lib/pkg/common/assert/functions.go:17.19,19.3 1 0
github.com/guidomantilla/go-feather-lib/pkg/common/assert/functions.go:22.48,23.26 1 0
github.com/guidomantilla/go-feather-lib/pkg/common/assert/functions.go:23.26,25.3 1 0
github.com/guidomantilla/go-feather-lib/pkg/common/assert/functions.go:28.51,29.25 1 0
github.com/guidomantilla/go-feather-lib/pkg/common/assert/functions.go:29.25,31.3 1 0
github.com/guidomantilla/go-feather-lib/pkg/common/assert/functions.go:36.27,38.2 1 0
github.com/guidomantilla/go-feather-lib/pkg/common/assert/functions.go:42.29,44.22 2 0
github.com/guidomantilla/go-feather-lib/pkg/common/assert/functions.go:44.22,46.3 1 0
github.com/guidomantilla/go-feather-lib/pkg/common/assert/functions.go:47.2,47.22 1 0
github.com/guidomantilla/go-feather-lib/pkg/common/assert/functions.go:51.53,53.23 1 0
github.com/guidomantilla/go-feather-lib/pkg/common/assert/functions.go:56.2,56.14 1 0
github.com/guidomantilla/go-feather-lib/pkg/common/assert/functions.go:59.35,63.30 3 0
github.com/guidomantilla/go-feather-lib/pkg/common/assert/functions.go:63.30,65.3 1 0
github.com/guidomantilla/go-feather-lib/pkg/common/assert/functions.go:67.2,67.30 1 0
github.com/guidomantilla/go-feather-lib/pkg/common/assert/functions.go:67.30,69.3 1 0
github.com/guidomantilla/go-feather-lib/pkg/common/assert/functions.go:71.2,71.36 1 0
github.com/guidomantilla/go-feather-lib/pkg/common/assert/functions.go:71.36,73.3 1 0
github.com/guidomantilla/go-feather-lib/pkg/common/assert/functions.go:75.2,75.19 1 0
github.com/guidomantilla/go-feather-lib/pkg/common/assert/functions.go:76.94,77.17 1 0
github.com/guidomantilla/go-feather-lib/pkg/common/assert/functions.go:77.17,79.4 1 0
github.com/guidomantilla/go-feather-lib/pkg/common/assert/functions.go:82.2,82.19 1 0
github.com/guidomantilla/go-feather-lib/pkg/common/assert/functions.go:83.94,84.17 1 0
github.com/guidomantilla/go-feather-lib/pkg/common/assert/functions.go:84.17,86.4 1 0
github.com/guidomantilla/go-feather-lib/pkg/common/assert/functions.go:89.2,92.24 3 0
github.com/guidomantilla/go-feather-lib/pkg/common/assert/functions.go:92.24,93.25 1 0
github.com/guidomantilla/go-feather-lib/pkg/common/assert/functions.go:93.25,94.14 1 0
github.com/guidomantilla/go-feather-lib/pkg/common/assert/functions.go:95.9,96.14 1 0
github.com/guidomantilla/go-feather-lib/pkg/common/assert/functions.go:98.8,99.25 1 0
github.com/guidomantilla/go-feather-lib/pkg/common/assert/functions.go:99.25,100.14 1 0
github.com/guidomantilla/go-feather-lib/pkg/common/assert/functions.go:101.9,102.14 1 0
github.com/guidomantilla/go-feather-lib/pkg/common/assert/functions.go:107.2,108.1 2 0
github.com/guidomantilla/go-feather-lib/pkg/common/assert/functions.go:109.2,110.1 2 0
github.com/guidomantilla/go-feather-lib/pkg/common/assert/functions.go:111.2,112.1 2 0
github.com/guidomantilla/go-feather-lib/pkg/common/assert/functions.go:113.2,113.34 1 0
github.com/guidomantilla/go-feather-lib/pkg/boot/builder.go:72.55,74.16 1 0
github.com/guidomantilla/go-feather-lib/pkg/boot/builder.go:74.16,76.3 1 0
github.com/guidomantilla/go-feather-lib/pkg/boot/builder.go:78.2,80.73 1 0
github.com/guidomantilla/go-feather-lib/pkg/boot/builder.go:80.73,82.4 1 0
github.com/guidomantilla/go-feather-lib/pkg/boot/builder.go:83.44,85.4 1 0
github.com/guidomantilla/go-feather-lib/pkg/boot/builder.go:86.74,87.40 1 0
github.com/guidomantilla/go-feather-lib/pkg/boot/builder.go:87.40,89.5 1 0
github.com/guidomantilla/go-feather-lib/pkg/boot/builder.go:91.4,91.36 1 0
github.com/guidomantilla/go-feather-lib/pkg/boot/builder.go:91.36,93.5 1 0
github.com/guidomantilla/go-feather-lib/pkg/boot/builder.go:95.4,96.14 2 0
github.com/guidomantilla/go-feather-lib/pkg/boot/builder.go:98.90,99.40 1 0
github.com/guidomantilla/go-feather-lib/pkg/boot/builder.go:99.40,101.5 1 0
github.com/guidomantilla/go-feather-lib/pkg/boot/builder.go:103.4,103.36 1 0
github.com/guidomantilla/go-feather-lib/pkg/boot/builder.go:103.36,110.5 2 0
github.com/guidomantilla/go-feather-lib/pkg/boot/builder.go:112.4,113.14 2 0
github.com/guidomantilla/go-feather-lib/pkg/boot/builder.go:115.106,116.40 1 0
github.com/guidomantilla/go-feather-lib/pkg/boot/builder.go:116.40,118.5 1 0
github.com/guidomantilla/go-feather-lib/pkg/boot/builder.go:120.4,120.36 1 0
github.com/guidomantilla/go-feather-lib/pkg/boot/builder.go:120.36,122.5 1 0
github.com/guidomantilla/go-feather-lib/pkg/boot/builder.go:124.4,125.14 2 0
github.com/guidomantilla/go-feather-lib/pkg/boot/builder.go:127.78,129.4 1 0
github.com/guidomantilla/go-feather-lib/pkg/boot/builder.go:130.82,132.4 1 0
github.com/guidomantilla/go-feather-lib/pkg/boot/builder.go:133.78,135.4 1 0
github.com/guidomantilla/go-feather-lib/pkg/boot/builder.go:136.80,137.40 1 0
github.com/guidomantilla/go-feather-lib/pkg/boot/builder.go:137.40,139.5 1 0
github.com/guidomantilla/go-feather-lib/pkg/boot/builder.go:141.4,141.36 1 0
github.com/guidomantilla/go-feather-lib/pkg/boot/builder.go:141.36,143.5 1 0
github.com/guidomantilla/go-feather-lib/pkg/boot/builder.go:145.4,146.14 2 0
github.com/guidomantilla/go-feather-lib/pkg/boot/builder.go:148.72,153.4 2 0
github.com/guidomantilla/go-feather-lib/pkg/boot/builder.go:154.90,156.4 1 0
github.com/guidomantilla/go-feather-lib/pkg/boot/builder.go:157.88,159.4 1 0
github.com/guidomantilla/go-feather-lib/pkg/boot/builder.go:160.92,162.4 1 0
github.com/guidomantilla/go-feather-lib/pkg/boot/builder.go:163.86,165.4 1 0
github.com/guidomantilla/go-feather-lib/pkg/boot/builder.go:166.80,167.42 1 0
github.com/guidomantilla/go-feather-lib/pkg/boot/builder.go:167.42,169.5 1 0
github.com/guidomantilla/go-feather-lib/pkg/boot/builder.go:171.4,173.43 3 0
github.com/guidomantilla/go-feather-lib/pkg/boot/builder.go:173.43,176.5 2 0
github.com/guidomantilla/go-feather-lib/pkg/boot/builder.go:178.4,181.49 4 0
github.com/guidomantilla/go-feather-lib/pkg/boot/builder.go:181.49,183.5 1 0
github.com/guidomantilla/go-feather-lib/pkg/boot/builder.go:184.4,184.40 1 0
github.com/guidomantilla/go-feather-lib/pkg/boot/builder.go:184.40,186.5 1 0
github.com/guidomantilla/go-feather-lib/pkg/boot/builder.go:187.4,187.47 1 0
github.com/guidomantilla/go-feather-lib/pkg/boot/builder.go:187.47,189.5 1 0
github.com/guidomantilla/go-feather-lib/pkg/boot/builder.go:191.4,191.77 1 0
github.com/guidomantilla/go-feather-lib/pkg/boot/builder.go:193.73,194.42 1 0
github.com/guidomantilla/go-feather-lib/pkg/boot/builder.go:194.42,196.5 1 0
github.com/guidomantilla/go-feather-lib/pkg/boot/builder.go:197.4,198.19 2 0
github.com/guidomantilla/go-feather-lib/pkg/boot/functions.go:20.127,24.19 2 0
github.com/guidomantilla/go-feather-lib/pkg/boot/functions.go:24.19,26.3 1 0
github.com/guidomantilla/go-feather-lib/pkg/boot/functions.go:28.2,28.17 1 0
github.com/guidomantilla/go-feather-lib/pkg/boot/functions.go:28.17,31.3 2 0
github.com/guidomantilla/go-feather-lib/pkg/boot/functions.go:33.2,33.21 1 0
github.com/guidomantilla/go-feather-lib/pkg/boot/functions.go:33.21,36.3 2 0
github.com/guidomantilla/go-feather-lib/pkg/boot/functions.go:38.2,38.20 1 0
github.com/guidomantilla/go-feather-lib/pkg/boot/functions.go:38.20,40.3 1 0
github.com/guidomantilla/go-feather-lib/pkg/boot/functions.go:42.2,42.15 1 0
github.com/guidomantilla/go-feather-lib/pkg/boot/functions.go:42.15,44.3 1 0
github.com/guidomantilla/go-feather-lib/pkg/boot/functions.go:46.2,55.33 4 0
github.com/guidomantilla/go-feather-lib/pkg/boot/functions.go:55.33,57.3 1 0
github.com/guidomantilla/go-feather-lib/pkg/boot/functions.go:59.2,59.36 1 0
github.com/guidomantilla/go-feather-lib/pkg/boot/functions.go:59.36,60.115 1 0
github.com/guidomantilla/go-feather-lib/pkg/boot/functions.go:60.115,62.4 1 0
github.com/guidomantilla/go-feather-lib/pkg/boot/functions.go:63.3,68.49 2 0
github.com/guidomantilla/go-feather-lib/pkg/boot/functions.go:71.2,71.36 1 0
github.com/guidomantilla/go-feather-lib/pkg/boot/functions.go:71.36,72.150 1 0
github.com/guidomantilla/go-feather-lib/pkg/boot/functions.go:72.150,74.4 1 0
github.com/guidomantilla/go-feather-lib/pkg/boot/functions.go:75.3,78.104 4 0
github.com/guidomantilla/go-feather-lib/pkg/boot/functions.go:81.2,82.18 2 0
github.com/guidomantilla/go-feather-lib/pkg/boot/types.go:83.137,85.19 1 0
github.com/guidomantilla/go-feather-lib/pkg/boot/types.go:85.19,87.3 1 0
github.com/guidomantilla/go-feather-lib/pkg/boot/types.go:89.2,89.19 1 0
github.com/guidomantilla/go-feather-lib/pkg/boot/types.go:89.19,91.3 1 0
github.com/guidomantilla/go-feather-lib/pkg/boot/types.go:93.2,93.17 1 0
github.com/guidomantilla/go-feather-lib/pkg/boot/types.go:93.17,95.3 1 0
github.com/guidomantilla/go-feather-lib/pkg/boot/types.go:97.2,97.21 1 0
github.com/guidomantilla/go-feather-lib/pkg/boot/types.go:97.21,100.3 2 0
github.com/guidomantilla/go-feather-lib/pkg/boot/types.go:102.2,102.20 1 0
github.com/guidomantilla/go-feather-lib/pkg/boot/types.go:102.20,104.3 1 0
github.com/guidomantilla/go-feather-lib/pkg/boot/types.go:106.2,131.34 6 0
github.com/guidomantilla/go-feather-lib/pkg/boot/types.go:131.34,136.3 4 0
github.com/guidomantilla/go-feather-lib/pkg/boot/types.go:136.8,138.3 1 0
github.com/guidomantilla/go-feather-lib/pkg/boot/types.go:140.2,148.36 8 0
github.com/guidomantilla/go-feather-lib/pkg/boot/types.go:148.36,151.3 2 0
github.com/guidomantilla/go-feather-lib/pkg/boot/types.go:151.8,153.3 1 0
github.com/guidomantilla/go-feather-lib/pkg/boot/types.go:155.2,155.36 1 0
github.com/guidomantilla/go-feather-lib/pkg/boot/types.go:155.36,158.3 2 0
github.com/guidomantilla/go-feather-lib/pkg/boot/types.go:158.8,160.3 1 0
github.com/guidomantilla/go-feather-lib/pkg/boot/types.go:162.2,162.12 1 0
github.com/guidomantilla/go-feather-lib/pkg/boot/types.go:165.39,169.69 2 0
github.com/guidomantilla/go-feather-lib/pkg/boot/types.go:169.69,174.69 3 0
github.com/guidomantilla/go-feather-lib/pkg/boot/types.go:174.69,177.4 2 0
github.com/guidomantilla/go-feather-lib/pkg/boot/types.go:179.3,180.42 2 0
github.com/guidomantilla/go-feather-lib/pkg/boot/types.go:180.42,183.4 2 0
github.com/guidomantilla/go-feather-lib/pkg/boot/types.go:185.3,185.35 1 0
github.com/guidomantilla/go-feather-lib/pkg/boot/types.go:185.35,188.4 2 0
github.com/guidomantilla/go-feather-lib/pkg/boot/types.go:190.3,190.52 1 0
github.com/guidomantilla/go-feather-lib/pkg/boot/types.go:193.2,193.109 1 0
github.com/guidomantilla/go-feather-lib/pkg/common/config/functions.go:12.91,18.2 4 0
github.com/guidomantilla/go-feather-lib/pkg/common/config/lookup_environment.go:18.70,21.2 2 0
github.com/guidomantilla/go-feather-lib/pkg/common/environment/environment.go:24.42,28.30 2 0
github.com/guidomantilla/go-feather-lib/pkg/common/environment/environment.go:28.30,30.3 1 0
github.com/guidomantilla/go-feather-lib/pkg/common/environment/environment.go:32.2,32.20 1 0
github.com/guidomantilla/go-feather-lib/pkg/common/environment/environment.go:35.63,38.55 2 0
github.com/guidomantilla/go-feather-lib/pkg/common/environment/environment.go:38.55,40.26 2 0
github.com/guidomantilla/go-feather-lib/pkg/common/environment/environment.go:40.26,42.9 2 0
github.com/guidomantilla/go-feather-lib/pkg/common/environment/environment.go:45.2,45.25 1 0
github.com/guidomantilla/go-feather-lib/pkg/common/environment/environment.go:48.93,51.18 2 0
github.com/guidomantilla/go-feather-lib/pkg/common/environment/environment.go:51.18,53.3 1 0
github.com/guidomantilla/go-feather-lib/pkg/common/environment/environment.go:54.2,54.32 1 0
github.com/guidomantilla/go-feather-lib/pkg/common/environment/environment.go:57.83,59.2 1 0
github.com/guidomantilla/go-feather-lib/pkg/common/environment/environment.go:61.105,63.2 1 0
github.com/guidomantilla/go-feather-lib/pkg/common/environment/environment_options.go:12.27,13.39 1 0
github.com/guidomantilla/go-feather-lib/pkg/common/environment/environment_options.go:13.40,14.3 0 0
github.com/guidomantilla/go-feather-lib/pkg/common/environment/environment_options.go:19.58,20.39 1 0
github.com/guidomantilla/go-feather-lib/pkg/common/environment/environment_options.go:20.39,21.24 1 0
github.com/guidomantilla/go-feather-lib/pkg/common/environment/environment_options.go:21.24,24.4 2 0
github.com/guidomantilla/go-feather-lib/pkg/common/environment/environment_options.go:28.42,29.39 1 0
github.com/guidomantilla/go-feather-lib/pkg/common/environment/environment_options.go:29.39,31.43 1 0
github.com/guidomantilla/go-feather-lib/pkg/common/environment/environment_options.go:31.43,32.50 1 0
github.com/guidomantilla/go-feather-lib/pkg/common/environment/environment_options.go:32.50,34.5 1 0
github.com/guidomantilla/go-feather-lib/pkg/common/environment/environment_options.go:35.4,35.13 1 0
github.com/guidomantilla/go-feather-lib/pkg/common/environment/environment_options.go:38.3,38.43 1 0
github.com/guidomantilla/go-feather-lib/pkg/common/environment/environment_options.go:38.43,39.47 1 0
github.com/guidomantilla/go-feather-lib/pkg/common/environment/environment_options.go:39.47,41.5 1 0
github.com/guidomantilla/go-feather-lib/pkg/common/environment/environment_options.go:42.4,42.13 1 0
github.com/guidomantilla/go-feather-lib/pkg/common/environment/environment_options.go:45.3,50.98 6 0
github.com/guidomantilla/go-feather-lib/pkg/common/environment/environment_options.go:54.41,55.39 1 0
github.com/guidomantilla/go-feather-lib/pkg/common/environment/environment_options.go:55.39,58.3 2 0
github.com/guidomantilla/go-feather-lib/pkg/common/environment/environment_options.go:61.77,62.39 1 0
github.com/guidomantilla/go-feather-lib/pkg/common/environment/environment_options.go:62.39,63.55 1 0
github.com/guidomantilla/go-feather-lib/pkg/common/environment/environment_options.go:63.55,66.4 1 0
github.com/guidomantilla/go-feather-lib/pkg/common/environment/environment_options.go:70.100,71.39 1 0
github.com/guidomantilla/go-feather-lib/pkg/common/environment/environment_options.go:71.39,72.32 1 0
github.com/guidomantilla/go-feather-lib/pkg/common/environment/environment_options.go:72.32,74.4 1 0
github.com/guidomantilla/go-feather-lib/pkg/common/environment/environment_options_chain.go:9.42,13.2 1 0
github.com/guidomantilla/go-feather-lib/pkg/common/environment/environment_options_chain.go:15.46,16.39 1 0
github.com/guidomantilla/go-feather-lib/pkg/common/environment/environment_options_chain.go:16.39,17.40 1 0
github.com/guidomantilla/go-feather-lib/pkg/common/environment/environment_options_chain.go:17.40,19.4 1 0
github.com/guidomantilla/go-feather-lib/pkg/common/environment/environment_options_chain.go:23.70,26.2 2 0
github.com/guidomantilla/go-feather-lib/pkg/common/environment/environment_options_chain.go:28.54,31.2 2 0
github.com/guidomantilla/go-feather-lib/pkg/common/environment/environment_options_chain.go:33.53,36.2 2 0
github.com/guidomantilla/go-feather-lib/pkg/common/environment/environment_options_chain.go:38.89,41.2 2 0
github.com/guidomantilla/go-feather-lib/pkg/common/environment/environment_options_chain.go:43.112,46.2 2 0
github.com/guidomantilla/go-feather-lib/pkg/common/environment/functions.go:11.29,13.18 2 0
github.com/guidomantilla/go-feather-lib/pkg/common/environment/functions.go:13.18,15.3 1 0
github.com/guidomantilla/go-feather-lib/pkg/common/environment/functions.go:16.2,16.28 1 0
github.com/guidomantilla/go-feather-lib/pkg/common/environment/functions.go:19.44,21.23 2 0
github.com/guidomantilla/go-feather-lib/pkg/common/environment/functions.go:21.23,23.3 1 0
github.com/guidomantilla/go-feather-lib/pkg/common/environment/functions.go:24.2,26.12 3 0
github.com/guidomantilla/go-feather-lib/pkg/common/environment/functions.go:29.36,31.2 1 0
github.com/guidomantilla/go-feather-lib/pkg/common/environment/functions.go:33.66,35.2 1 0
github.com/guidomantilla/go-feather-lib/pkg/common/environment/functions.go:37.54,39.2 1 0
github.com/guidomantilla/go-feather-lib/pkg/common/environment/functions.go:41.76,43.2 1 0
github.com/guidomantilla/go-feather-lib/pkg/common/environment/types.go:25.37,27.2 1 0
github.com/guidomantilla/go-feather-lib/pkg/common/environment/types.go:29.43,31.16 2 0
github.com/guidomantilla/go-feather-lib/pkg/common/environment/types.go:31.16,33.3 1 0
github.com/guidomantilla/go-feather-lib/pkg/common/environment/types.go:34.2,34.19 1 0
github.com/guidomantilla/go-feather-lib/pkg/common/environment/types.go:37.40,39.2 1 0
github.com/guidomantilla/go-feather-lib/pkg/common/log/functions.go:14.38,16.18 2 0
github.com/guidomantilla/go-feather-lib/pkg/common/log/functions.go:16.18,18.3 1 0
github.com/guidomantilla/go-feather-lib/pkg/common/log/functions.go:19.2,19.37 1 0
github.com/guidomantilla/go-feather-lib/pkg/common/log/functions.go:22.54,24.17 2 0
github.com/guidomantilla/go-feather-lib/pkg/common/log/functions.go:24.17,26.3 1 0
github.com/guidomantilla/go-feather-lib/pkg/common/log/functions.go:27.2,29.15 3 0
github.com/guidomantilla/go-feather-lib/pkg/common/log/functions.go:34.37,36.2 1 0
github.com/guidomantilla/go-feather-lib/pkg/common/log/functions.go:38.37,40.2 1 0
github.com/guidomantilla/go-feather-lib/pkg/common/log/functions.go:42.36,44.2 1 0
github.com/guidomantilla/go-feather-lib/pkg/common/log/functions.go:46.36,48.2 1 0
github.com/guidomantilla/go-feather-lib/pkg/common/log/functions.go:50.37,52.2 1 0
github.com/guidomantilla/go-feather-lib/pkg/common/log/functions.go:54.37,57.2 2 0
github.com/guidomantilla/go-feather-lib/pkg/common/log/functions.go:61.34,63.2 1 0
github.com/guidomantilla/go-feather-lib/pkg/common/log/slog_handler_fanout.go:16.66,20.2 1 0
github.com/guidomantilla/go-feather-lib/pkg/common/log/slog_handler_fanout.go:22.77,23.28 1 0
github.com/guidomantilla/go-feather-lib/pkg/common/log/slog_handler_fanout.go:23.28,24.36 1 0
github.com/guidomantilla/go-feather-lib/pkg/common/log/slog_handler_fanout.go:24.36,26.4 1 0
github.com/guidomantilla/go-feather-lib/pkg/common/log/slog_handler_fanout.go:28.2,28.14 1 0
github.com/guidomantilla/go-feather-lib/pkg/common/log/slog_handler_fanout.go:31.78,32.28 1 0
github.com/guidomantilla/go-feather-lib/pkg/common/log/slog_handler_fanout.go:32.28,33.42 1 0
github.com/guidomantilla/go-feather-lib/pkg/common/log/slog_handler_fanout.go:33.42,34.63 1 0
github.com/guidomantilla/go-feather-lib/pkg/common/log/slog_handler_fanout.go:34.63,36.5 1 0
github.com/guidomantilla/go-feather-lib/pkg/common/log/slog_handler_fanout.go:39.2,39.12 1 0
github.com/guidomantilla/go-feather-lib/pkg/common/log/slog_handler_fanout.go:42.71,43.37 1 0
github.com/guidomantilla/go-feather-lib/pkg/common/log/slog_handler_fanout.go:43.37,45.3 1 0
github.com/guidomantilla/go-feather-lib/pkg/common/log/slog_handler_fanout.go:46.2,46.44 1 0
github.com/guidomantilla/go-feather-lib/pkg/common/log/slog_handler_fanout.go:49.65,50.37 1 0
github.com/guidomantilla/go-feather-lib/pkg/common/log/slog_handler_fanout.go:50.37,52.3 1 0
github.com/guidomantilla/go-feather-lib/pkg/common/log/slog_handler_fanout.go:53.2,53.44 1 0
github.com/guidomantilla/go-feather-lib/pkg/common/log/slog_logger.go:16.70,22.61 2 0
github.com/guidomantilla/go-feather-lib/pkg/common/log/slog_logger.go:22.61,23.30 1 0
github.com/guidomantilla/go-feather-lib/pkg/common/log/slog_logger.go:23.30,26.5 2 0
github.com/guidomantilla/go-feather-lib/pkg/common/log/slog_logger.go:27.4,27.12 1 0
github.com/guidomantilla/go-feather-lib/pkg/common/log/slog_logger.go:31.2,33.33 3 0
github.com/guidomantilla/go-feather-lib/pkg/common/log/slog_logger.go:33.33,35.3 1 0
github.com/guidomantilla/go-feather-lib/pkg/common/log/slog_logger.go:36.2,39.40 3 0
github.com/guidomantilla/go-feather-lib/pkg/common/log/slog_logger.go:42.79,44.2 1 0
github.com/guidomantilla/go-feather-lib/pkg/common/log/slog_logger.go:46.79,48.2 1 0
github.com/guidomantilla/go-feather-lib/pkg/common/log/slog_logger.go:50.78,52.2 1 0
github.com/guidomantilla/go-feather-lib/pkg/common/log/slog_logger.go:54.78,56.2 1 0
github.com/guidomantilla/go-feather-lib/pkg/common/log/slog_logger.go:58.79,60.2 1 0
github.com/guidomantilla/go-feather-lib/pkg/common/log/slog_logger.go:62.79,65.2 2 0
github.com/guidomantilla/go-feather-lib/pkg/common/log/slog_logger.go:67.49,69.2 1 0
github.com/guidomantilla/go-feather-lib/pkg/common/log/slog_logger.go:85.39,87.14 1 0
github.com/guidomantilla/go-feather-lib/pkg/common/log/slog_logger.go:88.22,89.17 1 0
github.com/guidomantilla/go-feather-lib/pkg/common/log/slog_logger.go:90.22,91.17 1 0
github.com/guidomantilla/go-feather-lib/pkg/common/log/slog_logger.go:92.21,93.16 1 0
github.com/guidomantilla/go-feather-lib/pkg/common/log/slog_logger.go:94.24,95.16 1 0
github.com/guidomantilla/go-feather-lib/pkg/common/log/slog_logger.go:96.22,97.17 1 0
github.com/guidomantilla/go-feather-lib/pkg/common/log/slog_logger.go:98.22,99.17 1 0
github.com/guidomantilla/go-feather-lib/pkg/common/log/slog_logger.go:100.20,101.15 1 0
github.com/guidomantilla/go-feather-lib/pkg/common/log/slog_logger.go:103.2,103.14 1 0
github.com/guidomantilla/go-feather-lib/pkg/common/log/slog_logger.go:106.48,107.14 1 0
github.com/guidomantilla/go-feather-lib/pkg/common/log/slog_logger.go:108.22,109.24 1 0
github.com/guidomantilla/go-feather-lib/pkg/common/log/slog_logger.go:110.22,111.25 1 0
github.com/guidomantilla/go-feather-lib/pkg/common/log/slog_logger.go:112.21,113.24 1 0
github.com/guidomantilla/go-feather-lib/pkg/common/log/slog_logger.go:114.24,115.24 1 0
github.com/guidomantilla/go-feather-lib/pkg/common/log/slog_logger.go:116.22,117.25 1 0
github.com/guidomantilla/go-feather-lib/pkg/common/log/slog_logger.go:118.22,119.24 1 0
github.com/guidomantilla/go-feather-lib/pkg/common/log/slog_logger.go:120.20,121.24 1 0
github.com/guidomantilla/go-feather-lib/pkg/common/log/slog_logger.go:123.2,123.23 1 0
github.com/guidomantilla/go-feather-lib/pkg/common/log/slog_logger.go:126.65,127.19 1 0
github.com/guidomantilla/go-feather-lib/pkg/common/log/slog_logger.go:128.15,129.24 1 0
github.com/guidomantilla/go-feather-lib/pkg/common/log/slog_logger.go:130.15,131.24 1 0
github.com/guidomantilla/go-feather-lib/pkg/common/log/slog_logger.go:132.14,133.23 1 0
github.com/guidomantilla/go-feather-lib/pkg/common/log/slog_logger.go:134.14,135.26 1 0
github.com/guidomantilla/go-feather-lib/pkg/common/log/slog_logger.go:136.15,137.24 1 0
github.com/guidomantilla/go-feather-lib/pkg/common/log/slog_logger.go:138.15,139.24 1 0
github.com/guidomantilla/go-feather-lib/pkg/common/log/slog_logger.go:140.13,141.22 1 0
github.com/guidomantilla/go-feather-lib/pkg/common/log/slog_logger.go:143.2,143.21 1 0
github.com/guidomantilla/go-feather-lib/pkg/common/log/slog_logger.go:146.66,147.19 1 0
github.com/guidomantilla/go-feather-lib/pkg/common/log/slog_logger.go:148.27,149.24 1 0
github.com/guidomantilla/go-feather-lib/pkg/common/log/slog_logger.go:150.27,151.24 1 0
github.com/guidomantilla/go-feather-lib/pkg/common/log/slog_logger.go:152.26,153.23 1 0
github.com/guidomantilla/go-feather-lib/pkg/common/log/slog_logger.go:154.29,155.26 1 0
github.com/guidomantilla/go-feather-lib/pkg/common/log/slog_logger.go:156.27,157.24 1 0
github.com/guidomantilla/go-feather-lib/pkg/common/log/slog_logger.go:158.27,159.24 1 0
github.com/guidomantilla/go-feather-lib/pkg/common/log/slog_logger.go:160.25,161.22 1 0
github.com/guidomantilla/go-feather-lib/pkg/common/log/slog_logger.go:163.2,163.21 1 0
github.com/guidomantilla/go-feather-lib/pkg/common/log/slog_logger.go:166.74,167.19 1 0
github.com/guidomantilla/go-feather-lib/pkg/common/log/slog_logger.go:168.22,169.24 1 0
github.com/guidomantilla/go-feather-lib/pkg/common/log/slog_logger.go:170.23,171.24 1 0
github.com/guidomantilla/go-feather-lib/pkg/common/log/slog_logger.go:172.22,173.23 1 0
github.com/guidomantilla/go-feather-lib/pkg/common/log/slog_logger.go:174.22,175.26 1 0
github.com/guidomantilla/go-feather-lib/pkg/common/log/slog_logger.go:176.23,177.24 1 0
github.com/guidomantilla/go-feather-lib/pkg/common/log/slog_logger.go:178.22,179.24 1 0
github.com/guidomantilla/go-feather-lib/pkg/common/log/slog_logger.go:180.22,181.22 1 0
github.com/guidomantilla/go-feather-lib/pkg/common/log/slog_logger.go:183.2,183.21 1 0
github.com/guidomantilla/go-feather-lib/pkg/common/log/slog_logger.go:195.40,196.14 1 0
github.com/guidomantilla/go-feather-lib/pkg/common/log/slog_logger.go:197.22,198.16 1 0
github.com/guidomantilla/go-feather-lib/pkg/common/log/slog_logger.go:199.22,200.16 1 0
github.com/guidomantilla/go-feather-lib/pkg/common/log/slog_logger.go:202.2,202.15 1 0
github.com/guidomantilla/go-feather-lib/pkg/common/log/slog_logger.go:205.70,206.22 1 0
github.com/guidomantilla/go-feather-lib/pkg/common/log/slog_logger.go:207.14,208.24 1 0
github.com/guidomantilla/go-feather-lib/pkg/common/log/slog_logger.go:209.14,210.24 1 0
github.com/guidomantilla/go-feather-lib/pkg/common/log/slog_logger.go:212.2,212.23 1 0
github.com/guidomantilla/go-feather-lib/pkg/common/log/slog_logger.go:215.71,216.22 1 0
github.com/guidomantilla/go-feather-lib/pkg/common/log/slog_logger.go:217.27,218.24 1 0
github.com/guidomantilla/go-feather-lib/pkg/common/log/slog_logger.go:219.27,220.24 1 0
github.com/guidomantilla/go-feather-lib/pkg/common/log/slog_logger.go:222.2,222.23 1 0
github.com/guidomantilla/go-feather-lib/pkg/common/log/slog_logger.go:225.85,226.14 1 0
github.com/guidomantilla/go-feather-lib/pkg/common/log/slog_logger.go:227.22,228.38 1 0
github.com/guidomantilla/go-feather-lib/pkg/common/log/slog_logger.go:229.22,230.38 1 0
github.com/guidomantilla/go-feather-lib/pkg/common/log/slog_logger.go:232.2,232.37 1 0
github.com/guidomantilla/go-feather-lib/pkg/common/errors/functions.go:8.35,10.2 1 0
github.com/guidomantilla/go-feather-lib/pkg/common/rest/exceptions.go:13.49,16.19 2 0
github.com/guidomantilla/go-feather-lib/pkg/common/rest/exceptions.go:16.19,17.28 1 0
github.com/guidomantilla/go-feather-lib/pkg/common/rest/exceptions.go:17.28,19.4 1 0
github.com/guidomantilla/go-feather-lib/pkg/common/rest/exceptions.go:21.2,21.15 1 0
github.com/guidomantilla/go-feather-lib/pkg/common/rest/exceptions.go:24.67,31.2 1 0
github.com/guidomantilla/go-feather-lib/pkg/common/rest/exceptions.go:33.69,40.2 1 0
github.com/guidomantilla/go-feather-lib/pkg/common/rest/exceptions.go:42.66,49.2 1 0
github.com/guidomantilla/go-feather-lib/pkg/common/rest/exceptions.go:51.65,58.2 1 0
github.com/guidomantilla/go-feather-lib/pkg/common/rest/exceptions.go:60.76,67.2 1 0
github.com/guidomantilla/go-feather-lib/pkg/common/mocks/functions.go:11.99,14.2 2 0
github.com/guidomantilla/go-feather-lib/pkg/common/mocks/functions.go:16.83,26.2 5 0
github.com/guidomantilla/go-feather-lib/pkg/common/properties/functions.go:9.28,11.18 2 0
github.com/guidomantilla/go-feather-lib/pkg/common/properties/functions.go:11.18,13.3 1 0
github.com/guidomantilla/go-feather-lib/pkg/common/properties/functions.go:14.2,14.27 1 0
github.com/guidomantilla/go-feather-lib/pkg/common/properties/functions.go:17.42,19.31 2 0
github.com/guidomantilla/go-feather-lib/pkg/common/properties/functions.go:19.31,21.3 1 0
github.com/guidomantilla/go-feather-lib/pkg/common/properties/functions.go:22.2,24.19 3 0
github.com/guidomantilla/go-feather-lib/pkg/common/properties/functions.go:27.41,29.2 1 0
github.com/guidomantilla/go-feather-lib/pkg/common/properties/functions.go:31.34,33.2 1 0
github.com/guidomantilla/go-feather-lib/pkg/common/properties/functions.go:35.32,37.2 1 0
github.com/guidomantilla/go-feather-lib/pkg/common/properties/properties.go:11.39,12.38 1 0
github.com/guidomantilla/go-feather-lib/pkg/common/properties/properties.go:12.38,13.29 1 0
github.com/guidomantilla/go-feather-lib/pkg/common/properties/properties.go:13.29,15.22 2 0
github.com/guidomantilla/go-feather-lib/pkg/common/properties/properties.go:15.22,17.13 2 0
github.com/guidomantilla/go-feather-lib/pkg/common/properties/properties.go:19.4,19.36 1 0
github.com/guidomantilla/go-feather-lib/pkg/common/properties/properties.go:29.40,34.30 2 0
github.com/guidomantilla/go-feather-lib/pkg/common/properties/properties.go:34.30,36.3 1 0
github.com/guidomantilla/go-feather-lib/pkg/common/properties/properties.go:38.2,38.19 1 0
github.com/guidomantilla/go-feather-lib/pkg/common/properties/properties.go:41.57,45.32 3 0
github.com/guidomantilla/go-feather-lib/pkg/common/properties/properties.go:45.32,47.3 1 0
github.com/guidomantilla/go-feather-lib/pkg/common/properties/properties.go:50.50,55.2 3 0
github.com/guidomantilla/go-feather-lib/pkg/common/properties/properties.go:57.48,62.2 3 0
github.com/guidomantilla/go-feather-lib/pkg/common/properties/properties_source.go:15.69,27.2 5 0
github.com/guidomantilla/go-feather-lib/pkg/common/properties/properties_source.go:29.61,31.2 1 0
github.com/guidomantilla/go-feather-lib/pkg/common/properties/properties_source.go:33.56,35.2 1 0
github.com/guidomantilla/go-feather-lib/pkg/common/server/functions.go:14.79,28.32 8 0
github.com/guidomantilla/go-feather-lib/pkg/common/server/functions.go:28.32,30.3 1 0
github.com/guidomantilla/go-feather-lib/pkg/common/server/functions.go:32.2,32.34 1 0
github.com/guidomantilla/go-feather-lib/pkg/common/server/functions.go:32.34,34.3 1 0
github.com/guidomantilla/go-feather-lib/pkg/common/ssl/functions.go:12.116,21.58 7 0
github.com/guidomantilla/go-feather-lib/pkg/common/ssl/functions.go:21.58,23.3 1 0
github.com/guidomantilla/go-feather-lib/pkg/common/ssl/functions.go:25.2,29.79 4 0
github.com/guidomantilla/go-feather-lib/pkg/common/ssl/functions.go:29.79,31.3 1 0
github.com/guidomantilla/go-feather-lib/pkg/common/ssl/functions.go:33.2,41.23 2 0
github.com/guidomantilla/go-feather-lib/pkg/common/utils/functions.go:9.33,11.2 1 0
github.com/guidomantilla/go-feather-lib/pkg/common/utils/functions.go:15.31,17.25 2 0
github.com/guidomantilla/go-feather-lib/pkg/common/utils/functions.go:17.25,19.3 1 0
github.com/guidomantilla/go-feather-lib/pkg/common/utils/functions.go:21.2,21.25 1 0
github.com/guidomantilla/go-feather-lib/pkg/common/utils/functions.go:23.63,24.29 1 0
github.com/guidomantilla/go-feather-lib/pkg/common/utils/functions.go:26.19,27.23 1 0
github.com/guidomantilla/go-feather-lib/pkg/common/utils/functions.go:27.23,29.4 1 0
github.com/guidomantilla/go-feather-lib/pkg/common/utils/functions.go:30.3,31.24 2 0
github.com/guidomantilla/go-feather-lib/pkg/common/utils/functions.go:32.22,34.40 2 0
github.com/guidomantilla/go-feather-lib/pkg/common/utils/functions.go:37.10,39.53 2 0
github.com/guidomantilla/go-feather-lib/pkg/datasource/connection.go:20.105,31.2 3 0
github.com/guidomantilla/go-feather-lib/pkg/datasource/connection.go:33.59,35.32 1 0
github.com/guidomantilla/go-feather-lib/pkg/datasource/connection.go:35.32,38.42 1 0
github.com/guidomantilla/go-feather-lib/pkg/datasource/connection.go:38.42,41.5 2 0
github.com/guidomantilla/go-feather-lib/pkg/datasource/connection.go:44.3,44.17 1 0
github.com/guidomantilla/go-feather-lib/pkg/datasource/connection.go:44.17,46.4 1 0
github.com/guidomantilla/go-feather-lib/pkg/datasource/connection.go:49.2,49.33 1 0
github.com/guidomantilla/go-feather-lib/pkg/datasource/connection.go:52.47,55.96 2 0
github.com/guidomantilla/go-feather-lib/pkg/datasource/connection.go:55.96,58.3 2 0
github.com/guidomantilla/go-feather-lib/pkg/datasource/connection.go:59.2,61.12 2 0
github.com/guidomantilla/go-feather-lib/pkg/datasource/connection.go:64.39,66.32 1 0
github.com/guidomantilla/go-feather-lib/pkg/datasource/connection.go:66.32,69.39 3 0
github.com/guidomantilla/go-feather-lib/pkg/datasource/connection.go:69.39,71.4 1 0
github.com/guidomantilla/go-feather-lib/pkg/datasource/connection.go:73.2,74.140 2 0
github.com/guidomantilla/go-feather-lib/pkg/datasource/connection.go:77.49,79.2 1 0
github.com/guidomantilla/go-feather-lib/pkg/datasource/context.go:15.102,32.2 10 0
github.com/guidomantilla/go-feather-lib/pkg/datasource/context.go:34.39,36.2 1 0
github.com/guidomantilla/go-feather-lib/pkg/datasource/context.go:38.42,40.2 1 0
github.com/guidomantilla/go-feather-lib/pkg/datasource/context.go:42.43,44.2 1 0
github.com/guidomantilla/go-feather-lib/pkg/datasource/errors.go:8.49,10.2 1 0
github.com/guidomantilla/go-feather-lib/pkg/datasource/transaction_handler.go:16.93,20.2 2 0
github.com/guidomantilla/go-feather-lib/pkg/datasource/transaction_handler.go:22.116,27.16 4 0
github.com/guidomantilla/go-feather-lib/pkg/datasource/transaction_handler.go:27.16,30.3 2 0
github.com/guidomantilla/go-feather-lib/pkg/datasource/transaction_handler.go:31.2,31.49 1 0
github.com/guidomantilla/go-feather-lib/pkg/datasource/transaction_handler.go:31.49,33.3 1 0
github.com/guidomantilla/go-feather-lib/pkg/common/validation/errors.go:12.91,14.2 1 0
github.com/guidomantilla/go-feather-lib/pkg/common/validation/errors.go:16.50,18.2 1 0
github.com/guidomantilla/go-feather-lib/pkg/common/validation/errors.go:25.81,27.2 1 0
github.com/guidomantilla/go-feather-lib/pkg/common/validation/errors.go:29.45,31.2 1 0
github.com/guidomantilla/go-feather-lib/pkg/common/validation/rules.go:10.86,11.37 1 0
github.com/guidomantilla/go-feather-lib/pkg/common/validation/rules.go:11.37,13.3 1 0
github.com/guidomantilla/go-feather-lib/pkg/common/validation/rules.go:14.2,14.12 1 0
github.com/guidomantilla/go-feather-lib/pkg/common/validation/rules.go:17.81,18.36 1 0
github.com/guidomantilla/go-feather-lib/pkg/common/validation/rules.go:18.36,20.3 1 0
github.com/guidomantilla/go-feather-lib/pkg/common/validation/rules.go:22.2,23.70 2 0
github.com/guidomantilla/go-feather-lib/pkg/common/validation/rules.go:23.70,25.54 2 0
github.com/guidomantilla/go-feather-lib/pkg/common/validation/rules.go:25.54,27.4 1 0
github.com/guidomantilla/go-feather-lib/pkg/common/validation/rules.go:30.2,30.12 1 0
github.com/guidomantilla/go-feather-lib/pkg/common/validation/rules.go:39.104,40.18 1 0
github.com/guidomantilla/go-feather-lib/pkg/common/validation/rules.go:40.18,42.3 1 0
github.com/guidomantilla/go-feather-lib/pkg/common/validation/rules.go:43.2,43.12 1 0
github.com/guidomantilla/go-feather-lib/pkg/common/validation/rules.go:46.99,47.18 1 0
github.com/guidomantilla/go-feather-lib/pkg/common/validation/rules.go:47.18,49.3 1 0
github.com/guidomantilla/go-feather-lib/pkg/common/validation/rules.go:51.2,52.70 2 0
github.com/guidomantilla/go-feather-lib/pkg/common/validation/rules.go:52.70,54.54 2 0
github.com/guidomantilla/go-feather-lib/pkg/common/validation/rules.go:54.54,56.4 1 0
github.com/guidomantilla/go-feather-lib/pkg/common/validation/rules.go:59.2,59.12 1 0
github.com/guidomantilla/go-feather-lib/pkg/integration/messaging/channel_messages.go:19.125,28.2 4 0
github.com/guidomantilla/go-feather-lib/pkg/integration/messaging/channel_messages.go:30.114,32.16 1 0
github.com/guidomantilla/go-feather-lib/pkg/integration/messaging/channel_messages.go:32.16,34.3 1 0
github.com/guidomantilla/go-feather-lib/pkg/integration/messaging/channel_messages.go:36.2,36.20 1 0
github.com/guidomantilla/go-feather-lib/pkg/integration/messaging/channel_messages.go:36.20,38.3 1 0
github.com/guidomantilla/go-feather-lib/pkg/integration/messaging/channel_messages.go:40.2,40.51 1 0
github.com/guidomantilla/go-feather-lib/pkg/integration/messaging/channel_messages.go:43.111,45.16 1 0
github.com/guidomantilla/go-feather-lib/pkg/integration/messaging/channel_messages.go:45.16,47.3 1 0
github.com/guidomantilla/go-feather-lib/pkg/integration/messaging/channel_messages.go:49.2,49.18 1 0
github.com/guidomantilla/go-feather-lib/pkg/integration/messaging/channel_messages.go:49.18,51.3 1 0
github.com/guidomantilla/go-feather-lib/pkg/integration/messaging/channel_messages.go:53.2,53.47 1 0
github.com/guidomantilla/go-feather-lib/pkg/integration/messaging/channel_messages.go:56.53,58.2 1 0
github.com/guidomantilla/go-feather-lib/pkg/integration/messaging/channel_messages.go:68.69,74.2 1 0
github.com/guidomantilla/go-feather-lib/pkg/integration/messaging/channel_messages.go:76.108,78.16 1 0
github.com/guidomantilla/go-feather-lib/pkg/integration/messaging/channel_messages.go:78.16,80.3 1 0
github.com/guidomantilla/go-feather-lib/pkg/integration/messaging/channel_messages.go:82.2,82.20 1 0
github.com/guidomantilla/go-feather-lib/pkg/integration/messaging/channel_messages.go:82.20,84.3 1 0
github.com/guidomantilla/go-feather-lib/pkg/integration/messaging/channel_messages.go:86.2,89.9 3 0
github.com/guidomantilla/go-feather-lib/pkg/integration/messaging/channel_messages.go:90.20,93.71 3 0
github.com/guidomantilla/go-feather-lib/pkg/integration/messaging/channel_messages.go:94.27,95.67 1 0
github.com/guidomantilla/go-feather-lib/pkg/integration/messaging/channel_messages.go:96.10,98.13 2 0
github.com/guidomantilla/go-feather-lib/pkg/integration/messaging/channel_messages.go:102.105,104.16 1 0
github.com/guidomantilla/go-feather-lib/pkg/integration/messaging/channel_messages.go:104.16,106.3 1 0
github.com/guidomantilla/go-feather-lib/pkg/integration/messaging/channel_messages.go:108.2,108.18 1 0
github.com/guidomantilla/go-feather-lib/pkg/integration/messaging/channel_messages.go:108.18,110.3 1 0
github.com/guidomantilla/go-feather-lib/pkg/integration/messaging/channel_messages.go:112.2,115.9 3 0
github.com/guidomantilla/go-feather-lib/pkg/integration/messaging/channel_messages.go:116.20,117.76 1 0
github.com/guidomantilla/go-feather-lib/pkg/integration/messaging/channel_messages.go:118.27,119.72 1 0
github.com/guidomantilla/go-feather-lib/pkg/integration/messaging/channel_messages.go:120.37,121.22 1 0
github.com/guidomantilla/go-feather-lib/pkg/integration/messaging/channel_messages.go:125.41,130.2 4 0
github.com/guidomantilla/go-feather-lib/pkg/integration/messaging/channel_messages.go:132.47,134.2 1 0
github.com/guidomantilla/go-feather-lib/pkg/integration/messaging/channel_receivers.go:19.123,26.2 3 0
github.com/guidomantilla/go-feather-lib/pkg/integration/messaging/channel_receivers.go:28.123,30.16 1 0
github.com/guidomantilla/go-feather-lib/pkg/integration/messaging/channel_receivers.go:30.16,32.3 1 0
github.com/guidomantilla/go-feather-lib/pkg/integration/messaging/channel_receivers.go:34.2,34.18 1 0
github.com/guidomantilla/go-feather-lib/pkg/integration/messaging/channel_receivers.go:34.18,36.3 1 0
github.com/guidomantilla/go-feather-lib/pkg/integration/messaging/channel_receivers.go:38.2,38.38 1 0
github.com/guidomantilla/go-feather-lib/pkg/integration/messaging/channel_receivers.go:41.65,43.2 1 0
github.com/guidomantilla/go-feather-lib/pkg/integration/messaging/channel_receivers.go:52.116,59.2 3 0
github.com/guidomantilla/go-feather-lib/pkg/integration/messaging/channel_receivers.go:61.119,63.16 1 0
github.com/guidomantilla/go-feather-lib/pkg/integration/messaging/channel_receivers.go:63.16,65.3 1 0
github.com/guidomantilla/go-feather-lib/pkg/integration/messaging/channel_receivers.go:67.2,67.18 1 0
github.com/guidomantilla/go-feather-lib/pkg/integration/messaging/channel_receivers.go:67.18,69.3 1 0
github.com/guidomantilla/go-feather-lib/pkg/integration/messaging/channel_receivers.go:71.2,71.47 1 0
github.com/guidomantilla/go-feather-lib/pkg/integration/messaging/channel_receivers.go:82.158,92.2 5 0
github.com/guidomantilla/go-feather-lib/pkg/integration/messaging/channel_receivers.go:94.124,96.16 1 0
github.com/guidomantilla/go-feather-lib/pkg/integration/messaging/channel_receivers.go:96.16,98.3 1 0
github.com/guidomantilla/go-feather-lib/pkg/integration/messaging/channel_receivers.go:100.2,100.18 1 0
github.com/guidomantilla/go-feather-lib/pkg/integration/messaging/channel_receivers.go:100.18,102.3 1 0
github.com/guidomantilla/go-feather-lib/pkg/integration/messaging/channel_receivers.go:104.2,106.71 3 0
github.com/guidomantilla/go-feather-lib/pkg/integration/messaging/channel_receivers.go:106.71,108.3 1 0
github.com/guidomantilla/go-feather-lib/pkg/integration/messaging/channel_receivers.go:110.2,110.47 1 0
github.com/guidomantilla/go-feather-lib/pkg/integration/messaging/channel_receivers.go:110.47,111.67 1 0
github.com/guidomantilla/go-feather-lib/pkg/integration/messaging/channel_receivers.go:111.67,113.4 1 0
github.com/guidomantilla/go-feather-lib/pkg/integration/messaging/channel_receivers.go:116.2,116.21 1 0
github.com/guidomantilla/go-feather-lib/pkg/integration/messaging/channel_receivers.go:120.66,122.2 1 0
github.com/guidomantilla/go-feather-lib/pkg/integration/messaging/channel_receivers.go:131.108,138.2 3 0
github.com/guidomantilla/go-feather-lib/pkg/integration/messaging/channel_receivers.go:140.115,142.16 1 0
github.com/guidomantilla/go-feather-lib/pkg/integration/messaging/channel_receivers.go:142.16,144.3 1 0
github.com/guidomantilla/go-feather-lib/pkg/integration/messaging/channel_receivers.go:146.2,146.18 1 0
github.com/guidomantilla/go-feather-lib/pkg/integration/messaging/channel_receivers.go:146.18,148.3 1 0
github.com/guidomantilla/go-feather-lib/pkg/integration/messaging/channel_receivers.go:150.2,154.42 4 0
github.com/guidomantilla/go-feather-lib/pkg/integration/messaging/channel_receivers.go:154.42,157.3 2 0
github.com/guidomantilla/go-feather-lib/pkg/integration/messaging/channel_receivers.go:159.2,159.9 1 0
github.com/guidomantilla/go-feather-lib/pkg/integration/messaging/channel_receivers.go:160.20,161.77 1 0
github.com/guidomantilla/go-feather-lib/pkg/integration/messaging/channel_receivers.go:162.34,163.40 1 0
github.com/guidomantilla/go-feather-lib/pkg/integration/messaging/channel_receivers.go:167.57,169.2 1 0
github.com/guidomantilla/go-feather-lib/pkg/integration/messaging/channel_receivers.go:176.65,181.2 1 0
github.com/guidomantilla/go-feather-lib/pkg/integration/messaging/channel_receivers.go:190.106,197.2 3 0
github.com/guidomantilla/go-feather-lib/pkg/integration/messaging/channel_receivers.go:199.114,201.16 1 0
github.com/guidomantilla/go-feather-lib/pkg/integration/messaging/channel_receivers.go:201.16,203.3 1 0
github.com/guidomantilla/go-feather-lib/pkg/integration/messaging/channel_receivers.go:205.2,205.18 1 0
github.com/guidomantilla/go-feather-lib/pkg/integration/messaging/channel_receivers.go:205.18,207.3 1 0
github.com/guidomantilla/go-feather-lib/pkg/integration/messaging/channel_receivers.go:209.2,212.71 4 0
github.com/guidomantilla/go-feather-lib/pkg/integration/messaging/channel_receivers.go:212.71,215.3 2 0
github.com/guidomantilla/go-feather-lib/pkg/integration/messaging/channel_receivers.go:217.2,218.21 2 0
github.com/guidomantilla/go-feather-lib/pkg/integration/messaging/channel_receivers.go:221.56,223.2 1 0
github.com/guidomantilla/go-feather-lib/pkg/integration/messaging/channel_senders.go:19.117,26.2 3 0
github.com/guidomantilla/go-feather-lib/pkg/integration/messaging/channel_senders.go:28.124,30.16 1 0
github.com/guidomantilla/go-feather-lib/pkg/integration/messaging/channel_senders.go:30.16,32.3 1 0
github.com/guidomantilla/go-feather-lib/pkg/integration/messaging/channel_senders.go:34.2,34.20 1 0
github.com/guidomantilla/go-feather-lib/pkg/integration/messaging/channel_senders.go:34.20,36.3 1 0
github.com/guidomantilla/go-feather-lib/pkg/integration/messaging/channel_senders.go:38.2,38.47 1 0
github.com/guidomantilla/go-feather-lib/pkg/integration/messaging/channel_senders.go:41.63,43.2 1 0
github.com/guidomantilla/go-feather-lib/pkg/integration/messaging/channel_senders.go:52.108,59.2 3 0
github.com/guidomantilla/go-feather-lib/pkg/integration/messaging/channel_senders.go:61.120,63.16 1 0
github.com/guidomantilla/go-feather-lib/pkg/integration/messaging/channel_senders.go:63.16,65.3 1 0
github.com/guidomantilla/go-feather-lib/pkg/integration/messaging/channel_senders.go:67.2,67.20 1 0
github.com/guidomantilla/go-feather-lib/pkg/integration/messaging/channel_senders.go:67.20,69.3 1 0
github.com/guidomantilla/go-feather-lib/pkg/integration/messaging/channel_senders.go:71.2,71.51 1 0
github.com/guidomantilla/go-feather-lib/pkg/integration/messaging/channel_senders.go:74.59,76.2 1 0
github.com/guidomantilla/go-feather-lib/pkg/integration/messaging/channel_senders.go:86.150,96.2 5 0
github.com/guidomantilla/go-feather-lib/pkg/integration/messaging/channel_senders.go:98.125,100.16 1 0
github.com/guidomantilla/go-feather-lib/pkg/integration/messaging/channel_senders.go:100.16,102.3 1 0
github.com/guidomantilla/go-feather-lib/pkg/integration/messaging/channel_senders.go:104.2,104.20 1 0
github.com/guidomantilla/go-feather-lib/pkg/integration/messaging/channel_senders.go:104.20,106.3 1 0
github.com/guidomantilla/go-feather-lib/pkg/integration/messaging/channel_senders.go:108.2,109.47 2 0
github.com/guidomantilla/go-feather-lib/pkg/integration/messaging/channel_senders.go:109.47,110.67 1 0
github.com/guidomantilla/go-feather-lib/pkg/integration/messaging/channel_senders.go:110.67,112.4 1 0
github.com/guidomantilla/go-feather-lib/pkg/integration/messaging/channel_senders.go:115.2,115.51 1 0
github.com/guidomantilla/go-feather-lib/pkg/integration/messaging/channel_senders.go:118.64,120.2 1 0
github.com/guidomantilla/go-feather-lib/pkg/integration/messaging/channel_senders.go:129.100,136.2 3 0
github.com/guidomantilla/go-feather-lib/pkg/integration/messaging/channel_senders.go:138.116,140.16 1 0
github.com/guidomantilla/go-feather-lib/pkg/integration/messaging/channel_senders.go:140.16,142.3 1 0
github.com/guidomantilla/go-feather-lib/pkg/integration/messaging/channel_senders.go:144.2,144.20 1 0
github.com/guidomantilla/go-feather-lib/pkg/integration/messaging/channel_senders.go:144.20,146.3 1 0
github.com/guidomantilla/go-feather-lib/pkg/integration/messaging/channel_senders.go:148.2,152.30 4 0
github.com/guidomantilla/go-feather-lib/pkg/integration/messaging/channel_senders.go:152.30,155.3 2 0
github.com/guidomantilla/go-feather-lib/pkg/integration/messaging/channel_senders.go:157.2,157.9 1 0
github.com/guidomantilla/go-feather-lib/pkg/integration/messaging/channel_senders.go:158.20,161.70 3 0
github.com/guidomantilla/go-feather-lib/pkg/integration/messaging/channel_senders.go:162.24,163.13 1 0
github.com/guidomantilla/go-feather-lib/pkg/integration/messaging/channel_senders.go:167.55,169.2 1 0
github.com/guidomantilla/go-feather-lib/pkg/integration/messaging/channel_senders.go:178.98,185.2 3 0
github.com/guidomantilla/go-feather-lib/pkg/integration/messaging/channel_senders.go:187.115,189.16 1 0
github.com/guidomantilla/go-feather-lib/pkg/integration/messaging/channel_senders.go:189.16,191.3 1 0
github.com/guidomantilla/go-feather-lib/pkg/integration/messaging/channel_senders.go:193.2,193.20 1 0
github.com/guidomantilla/go-feather-lib/pkg/integration/messaging/channel_senders.go:193.20,195.3 1 0
github.com/guidomantilla/go-feather-lib/pkg/integration/messaging/channel_senders.go:197.2,198.67 2 0
github.com/guidomantilla/go-feather-lib/pkg/integration/messaging/channel_senders.go:198.67,201.3 2 0
github.com/guidomantilla/go-feather-lib/pkg/integration/messaging/channel_senders.go:203.2,204.12 2 0
github.com/guidomantilla/go-feather-lib/pkg/integration/messaging/channel_senders.go:207.54,209.2 1 0
github.com/guidomantilla/go-feather-lib/pkg/integration/messaging/errors.go:9.46,11.2 1 0
github.com/guidomantilla/go-feather-lib/pkg/integration/messaging/errors.go:13.52,15.2 1 0
github.com/guidomantilla/go-feather-lib/pkg/integration/messaging/errors.go:17.52,19.2 1 0
github.com/guidomantilla/go-feather-lib/pkg/integration/messaging/headers.go:42.61,68.33 12 0
github.com/guidomantilla/go-feather-lib/pkg/integration/messaging/headers.go:68.33,70.3 1 0
github.com/guidomantilla/go-feather-lib/pkg/integration/messaging/headers.go:72.2,72.16 1 0
github.com/guidomantilla/go-feather-lib/pkg/integration/messaging/headers.go:75.67,78.2 2 0
github.com/guidomantilla/go-feather-lib/pkg/integration/messaging/headers.go:82.44,84.2 1 0
github.com/guidomantilla/go-feather-lib/pkg/integration/messaging/headers.go:86.50,88.2 1 0
github.com/guidomantilla/go-feather-lib/pkg/integration/messaging/headers.go:90.51,93.2 2 0
github.com/guidomantilla/go-feather-lib/pkg/integration/messaging/headers.go:95.44,98.2 2 0
github.com/guidomantilla/go-feather-lib/pkg/integration/messaging/headers.go:100.56,103.2 2 0
github.com/guidomantilla/go-feather-lib/pkg/integration/messaging/headers.go:105.50,107.2 1 0
github.com/guidomantilla/go-feather-lib/pkg/integration/messaging/headers.go:109.52,111.2 1 0
github.com/guidomantilla/go-feather-lib/pkg/integration/messaging/headers.go:113.57,115.2 1 0
github.com/guidomantilla/go-feather-lib/pkg/integration/messaging/headers.go:117.51,119.2 1 0
github.com/guidomantilla/go-feather-lib/pkg/integration/messaging/headers.go:121.51,123.2 1 0
github.com/guidomantilla/go-feather-lib/pkg/integration/messaging/headers.go:127.64,130.35 2 0
github.com/guidomantilla/go-feather-lib/pkg/integration/messaging/headers.go:130.35,132.3 1 0
github.com/guidomantilla/go-feather-lib/pkg/integration/messaging/headers.go:134.2,135.26 2 0
github.com/guidomantilla/go-feather-lib/pkg/integration/messaging/headers.go:135.26,137.3 1 0
github.com/guidomantilla/go-feather-lib/pkg/integration/messaging/headers.go:138.2,138.35 1 0
github.com/guidomantilla/go-feather-lib/pkg/integration/messaging/headers.go:138.35,140.3 1 0
github.com/guidomantilla/go-feather-lib/pkg/integration/messaging/headers.go:141.2,141.33 1 0
github.com/guidomantilla/go-feather-lib/pkg/integration/messaging/headers.go:141.33,143.3 1 0
github.com/guidomantilla/go-feather-lib/pkg/integration/messaging/headers.go:144.2,144.31 1 0
github.com/guidomantilla/go-feather-lib/pkg/integration/messaging/headers.go:144.31,146.3 1 0
github.com/guidomantilla/go-feather-lib/pkg/integration/messaging/headers.go:147.2,147.41 1 0
github.com/guidomantilla/go-feather-lib/pkg/integration/messaging/headers.go:147.41,149.3 1 0
github.com/guidomantilla/go-feather-lib/pkg/integration/messaging/headers.go:150.2,150.35 1 0
github.com/guidomantilla/go-feather-lib/pkg/integration/messaging/headers.go:150.35,152.3 1 0
github.com/guidomantilla/go-feather-lib/pkg/integration/messaging/headers.go:153.2,153.37 1 0
github.com/guidomantilla/go-feather-lib/pkg/integration/messaging/headers.go:153.37,155.3 1 0
github.com/guidomantilla/go-feather-lib/pkg/integration/messaging/headers.go:156.2,156.42 1 0
github.com/guidomantilla/go-feather-lib/pkg/integration/messaging/headers.go:156.42,158.3 1 0
github.com/guidomantilla/go-feather-lib/pkg/integration/messaging/headers.go:159.2,159.36 1 0
github.com/guidomantilla/go-feather-lib/pkg/integration/messaging/headers.go:159.36,161.3 1 0
github.com/guidomantilla/go-feather-lib/pkg/integration/messaging/headers.go:162.2,162.36 1 0
github.com/guidomantilla/go-feather-lib/pkg/integration/messaging/headers.go:162.36,164.3 1 0
github.com/guidomantilla/go-feather-lib/pkg/integration/messaging/headers.go:166.2,166.36 1 0
github.com/guidomantilla/go-feather-lib/pkg/integration/messaging/headers.go:169.57,171.2 1 0
github.com/guidomantilla/go-feather-lib/pkg/integration/messaging/headers.go:173.55,175.2 1 0
github.com/guidomantilla/go-feather-lib/pkg/integration/messaging/headers.go:177.45,179.2 1 0
github.com/guidomantilla/go-feather-lib/pkg/integration/messaging/headers_options.go:16.41,17.31 1 0
github.com/guidomantilla/go-feather-lib/pkg/integration/messaging/headers_options.go:17.32,18.3 0 0
github.com/guidomantilla/go-feather-lib/pkg/integration/messaging/headers_options.go:21.72,27.41 3 0
github.com/guidomantilla/go-feather-lib/pkg/integration/messaging/headers_options.go:27.41,29.3 1 0
github.com/guidomantilla/go-feather-lib/pkg/integration/messaging/headers_options.go:30.2,30.24 1 0
github.com/guidomantilla/go-feather-lib/pkg/integration/messaging/headers_options.go:33.63,34.31 1 0
github.com/guidomantilla/go-feather-lib/pkg/integration/messaging/headers_options.go:34.31,35.21 1 0
github.com/guidomantilla/go-feather-lib/pkg/integration/messaging/headers_options.go:35.21,37.4 1 0
github.com/guidomantilla/go-feather-lib/pkg/integration/messaging/headers_options.go:41.78,42.31 1 0
github.com/guidomantilla/go-feather-lib/pkg/integration/messaging/headers_options.go:42.31,43.43 1 0
github.com/guidomantilla/go-feather-lib/pkg/integration/messaging/headers_options.go:43.43,45.4 1 0
github.com/guidomantilla/go-feather-lib/pkg/integration/messaging/headers_options.go:49.77,50.31 1 0
github.com/guidomantilla/go-feather-lib/pkg/integration/messaging/headers_options.go:50.31,51.26 1 0
github.com/guidomantilla/go-feather-lib/pkg/integration/messaging/headers_options.go:51.26,53.4 1 0
github.com/guidomantilla/go-feather-lib/pkg/integration/messaging/headers_options.go:57.68,58.31 1 0
github.com/guidomantilla/go-feather-lib/pkg/integration/messaging/headers_options.go:58.31,60.3 1 0
github.com/guidomantilla/go-feather-lib/pkg/integration/messaging/headers_options.go:63.83,64.31 1 0
github.com/guidomantilla/go-feather-lib/pkg/integration/messaging/headers_options.go:64.31,65.21 1 0
github.com/guidomantilla/go-feather-lib/pkg/integration/messaging/headers_options.go:65.21,67.4 1 0
github.com/guidomantilla/go-feather-lib/pkg/integration/messaging/headers_options.go:71.78,72.31 1 0
github.com/guidomantilla/go-feather-lib/pkg/integration/messaging/headers_options.go:72.31,73.43 1 0
github.com/guidomantilla/go-feather-lib/pkg/integration/messaging/headers_options.go:73.43,75.4 1 0
github.com/guidomantilla/go-feather-lib/pkg/integration/messaging/headers_options.go:79.82,80.31 1 0
github.com/guidomantilla/go-feather-lib/pkg/integration/messaging/headers_options.go:80.31,81.45 1 0
github.com/guidomantilla/go-feather-lib/pkg/integration/messaging/headers_options.go:81.45,83.4 1 0
github.com/guidomantilla/go-feather-lib/pkg/integration/messaging/headers_options.go:87.92,88.31 1 0
github.com/guidomantilla/go-feather-lib/pkg/integration/messaging/headers_options.go:88.31,89.50 1 0
github.com/guidomantilla/go-feather-lib/pkg/integration/messaging/headers_options.go:89.50,91.4 1 0
github.com/guidomantilla/go-feather-lib/pkg/integration/messaging/headers_options.go:95.80,96.31 1 0
github.com/guidomantilla/go-feather-lib/pkg/integration/messaging/headers_options.go:96.31,97.25 1 0
github.com/guidomantilla/go-feather-lib/pkg/integration/messaging/headers_options.go:97.25,99.4 1 0
github.com/guidomantilla/go-feather-lib/pkg/integration/messaging/headers_options.go:103.80,104.31 1 0
github.com/guidomantilla/go-feather-lib/pkg/integration/messaging/headers_options.go:104.31,105.25 1 0
github.com/guidomantilla/go-feather-lib/pkg/integration/messaging/headers_options.go:105.25,107.4 1 0
github.com/guidomantilla/go-feather-lib/pkg/integration/messaging/headers_options.go:111.81,112.31 1 0
github.com/guidomantilla/go-feather-lib/pkg/integration/messaging/headers_options.go:112.31,113.74 1 0
github.com/guidomantilla/go-feather-lib/pkg/integration/messaging/headers_options.go:113.74,115.4 1 0
github.com/guidomantilla/go-feather-lib/pkg/integration/messaging/headers_options_chain.go:13.55,17.2 1 0
github.com/guidomantilla/go-feather-lib/pkg/integration/messaging/headers_options_chain.go:19.64,20.31 1 0
github.com/guidomantilla/go-feather-lib/pkg/integration/messaging/headers_options_chain.go:20.31,21.40 1 0
github.com/guidomantilla/go-feather-lib/pkg/integration/messaging/headers_options_chain.go:21.40,23.4 1 0
github.com/guidomantilla/go-feather-lib/pkg/integration/messaging/headers_options_chain.go:27.78,30.2 2 0
github.com/guidomantilla/go-feather-lib/pkg/integration/messaging/headers_options_chain.go:32.93,35.2 2 0
github.com/guidomantilla/go-feather-lib/pkg/integration/messaging/headers_options_chain.go:37.92,40.2 2 0
github.com/guidomantilla/go-feather-lib/pkg/integration/messaging/headers_options_chain.go:42.83,45.2 2 0
github.com/guidomantilla/go-feather-lib/pkg/integration/messaging/headers_options_chain.go:47.98,50.2 2 0
github.com/guidomantilla/go-feather-lib/pkg/integration/messaging/headers_options_chain.go:52.93,55.2 2 0
github.com/guidomantilla/go-feather-lib/pkg/integration/messaging/headers_options_chain.go:57.97,60.2 2 0
github.com/guidomantilla/go-feather-lib/pkg/integration/messaging/headers_options_chain.go:62.107,65.2 2 0
github.com/guidomantilla/go-feather-lib/pkg/integration/messaging/headers_options_chain.go:67.95,70.2 2 0
github.com/guidomantilla/go-feather-lib/pkg/integration/messaging/headers_options_chain.go:72.95,75.2 2 0
github.com/guidomantilla/go-feather-lib/pkg/integration/messaging/headers_options_chain.go:77.96,80.2 2 0
github.com/guidomantilla/go-feather-lib/pkg/integration/messaging/headers_validator.go:15.109,20.2 2 0
github.com/guidomantilla/go-feather-lib/pkg/integration/messaging/headers_validator.go:22.104,24.2 1 0
github.com/guidomantilla/go-feather-lib/pkg/integration/messaging/message.go:14.72,21.2 3 0
github.com/guidomantilla/go-feather-lib/pkg/integration/messaging/message.go:23.50,25.2 1 0
github.com/guidomantilla/go-feather-lib/pkg/integration/messaging/message.go:27.44,29.2 1 0
github.com/guidomantilla/go-feather-lib/pkg/integration/messaging/message.go:31.48,33.2 1 0
github.com/guidomantilla/go-feather-lib/pkg/integration/messaging/message.go:43.91,51.2 3 0
github.com/guidomantilla/go-feather-lib/pkg/integration/messaging/message.go:53.48,55.2 1 0
github.com/guidomantilla/go-feather-lib/pkg/integration/messaging/message.go:57.51,59.2 1 0
github.com/guidomantilla/go-feather-lib/pkg/integration/messaging/message.go:61.52,63.2 1 0
github.com/guidomantilla/go-feather-lib/pkg/integration/messaging/message.go:65.50,67.2 1 0
github.com/guidomantilla/go-feather-lib/pkg/integration/messaging/message.go:69.49,71.2 1 0
github.com/guidomantilla/go-feather-lib/pkg/integration/messaging/message.go:81.113,90.2 4 0
github.com/guidomantilla/go-feather-lib/pkg/integration/messaging/message.go:92.55,94.2 1 0
github.com/guidomantilla/go-feather-lib/pkg/integration/messaging/message.go:96.60,98.2 1 0
github.com/guidomantilla/go-feather-lib/pkg/integration/messaging/message.go:100.58,102.2 1 0
github.com/guidomantilla/go-feather-lib/pkg/integration/messaging/message.go:104.53,106.2 1 0
github.com/guidomantilla/go-feather-lib/pkg/integration/messaging/types.go:14.96,18.2 1 0
github.com/guidomantilla/go-feather-lib/pkg/integration/messaging/types.go:20.120,22.2 1 0
github.com/guidomantilla/go-feather-lib/pkg/messaging/rabbitmq/connection.go:22.139,32.2 4 0
github.com/guidomantilla/go-feather-lib/pkg/messaging/rabbitmq/connection.go:34.55,39.71 3 0
github.com/guidomantilla/go-feather-lib/pkg/messaging/rabbitmq/connection.go:39.71,42.3 2 0
github.com/guidomantilla/go-feather-lib/pkg/messaging/rabbitmq/connection.go:44.2,45.68 1 0
github.com/guidomantilla/go-feather-lib/pkg/messaging/rabbitmq/connection.go:45.68,47.4 1 0
github.com/guidomantilla/go-feather-lib/pkg/messaging/rabbitmq/connection.go:50.2,50.16 1 0
github.com/guidomantilla/go-feather-lib/pkg/messaging/rabbitmq/connection.go:50.16,53.3 2 0
github.com/guidomantilla/go-feather-lib/pkg/messaging/rabbitmq/connection.go:55.2,55.35 1 0
github.com/guidomantilla/go-feather-lib/pkg/messaging/rabbitmq/connection.go:58.50,61.100 2 0
github.com/guidomantilla/go-feather-lib/pkg/messaging/rabbitmq/connection.go:61.100,63.3 1 0
github.com/guidomantilla/go-feather-lib/pkg/messaging/rabbitmq/connection.go:65.2,67.12 2 0
github.com/guidomantilla/go-feather-lib/pkg/messaging/rabbitmq/connection.go:70.42,73.71 2 0
github.com/guidomantilla/go-feather-lib/pkg/messaging/rabbitmq/connection.go:73.71,75.55 2 0
github.com/guidomantilla/go-feather-lib/pkg/messaging/rabbitmq/connection.go:75.55,77.4 1 0
github.com/guidomantilla/go-feather-lib/pkg/messaging/rabbitmq/connection.go:79.2,80.102 2 0
github.com/guidomantilla/go-feather-lib/pkg/messaging/rabbitmq/connection.go:83.62,85.2 1 0
github.com/guidomantilla/go-feather-lib/pkg/messaging/rabbitmq/connection_dialers.go:12.64,13.52 1 0
github.com/guidomantilla/go-feather-lib/pkg/messaging/rabbitmq/connection_dialers.go:13.52,15.3 1 0
github.com/guidomantilla/go-feather-lib/pkg/messaging/rabbitmq/connection_dialers.go:18.84,19.52 1 0
github.com/guidomantilla/go-feather-lib/pkg/messaging/rabbitmq/connection_dialers.go:19.52,21.3 1 0
github.com/guidomantilla/go-feather-lib/pkg/messaging/rabbitmq/connection_dialers.go:24.70,25.55 1 0
github.com/guidomantilla/go-feather-lib/pkg/messaging/rabbitmq/connection_dialers.go:25.55,27.3 1 0
github.com/guidomantilla/go-feather-lib/pkg/messaging/rabbitmq/connection_dialers.go:30.92,31.55 1 0
github.com/guidomantilla/go-feather-lib/pkg/messaging/rabbitmq/connection_dialers.go:31.55,33.3 1 0
github.com/guidomantilla/go-feather-lib/pkg/messaging/rabbitmq/consumer_amqp.go:34.132,52.33 4 0
github.com/guidomantilla/go-feather-lib/pkg/messaging/rabbitmq/consumer_amqp.go:52.33,54.3 1 0
github.com/guidomantilla/go-feather-lib/pkg/messaging/rabbitmq/consumer_amqp.go:55.2,57.17 2 0
github.com/guidomantilla/go-feather-lib/pkg/messaging/rabbitmq/consumer_amqp.go:60.85,67.65 5 0
github.com/guidomantilla/go-feather-lib/pkg/messaging/rabbitmq/consumer_amqp.go:67.65,70.3 2 0
github.com/guidomantilla/go-feather-lib/pkg/messaging/rabbitmq/consumer_amqp.go:72.2,72.64 1 0
github.com/guidomantilla/go-feather-lib/pkg/messaging/rabbitmq/consumer_amqp.go:72.64,73.63 1 0
github.com/guidomantilla/go-feather-lib/pkg/messaging/rabbitmq/consumer_amqp.go:73.63,76.4 2 0
github.com/guidomantilla/go-feather-lib/pkg/messaging/rabbitmq/consumer_amqp.go:79.2,79.175 1 0
github.com/guidomantilla/go-feather-lib/pkg/messaging/rabbitmq/consumer_amqp.go:79.175,82.3 2 0
github.com/guidomantilla/go-feather-lib/pkg/messaging/rabbitmq/consumer_amqp.go:84.2,87.198 3 0
github.com/guidomantilla/go-feather-lib/pkg/messaging/rabbitmq/consumer_amqp.go:87.198,90.3 2 0
github.com/guidomantilla/go-feather-lib/pkg/messaging/rabbitmq/consumer_amqp.go:92.2,93.152 2 0
github.com/guidomantilla/go-feather-lib/pkg/messaging/rabbitmq/consumer_amqp.go:93.152,95.35 2 0
github.com/guidomantilla/go-feather-lib/pkg/messaging/rabbitmq/consumer_amqp.go:95.35,96.56 1 0
github.com/guidomantilla/go-feather-lib/pkg/messaging/rabbitmq/consumer_amqp.go:96.56,98.61 2 0
github.com/guidomantilla/go-feather-lib/pkg/messaging/rabbitmq/consumer_amqp.go:98.61,100.54 2 0
github.com/guidomantilla/go-feather-lib/pkg/messaging/rabbitmq/consumer_amqp.go:100.54,102.7 1 0
github.com/guidomantilla/go-feather-lib/pkg/messaging/rabbitmq/consumer_amqp.go:103.6,104.12 2 0
github.com/guidomantilla/go-feather-lib/pkg/messaging/rabbitmq/consumer_amqp.go:106.5,106.46 1 0
github.com/guidomantilla/go-feather-lib/pkg/messaging/rabbitmq/consumer_amqp.go:106.46,109.6 2 0
github.com/guidomantilla/go-feather-lib/pkg/messaging/rabbitmq/consumer_amqp.go:110.5,110.79 1 0
github.com/guidomantilla/go-feather-lib/pkg/messaging/rabbitmq/consumer_amqp.go:113.3,113.40 1 0
github.com/guidomantilla/go-feather-lib/pkg/messaging/rabbitmq/consumer_amqp.go:113.40,116.4 2 0
github.com/guidomantilla/go-feather-lib/pkg/messaging/rabbitmq/consumer_amqp.go:117.3,118.81 2 0
github.com/guidomantilla/go-feather-lib/pkg/messaging/rabbitmq/consumer_amqp.go:121.2,122.26 2 0
github.com/guidomantilla/go-feather-lib/pkg/messaging/rabbitmq/consumer_amqp.go:125.39,128.61 2 0
github.com/guidomantilla/go-feather-lib/pkg/messaging/rabbitmq/consumer_amqp.go:128.61,130.50 2 0
github.com/guidomantilla/go-feather-lib/pkg/messaging/rabbitmq/consumer_amqp.go:130.50,132.4 1 0
github.com/guidomantilla/go-feather-lib/pkg/messaging/rabbitmq/consumer_amqp.go:134.2,136.92 3 0
github.com/guidomantilla/go-feather-lib/pkg/messaging/rabbitmq/consumer_amqp.go:139.59,141.2 1 0
github.com/guidomantilla/go-feather-lib/pkg/messaging/rabbitmq/consumer_amqp.go:143.63,144.53 1 0
github.com/guidomantilla/go-feather-lib/pkg/messaging/rabbitmq/consumer_amqp.go:144.53,146.3 1 0
github.com/guidomantilla/go-feather-lib/pkg/messaging/rabbitmq/consumer_amqp.go:148.2,148.18 1 0
github.com/guidomantilla/go-feather-lib/pkg/messaging/rabbitmq/consumer_amqp.go:149.18,150.19 1 0
github.com/guidomantilla/go-feather-lib/pkg/messaging/rabbitmq/consumer_amqp.go:150.19,152.4 1 0
github.com/guidomantilla/go-feather-lib/pkg/messaging/rabbitmq/consumer_amqp.go:153.17,154.34 1 0
github.com/guidomantilla/go-feather-lib/pkg/messaging/rabbitmq/consumer_amqp.go:155.17,156.34 1 0
github.com/guidomantilla/go-feather-lib/pkg/messaging/rabbitmq/consumer_amqp.go:157.17,158.34 1 0
github.com/guidomantilla/go-feather-lib/pkg/messaging/rabbitmq/consumer_amqp.go:159.20,160.37 1 0
github.com/guidomantilla/go-feather-lib/pkg/messaging/rabbitmq/consumer_amqp.go:161.19,162.36 1 0
github.com/guidomantilla/go-feather-lib/pkg/messaging/rabbitmq/consumer_amqp.go:163.16,164.33 1 0
github.com/guidomantilla/go-feather-lib/pkg/messaging/rabbitmq/consumer_amqp.go:165.14,166.19 1 0
github.com/guidomantilla/go-feather-lib/pkg/messaging/rabbitmq/consumer_amqp.go:166.19,168.4 1 0
github.com/guidomantilla/go-feather-lib/pkg/messaging/rabbitmq/consumer_amqp_options.go:11.51,12.43 1 0
github.com/guidomantilla/go-feather-lib/pkg/messaging/rabbitmq/consumer_amqp_options.go:12.44,13.3 0 0
github.com/guidomantilla/go-feather-lib/pkg/messaging/rabbitmq/consumer_amqp_options.go:18.122,19.43 1 0
github.com/guidomantilla/go-feather-lib/pkg/messaging/rabbitmq/consumer_amqp_options.go:19.43,21.3 1 0
github.com/guidomantilla/go-feather-lib/pkg/messaging/rabbitmq/consumer_amqp_options.go:24.82,25.43 1 0
github.com/guidomantilla/go-feather-lib/pkg/messaging/rabbitmq/consumer_amqp_options.go:25.43,27.3 1 0
github.com/guidomantilla/go-feather-lib/pkg/messaging/rabbitmq/consumer_amqp_options.go:30.82,31.43 1 0
github.com/guidomantilla/go-feather-lib/pkg/messaging/rabbitmq/consumer_amqp_options.go:31.43,33.3 1 0
github.com/guidomantilla/go-feather-lib/pkg/messaging/rabbitmq/consumer_amqp_options.go:36.82,37.43 1 0
github.com/guidomantilla/go-feather-lib/pkg/messaging/rabbitmq/consumer_amqp_options.go:37.43,39.3 1 0
github.com/guidomantilla/go-feather-lib/pkg/messaging/rabbitmq/consumer_amqp_options.go:42.88,43.43 1 0
github.com/guidomantilla/go-feather-lib/pkg/messaging/rabbitmq/consumer_amqp_options.go:43.43,45.3 1 0
github.com/guidomantilla/go-feather-lib/pkg/messaging/rabbitmq/consumer_amqp_options.go:48.86,49.43 1 0
github.com/guidomantilla/go-feather-lib/pkg/messaging/rabbitmq/consumer_amqp_options.go:49.43,51.3 1 0
github.com/guidomantilla/go-feather-lib/pkg/messaging/rabbitmq/consumer_amqp_options.go:54.80,55.43 1 0
github.com/guidomantilla/go-feather-lib/pkg/messaging/rabbitmq/consumer_amqp_options.go:55.43,57.3 1 0
github.com/guidomantilla/go-feather-lib/pkg/messaging/rabbitmq/consumer_amqp_options.go:60.82,61.43 1 0
github.com/guidomantilla/go-feather-lib/pkg/messaging/rabbitmq/consumer_amqp_options.go:61.43,63.3 1 0
github.com/guidomantilla/go-feather-lib/pkg/messaging/rabbitmq/consumer_amqp_options_chain.go:13.66,17.2 1 0
github.com/guidomantilla/go-feather-lib/pkg/messaging/rabbitmq/consumer_amqp_options_chain.go:19.70,20.43 1 0
github.com/guidomantilla/go-feather-lib/pkg/messaging/rabbitmq/consumer_amqp_options_chain.go:20.43,21.40 1 0
github.com/guidomantilla/go-feather-lib/pkg/messaging/rabbitmq/consumer_amqp_options_chain.go:21.40,23.4 1 0
github.com/guidomantilla/go-feather-lib/pkg/messaging/rabbitmq/consumer_amqp_options_chain.go:27.134,30.2 2 0
github.com/guidomantilla/go-feather-lib/pkg/messaging/rabbitmq/consumer_amqp_options_chain.go:32.94,35.2 2 0
github.com/guidomantilla/go-feather-lib/pkg/messaging/rabbitmq/consumer_amqp_options_chain.go:37.94,40.2 2 0
github.com/guidomantilla/go-feather-lib/pkg/messaging/rabbitmq/consumer_amqp_options_chain.go:42.94,45.2 2 0
github.com/guidomantilla/go-feather-lib/pkg/messaging/rabbitmq/consumer_amqp_options_chain.go:47.100,50.2 2 0
github.com/guidomantilla/go-feather-lib/pkg/messaging/rabbitmq/consumer_amqp_options_chain.go:52.98,55.2 2 0
github.com/guidomantilla/go-feather-lib/pkg/messaging/rabbitmq/consumer_amqp_options_chain.go:57.92,60.2 2 0
github.com/guidomantilla/go-feather-lib/pkg/messaging/rabbitmq/consumer_amqp_options_chain.go:62.94,65.2 2 0
github.com/guidomantilla/go-feather-lib/pkg/messaging/rabbitmq/consumer_streams.go:30.144,42.88 4 0
github.com/guidomantilla/go-feather-lib/pkg/messaging/rabbitmq/consumer_streams.go:42.88,43.75 1 0
github.com/guidomantilla/go-feather-lib/pkg/messaging/rabbitmq/consumer_streams.go:43.75,46.60 3 0
github.com/guidomantilla/go-feather-lib/pkg/messaging/rabbitmq/consumer_streams.go:46.60,49.6 2 0
github.com/guidomantilla/go-feather-lib/pkg/messaging/rabbitmq/consumer_streams.go:54.2,54.33 1 0
github.com/guidomantilla/go-feather-lib/pkg/messaging/rabbitmq/consumer_streams.go:54.33,56.3 1 0
github.com/guidomantilla/go-feather-lib/pkg/messaging/rabbitmq/consumer_streams.go:58.2,61.17 3 0
github.com/guidomantilla/go-feather-lib/pkg/messaging/rabbitmq/consumer_streams.go:64.87,69.73 4 0
github.com/guidomantilla/go-feather-lib/pkg/messaging/rabbitmq/consumer_streams.go:69.73,72.3 2 0
github.com/guidomantilla/go-feather-lib/pkg/messaging/rabbitmq/consumer_streams.go:74.2,75.84 2 0
github.com/guidomantilla/go-feather-lib/pkg/messaging/rabbitmq/consumer_streams.go:75.84,78.3 2 0
github.com/guidomantilla/go-feather-lib/pkg/messaging/rabbitmq/consumer_streams.go:80.2,80.19 1 0
github.com/guidomantilla/go-feather-lib/pkg/messaging/rabbitmq/consumer_streams.go:80.19,81.95 1 0
github.com/guidomantilla/go-feather-lib/pkg/messaging/rabbitmq/consumer_streams.go:81.95,84.4 2 0
github.com/guidomantilla/go-feather-lib/pkg/messaging/rabbitmq/consumer_streams.go:87.2,90.101 3 0
github.com/guidomantilla/go-feather-lib/pkg/messaging/rabbitmq/consumer_streams.go:90.101,91.49 1 0
github.com/guidomantilla/go-feather-lib/pkg/messaging/rabbitmq/consumer_streams.go:91.49,95.4 3 0
github.com/guidomantilla/go-feather-lib/pkg/messaging/rabbitmq/consumer_streams.go:95.9,99.4 3 0
github.com/guidomantilla/go-feather-lib/pkg/messaging/rabbitmq/consumer_streams.go:102.2,103.129 2 0
github.com/guidomantilla/go-feather-lib/pkg/messaging/rabbitmq/consumer_streams.go:103.129,106.3 2 0
github.com/guidomantilla/go-feather-lib/pkg/messaging/rabbitmq/consumer_streams.go:108.2,109.91 2 0
github.com/guidomantilla/go-feather-lib/pkg/messaging/rabbitmq/consumer_streams.go:109.91,111.36 2 0
github.com/guidomantilla/go-feather-lib/pkg/messaging/rabbitmq/consumer_streams.go:111.36,112.49 1 0
github.com/guidomantilla/go-feather-lib/pkg/messaging/rabbitmq/consumer_streams.go:112.49,115.5 2 0
github.com/guidomantilla/go-feather-lib/pkg/messaging/rabbitmq/consumer_streams.go:116.4,116.42 1 0
github.com/guidomantilla/go-feather-lib/pkg/messaging/rabbitmq/consumer_streams.go:116.42,119.5 2 0
github.com/guidomantilla/go-feather-lib/pkg/messaging/rabbitmq/consumer_streams.go:120.4,120.23 1 0
github.com/guidomantilla/go-feather-lib/pkg/messaging/rabbitmq/consumer_streams.go:122.3,122.91 1 0
github.com/guidomantilla/go-feather-lib/pkg/messaging/rabbitmq/consumer_streams.go:125.2,126.26 2 0
github.com/guidomantilla/go-feather-lib/pkg/messaging/rabbitmq/consumer_streams.go:129.41,132.67 2 0
github.com/guidomantilla/go-feather-lib/pkg/messaging/rabbitmq/consumer_streams.go:132.67,134.53 2 0
github.com/guidomantilla/go-feather-lib/pkg/messaging/rabbitmq/consumer_streams.go:134.53,136.4 1 0
github.com/guidomantilla/go-feather-lib/pkg/messaging/rabbitmq/consumer_streams.go:138.2,140.100 3 0
github.com/guidomantilla/go-feather-lib/pkg/messaging/rabbitmq/consumer_streams.go:143.61,145.2 1 0
github.com/guidomantilla/go-feather-lib/pkg/messaging/rabbitmq/consumer_streams.go:147.66,149.2 0 0
github.com/guidomantilla/go-feather-lib/pkg/messaging/rabbitmq/consumer_streams_options.go:16.57,17.41 1 0
github.com/guidomantilla/go-feather-lib/pkg/messaging/rabbitmq/consumer_streams_options.go:17.42,18.3 0 0
github.com/guidomantilla/go-feather-lib/pkg/messaging/rabbitmq/consumer_streams_options.go:23.112,24.41 1 0
github.com/guidomantilla/go-feather-lib/pkg/messaging/rabbitmq/consumer_streams_options.go:24.41,26.3 1 0
github.com/guidomantilla/go-feather-lib/pkg/messaging/rabbitmq/consumer_streams_options.go:29.116,30.41 1 0
github.com/guidomantilla/go-feather-lib/pkg/messaging/rabbitmq/consumer_streams_options.go:30.41,32.3 1 0
github.com/guidomantilla/go-feather-lib/pkg/messaging/rabbitmq/consumer_streams_options.go:35.126,36.41 1 0
github.com/guidomantilla/go-feather-lib/pkg/messaging/rabbitmq/consumer_streams_options.go:36.41,38.98 2 0
github.com/guidomantilla/go-feather-lib/pkg/messaging/rabbitmq/consumer_streams_options.go:38.98,40.76 2 0
github.com/guidomantilla/go-feather-lib/pkg/messaging/rabbitmq/consumer_streams_options.go:40.76,42.5 1 0
github.com/guidomantilla/go-feather-lib/pkg/messaging/rabbitmq/consumer_streams_options_chain.go:14.72,18.2 1 0
github.com/guidomantilla/go-feather-lib/pkg/messaging/rabbitmq/consumer_streams_options_chain.go:20.76,21.41 1 0
github.com/guidomantilla/go-feather-lib/pkg/messaging/rabbitmq/consumer_streams_options_chain.go:21.41,22.40 1 0
github.com/guidomantilla/go-feather-lib/pkg/messaging/rabbitmq/consumer_streams_options_chain.go:22.40,24.4 1 0
github.com/guidomantilla/go-feather-lib/pkg/messaging/rabbitmq/consumer_streams_options_chain.go:28.124,31.2 2 0
github.com/guidomantilla/go-feather-lib/pkg/messaging/rabbitmq/consumer_streams_options_chain.go:33.128,36.2 2 0
github.com/guidomantilla/go-feather-lib/pkg/messaging/rabbitmq/consumer_streams_options_chain.go:38.138,41.2 2 0
github.com/guidomantilla/go-feather-lib/pkg/messaging/rabbitmq/context.go:18.123,33.33 9 0
github.com/guidomantilla/go-feather-lib/pkg/messaging/rabbitmq/context.go:33.33,35.3 1 0
github.com/guidomantilla/go-feather-lib/pkg/messaging/rabbitmq/context.go:37.2,37.50 1 0
github.com/guidomantilla/go-feather-lib/pkg/messaging/rabbitmq/context.go:37.50,39.3 1 0
github.com/guidomantilla/go-feather-lib/pkg/messaging/rabbitmq/context.go:41.2,41.50 1 0
github.com/guidomantilla/go-feather-lib/pkg/messaging/rabbitmq/context.go:41.50,43.3 1 0
github.com/guidomantilla/go-feather-lib/pkg/messaging/rabbitmq/context.go:45.2,45.16 1 0
github.com/guidomantilla/go-feather-lib/pkg/messaging/rabbitmq/context.go:48.39,50.2 1 0
github.com/guidomantilla/go-feather-lib/pkg/messaging/rabbitmq/context.go:52.42,54.50 1 0
github.com/guidomantilla/go-feather-lib/pkg/messaging/rabbitmq/context.go:54.50,56.3 1 0
github.com/guidomantilla/go-feather-lib/pkg/messaging/rabbitmq/context.go:58.2,58.50 1 0
github.com/guidomantilla/go-feather-lib/pkg/messaging/rabbitmq/context.go:58.50,60.3 1 0
github.com/guidomantilla/go-feather-lib/pkg/messaging/rabbitmq/context.go:62.2,62.23 1 0
github.com/guidomantilla/go-feather-lib/pkg/messaging/rabbitmq/context.go:65.61,66.53 1 0
github.com/guidomantilla/go-feather-lib/pkg/messaging/rabbitmq/context.go:66.53,68.3 1 0
github.com/guidomantilla/go-feather-lib/pkg/messaging/rabbitmq/context.go:70.2,70.18 1 0
github.com/guidomantilla/go-feather-lib/pkg/messaging/rabbitmq/context.go:71.17,72.45 1 0
github.com/guidomantilla/go-feather-lib/pkg/messaging/rabbitmq/context.go:73.15,74.43 1 0
github.com/guidomantilla/go-feather-lib/pkg/messaging/rabbitmq/context_options.go:7.40,8.41 1 0
github.com/guidomantilla/go-feather-lib/pkg/messaging/rabbitmq/context_options.go:8.42,9.3 0 0
github.com/guidomantilla/go-feather-lib/pkg/messaging/rabbitmq/context_options.go:14.73,15.41 1 0
github.com/guidomantilla/go-feather-lib/pkg/messaging/rabbitmq/context_options.go:15.41,17.3 1 0
github.com/guidomantilla/go-feather-lib/pkg/messaging/rabbitmq/context_options.go:20.69,21.41 1 0
github.com/guidomantilla/go-feather-lib/pkg/messaging/rabbitmq/context_options.go:21.41,23.3 1 0
github.com/guidomantilla/go-feather-lib/pkg/messaging/rabbitmq/context_options_chain.go:9.51,13.2 1 0
github.com/guidomantilla/go-feather-lib/pkg/messaging/rabbitmq/context_options_chain.go:15.60,16.41 1 0
github.com/guidomantilla/go-feather-lib/pkg/messaging/rabbitmq/context_options_chain.go:16.41,17.40 1 0
github.com/guidomantilla/go-feather-lib/pkg/messaging/rabbitmq/context_options_chain.go:17.40,19.4 1 0
github.com/guidomantilla/go-feather-lib/pkg/messaging/rabbitmq/context_options_chain.go:23.86,26.2 2 0
github.com/guidomantilla/go-feather-lib/pkg/messaging/rabbitmq/context_options_chain.go:28.82,31.2 2 0
github.com/guidomantilla/go-feather-lib/pkg/messaging/rabbitmq/listener_amqp.go:16.38,18.2 1 0
github.com/guidomantilla/go-feather-lib/pkg/messaging/rabbitmq/listener_amqp.go:20.92,25.2 3 0
github.com/guidomantilla/go-feather-lib/pkg/messaging/rabbitmq/listener_streams.go:17.44,19.2 1 0
github.com/guidomantilla/go-feather-lib/pkg/messaging/rabbitmq/listener_streams.go:21.94,25.23 3 0
github.com/guidomantilla/go-feather-lib/pkg/messaging/rabbitmq/listener_streams.go:25.23,27.3 1 0
github.com/guidomantilla/go-feather-lib/pkg/messaging/rabbitmq/listener_streams.go:28.2,31.12 4 0
github.com/guidomantilla/go-feather-lib/pkg/messaging/rabbitmq/producer_amqp.go:26.132,38.33 4 0
github.com/guidomantilla/go-feather-lib/pkg/messaging/rabbitmq/producer_amqp.go:38.33,40.3 1 0
github.com/guidomantilla/go-feather-lib/pkg/messaging/rabbitmq/producer_amqp.go:42.2,42.17 1 0
github.com/guidomantilla/go-feather-lib/pkg/messaging/rabbitmq/producer_amqp.go:45.92,51.65 5 0
github.com/guidomantilla/go-feather-lib/pkg/messaging/rabbitmq/producer_amqp.go:51.65,54.3 2 0
github.com/guidomantilla/go-feather-lib/pkg/messaging/rabbitmq/producer_amqp.go:56.2,56.64 1 0
github.com/guidomantilla/go-feather-lib/pkg/messaging/rabbitmq/producer_amqp.go:56.64,57.63 1 0
github.com/guidomantilla/go-feather-lib/pkg/messaging/rabbitmq/producer_amqp.go:57.63,60.4 2 0
github.com/guidomantilla/go-feather-lib/pkg/messaging/rabbitmq/producer_amqp.go:63.2,64.148 2 0
github.com/guidomantilla/go-feather-lib/pkg/messaging/rabbitmq/producer_amqp.go:64.148,67.3 2 0
github.com/guidomantilla/go-feather-lib/pkg/messaging/rabbitmq/producer_amqp.go:68.2,69.12 2 0
github.com/guidomantilla/go-feather-lib/pkg/messaging/rabbitmq/producer_amqp.go:72.39,75.61 2 0
github.com/guidomantilla/go-feather-lib/pkg/messaging/rabbitmq/producer_amqp.go:75.61,77.50 2 0
github.com/guidomantilla/go-feather-lib/pkg/messaging/rabbitmq/producer_amqp.go:77.50,79.4 1 0
github.com/guidomantilla/go-feather-lib/pkg/messaging/rabbitmq/producer_amqp.go:81.2,83.92 3 0
github.com/guidomantilla/go-feather-lib/pkg/messaging/rabbitmq/producer_amqp.go:86.59,88.2 1 0
github.com/guidomantilla/go-feather-lib/pkg/messaging/rabbitmq/producer_amqp_options.go:5.51,6.38 1 0
github.com/guidomantilla/go-feather-lib/pkg/messaging/rabbitmq/producer_amqp_options.go:6.39,7.3 0 0
github.com/guidomantilla/go-feather-lib/pkg/messaging/rabbitmq/producer_amqp_options.go:12.86,13.38 1 0
github.com/guidomantilla/go-feather-lib/pkg/messaging/rabbitmq/producer_amqp_options.go:13.38,15.3 1 0
github.com/guidomantilla/go-feather-lib/pkg/messaging/rabbitmq/producer_amqp_options.go:18.86,19.38 1 0
github.com/guidomantilla/go-feather-lib/pkg/messaging/rabbitmq/producer_amqp_options.go:19.38,21.3 1 0
github.com/guidomantilla/go-feather-lib/pkg/messaging/rabbitmq/producer_amqp_options.go:24.86,25.38 1 0
github.com/guidomantilla/go-feather-lib/pkg/messaging/rabbitmq/producer_amqp_options.go:25.38,27.3 1 0
github.com/guidomantilla/go-feather-lib/pkg/messaging/rabbitmq/producer_amqp_options_chain.go:7.66,11.2 1 0
github.com/guidomantilla/go-feather-lib/pkg/messaging/rabbitmq/producer_amqp_options_chain.go:13.70,14.38 1 0
github.com/guidomantilla/go-feather-lib/pkg/messaging/rabbitmq/producer_amqp_options_chain.go:14.38,15.40 1 0
github.com/guidomantilla/go-feather-lib/pkg/messaging/rabbitmq/producer_amqp_options_chain.go:15.40,17.4 1 0
github.com/guidomantilla/go-feather-lib/pkg/messaging/rabbitmq/producer_amqp_options_chain.go:21.98,24.2 2 0
github.com/guidomantilla/go-feather-lib/pkg/messaging/rabbitmq/producer_amqp_options_chain.go:26.98,29.2 2 0
github.com/guidomantilla/go-feather-lib/pkg/messaging/rabbitmq/producer_amqp_options_chain.go:31.98,34.2 2 0
github.com/guidomantilla/go-feather-lib/pkg/messaging/rabbitmq/producer_streams.go:26.144,37.33 4 0
github.com/guidomantilla/go-feather-lib/pkg/messaging/rabbitmq/producer_streams.go:37.33,39.3 1 0
github.com/guidomantilla/go-feather-lib/pkg/messaging/rabbitmq/producer_streams.go:41.2,41.17 1 0
[...]
github.com/guidomantilla/go-feather-lib/pkg/security/password_functions.go:225.2,226.64 2 0
github.com/guidomantilla/go-feather-lib/pkg/security/password_functions.go:226.64,228.3 1 0
github.com/guidomantilla/go-feather-lib/pkg/security/password_functions.go:230.2,232.16 3 0
github.com/guidomantilla/go-feather-lib/pkg/security/password_functions.go:232.16,234.3 1 0
github.com/guidomantilla/go-feather-lib/pkg/security/password_functions.go:236.2,238.16 3 0
github.com/guidomantilla/go-feather-lib/pkg/security/password_functions.go:238.16,240.3 1 0
github.com/guidomantilla/go-feather-lib/pkg/security/password_functions.go:242.2,242.74 1 0
github.com/guidomantilla/go-feather-lib/pkg/security/password_generator.go:28.82,37.30 2 0
github.com/guidomantilla/go-feather-lib/pkg/security/password_generator.go:37.30,39.3 1 0
github.com/guidomantilla/go-feather-lib/pkg/security/password_generator.go:41.2,41.18 1 0
github.com/guidomantilla/go-feather-lib/pkg/security/password_generator.go:44.55,48.48 2 0
github.com/guidomantilla/go-feather-lib/pkg/security/password_generator.go:48.48,51.3 2 0
github.com/guidomantilla/go-feather-lib/pkg/security/password_generator.go:54.2,54.40 1 0
github.com/guidomantilla/go-feather-lib/pkg/security/password_generator.go:54.40,57.3 2 0
github.com/guidomantilla/go-feather-lib/pkg/security/password_generator.go:60.2,60.46 1 0
github.com/guidomantilla/go-feather-lib/pkg/security/password_generator.go:60.46,63.3 2 0
github.com/guidomantilla/go-feather-lib/pkg/security/password_generator.go:65.2,66.39 2 0
github.com/guidomantilla/go-feather-lib/pkg/security/password_generator.go:66.39,69.3 2 0
github.com/guidomantilla/go-feather-lib/pkg/security/password_generator.go:70.2,71.43 2 0
github.com/guidomantilla/go-feather-lib/pkg/security/password_generator.go:71.43,73.3 1 0
github.com/guidomantilla/go-feather-lib/pkg/security/password_generator.go:74.2,74.23 1 0
github.com/guidomantilla/go-feather-lib/pkg/security/password_generator.go:77.72,79.49 1 0
github.com/guidomantilla/go-feather-lib/pkg/security/password_generator.go:79.49,81.3 1 0
github.com/guidomantilla/go-feather-lib/pkg/security/password_generator.go:83.2,87.32 4 0
github.com/guidomantilla/go-feather-lib/pkg/security/password_generator.go:87.32,88.10 1 0
github.com/guidomantilla/go-feather-lib/pkg/security/password_generator.go:89.48,90.24 1 0
github.com/guidomantilla/go-feather-lib/pkg/security/password_generator.go:91.43,92.16 1 0
github.com/guidomantilla/go-feather-lib/pkg/security/password_generator.go:93.46,94.22 1 0
github.com/guidomantilla/go-feather-lib/pkg/security/password_generator.go:98.2,98.51 1 0
github.com/guidomantilla/go-feather-lib/pkg/security/password_generator.go:98.51,100.3 1 0
github.com/guidomantilla/go-feather-lib/pkg/security/password_generator.go:102.2,102.35 1 0
github.com/guidomantilla/go-feather-lib/pkg/security/password_generator.go:102.35,104.3 1 0
github.com/guidomantilla/go-feather-lib/pkg/security/password_generator.go:106.2,106.47 1 0
github.com/guidomantilla/go-feather-lib/pkg/security/password_generator.go:106.47,108.3 1 0
github.com/guidomantilla/go-feather-lib/pkg/security/password_generator.go:110.2,110.12 1 0
github.com/guidomantilla/go-feather-lib/pkg/security/password_generator.go:113.69,114.67 1 0
github.com/guidomantilla/go-feather-lib/pkg/security/password_generator.go:114.67,116.3 1 0
github.com/guidomantilla/go-feather-lib/pkg/security/password_generator.go:118.2,118.18 1 0
github.com/guidomantilla/go-feather-lib/pkg/security/password_generator.go:119.24,120.18 1 0
github.com/guidomantilla/go-feather-lib/pkg/security/password_generator.go:120.18,122.4 1 0
github.com/guidomantilla/go-feather-lib/pkg/security/password_generator.go:123.24,124.17 1 0
github.com/guidomantilla/go-feather-lib/pkg/security/password_generator.go:124.17,126.4 1 0
github.com/guidomantilla/go-feather-lib/pkg/security/password_generator.go:127.16,128.17 1 0
github.com/guidomantilla/go-feather-lib/pkg/security/password_generator.go:128.17,130.4 1 0
github.com/guidomantilla/go-feather-lib/pkg/security/password_generator.go:131.22,132.17 1 0
github.com/guidomantilla/go-feather-lib/pkg/security/password_generator.go:132.17,134.4 1 0
github.com/guidomantilla/go-feather-lib/pkg/security/password_generator_options.go:5.61,6.43 1 0
github.com/guidomantilla/go-feather-lib/pkg/security/password_generator_options.go:6.44,7.3 0 0
github.com/guidomantilla/go-feather-lib/pkg/security/password_generator_options.go:12.105,13.43 1 0
github.com/guidomantilla/go-feather-lib/pkg/security/password_generator_options.go:13.43,15.3 1 0
github.com/guidomantilla/go-feather-lib/pkg/security/password_generator_options.go:18.105,19.43 1 0
github.com/guidomantilla/go-feather-lib/pkg/security/password_generator_options.go:19.43,21.3 1 0
github.com/guidomantilla/go-feather-lib/pkg/security/password_generator_options.go:24.89,25.43 1 0
github.com/guidomantilla/go-feather-lib/pkg/security/password_generator_options.go:25.43,27.3 1 0
github.com/guidomantilla/go-feather-lib/pkg/security/password_generator_options.go:30.101,31.43 1 0
github.com/guidomantilla/go-feather-lib/pkg/security/password_generator_options.go:31.43,33.3 1 0
github.com/guidomantilla/go-feather-lib/pkg/security/password_generator_options_chain.go:7.76,11.2 1 0
github.com/guidomantilla/go-feather-lib/pkg/security/password_generator_options_chain.go:13.80,14.43 1 0
github.com/guidomantilla/go-feather-lib/pkg/security/password_generator_options_chain.go:14.43,15.40 1 0
github.com/guidomantilla/go-feather-lib/pkg/security/password_generator_options_chain.go:15.40,17.4 1 0
github.com/guidomantilla/go-feather-lib/pkg/security/password_generator_options_chain.go:21.109,24.2 2 0
github.com/guidomantilla/go-feather-lib/pkg/security/password_generator_options_chain.go:26.117,29.2 2 0
github.com/guidomantilla/go-feather-lib/pkg/security/password_generator_options_chain.go:31.101,34.2 2 0
github.com/guidomantilla/go-feather-lib/pkg/security/password_generator_options_chain.go:36.113,39.2 2 0
github.com/guidomantilla/go-feather-lib/pkg/security/password_manager.go:12.111,20.2 3 0
github.com/guidomantilla/go-feather-lib/pkg/security/password_manager.go:22.77,26.77 3 0
github.com/guidomantilla/go-feather-lib/pkg/security/password_manager.go:26.77,28.3 1 0
github.com/guidomantilla/go-feather-lib/pkg/security/password_manager.go:30.2,30.22 1 0
github.com/guidomantilla/go-feather-lib/pkg/security/password_manager.go:33.100,37.89 3 0
github.com/guidomantilla/go-feather-lib/pkg/security/password_manager.go:37.89,39.3 1 0
github.com/guidomantilla/go-feather-lib/pkg/security/password_manager.go:41.2,41.16 1 0
github.com/guidomantilla/go-feather-lib/pkg/security/password_manager.go:44.88,48.84 3 0
github.com/guidomantilla/go-feather-lib/pkg/security/password_manager.go:48.84,50.3 1 0
github.com/guidomantilla/go-feather-lib/pkg/security/password_manager.go:52.2,52.16 1 0
github.com/guidomantilla/go-feather-lib/pkg/security/password_manager.go:55.51,57.2 1 0
github.com/guidomantilla/go-feather-lib/pkg/security/password_manager.go:59.68,62.71 2 0
github.com/guidomantilla/go-feather-lib/pkg/security/password_manager.go:62.71,64.3 1 0
github.com/guidomantilla/go-feather-lib/pkg/security/password_manager.go:66.2,66.12 1 0
github.com/guidomantilla/go-feather-lib/pkg/security/password_manager.go:69.65,71.2 1 0
github.com/guidomantilla/go-feather-lib/pkg/security/principal_manager_base.go:15.85,23.2 2 0
github.com/guidomantilla/go-feather-lib/pkg/security/principal_manager_base.go:25.94,30.64 4 0
github.com/guidomantilla/go-feather-lib/pkg/security/principal_manager_base.go:30.64,32.3 1 0
github.com/guidomantilla/go-feather-lib/pkg/security/principal_manager_base.go:34.2,34.77 1 0
github.com/guidomantilla/go-feather-lib/pkg/security/principal_manager_base.go:34.77,36.3 1 0
github.com/guidomantilla/go-feather-lib/pkg/security/principal_manager_base.go:38.2,38.95 1 0
github.com/guidomantilla/go-feather-lib/pkg/security/principal_manager_base.go:38.95,40.3 1 0
github.com/guidomantilla/go-feather-lib/pkg/security/principal_manager_base.go:42.2,45.47 3 0
github.com/guidomantilla/go-feather-lib/pkg/security/principal_manager_base.go:45.47,47.3 1 0
github.com/guidomantilla/go-feather-lib/pkg/security/principal_manager_base.go:49.2,49.12 1 0
github.com/guidomantilla/go-feather-lib/pkg/security/principal_manager_base.go:52.94,57.2 3 0
github.com/guidomantilla/go-feather-lib/pkg/security/principal_manager_base.go:59.89,66.2 5 0
github.com/guidomantilla/go-feather-lib/pkg/security/principal_manager_base.go:68.101,74.53 5 0
github.com/guidomantilla/go-feather-lib/pkg/security/principal_manager_base.go:74.53,76.3 1 0
github.com/guidomantilla/go-feather-lib/pkg/security/principal_manager_base.go:78.2,78.44 1 0
github.com/guidomantilla/go-feather-lib/pkg/security/principal_manager_base.go:78.44,80.3 1 0
github.com/guidomantilla/go-feather-lib/pkg/security/principal_manager_base.go:82.2,82.52 1 0
github.com/guidomantilla/go-feather-lib/pkg/security/principal_manager_base.go:82.52,84.3 1 0
github.com/guidomantilla/go-feather-lib/pkg/security/principal_manager_base.go:86.2,86.45 1 0
github.com/guidomantilla/go-feather-lib/pkg/security/principal_manager_base.go:86.45,88.3 1 0
github.com/guidomantilla/go-feather-lib/pkg/security/principal_manager_base.go:90.2,90.49 1 0
github.com/guidomantilla/go-feather-lib/pkg/security/principal_manager_base.go:90.49,92.3 1 0
github.com/guidomantilla/go-feather-lib/pkg/security/principal_manager_base.go:94.2,94.51 1 0
github.com/guidomantilla/go-feather-lib/pkg/security/principal_manager_base.go:94.51,96.3 1 0
github.com/guidomantilla/go-feather-lib/pkg/security/principal_manager_base.go:98.2,98.67 1 0
github.com/guidomantilla/go-feather-lib/pkg/security/principal_manager_base.go:98.67,100.3 1 0
github.com/guidomantilla/go-feather-lib/pkg/security/principal_manager_base.go:102.2,102.18 1 0
github.com/guidomantilla/go-feather-lib/pkg/security/principal_manager_base.go:105.89,110.50 4 0
github.com/guidomantilla/go-feather-lib/pkg/security/principal_manager_base.go:110.50,112.3 1 0
github.com/guidomantilla/go-feather-lib/pkg/security/principal_manager_base.go:113.2,113.12 1 0
github.com/guidomantilla/go-feather-lib/pkg/security/principal_manager_base.go:116.114,122.53 5 0
github.com/guidomantilla/go-feather-lib/pkg/security/principal_manager_base.go:122.53,124.3 1 0
github.com/guidomantilla/go-feather-lib/pkg/security/principal_manager_base.go:126.2,126.66 1 0
github.com/guidomantilla/go-feather-lib/pkg/security/principal_manager_base.go:126.66,128.3 1 0
github.com/guidomantilla/go-feather-lib/pkg/security/principal_manager_base.go:130.2,131.79 2 0
github.com/guidomantilla/go-feather-lib/pkg/security/principal_manager_base.go:131.79,133.3 1 0
github.com/guidomantilla/go-feather-lib/pkg/security/principal_manager_base.go:135.2,135.12 1 0
github.com/guidomantilla/go-feather-lib/pkg/security/principal_manager_base.go:138.114,144.53 5 0
github.com/guidomantilla/go-feather-lib/pkg/security/principal_manager_base.go:144.53,146.3 1 0
github.com/guidomantilla/go-feather-lib/pkg/security/principal_manager_base.go:148.2,148.60 1 0
github.com/guidomantilla/go-feather-lib/pkg/security/principal_manager_base.go:148.60,150.3 1 0
github.com/guidomantilla/go-feather-lib/pkg/security/principal_manager_base.go:152.2,152.12 1 0
github.com/guidomantilla/go-feather-lib/pkg/security/principal_manager_gorm.go:21.145,29.2 3 0
github.com/guidomantilla/go-feather-lib/pkg/security/principal_manager_gorm.go:31.84,32.65 1 0
github.com/guidomantilla/go-feather-lib/pkg/security/principal_manager_gorm.go:35.84,36.65 1 0
github.com/guidomantilla/go-feather-lib/pkg/security/principal_manager_gorm.go:39.80,40.65 1 0
github.com/guidomantilla/go-feather-lib/pkg/security/principal_manager_gorm.go:43.101,46.104 2 0
github.com/guidomantilla/go-feather-lib/pkg/security/principal_manager_gorm.go:46.104,49.118 2 0
github.com/guidomantilla/go-feather-lib/pkg/security/principal_manager_gorm.go:49.118,51.4 1 0
github.com/guidomantilla/go-feather-lib/pkg/security/principal_manager_gorm.go:52.3,52.27 1 0
github.com/guidomantilla/go-feather-lib/pkg/security/principal_manager_gorm.go:52.27,54.4 1 0
github.com/guidomantilla/go-feather-lib/pkg/security/principal_manager_gorm.go:56.3,57.55 2 0
github.com/guidomantilla/go-feather-lib/pkg/security/principal_manager_gorm.go:57.55,59.4 1 0
github.com/guidomantilla/go-feather-lib/pkg/security/principal_manager_gorm.go:61.3,61.63 1 0
github.com/guidomantilla/go-feather-lib/pkg/security/principal_manager_gorm.go:61.63,63.4 1 0
github.com/guidomantilla/go-feather-lib/pkg/security/principal_manager_gorm.go:65.3,65.56 1 0
github.com/guidomantilla/go-feather-lib/pkg/security/principal_manager_gorm.go:65.56,67.4 1 0
github.com/guidomantilla/go-feather-lib/pkg/security/principal_manager_gorm.go:69.3,70.40 2 0
github.com/guidomantilla/go-feather-lib/pkg/security/principal_manager_gorm.go:70.40,72.4 1 0
github.com/guidomantilla/go-feather-lib/pkg/security/principal_manager_gorm.go:74.3,87.13 2 0
github.com/guidomantilla/go-feather-lib/pkg/security/principal_manager_gorm.go:89.2,89.16 1 0
github.com/guidomantilla/go-feather-lib/pkg/security/principal_manager_gorm.go:89.16,91.3 1 0
github.com/guidomantilla/go-feather-lib/pkg/security/principal_manager_gorm.go:93.2,93.18 1 0
github.com/guidomantilla/go-feather-lib/pkg/security/principal_manager_gorm.go:96.80,97.65 1 0
github.com/guidomantilla/go-feather-lib/pkg/security/principal_manager_gorm.go:100.98,101.65 1 0
github.com/guidomantilla/go-feather-lib/pkg/security/principal_manager_gorm.go:104.114,106.104 1 0
github.com/guidomantilla/go-feather-lib/pkg/security/principal_manager_gorm.go:106.104,109.148 2 0
github.com/guidomantilla/go-feather-lib/pkg/security/principal_manager_gorm.go:109.148,111.4 1 0
github.com/guidomantilla/go-feather-lib/pkg/security/principal_manager_gorm.go:112.3,112.27 1 0
github.com/guidomantilla/go-feather-lib/pkg/security/principal_manager_gorm.go:112.27,114.4 1 0
github.com/guidomantilla/go-feather-lib/pkg/security/principal_manager_gorm.go:116.3,116.13 1 0
github.com/guidomantilla/go-feather-lib/pkg/security/token_manager_jwt.go:27.77,37.30 2 0
github.com/guidomantilla/go-feather-lib/pkg/security/token_manager_jwt.go:37.30,39.3 1 0
github.com/guidomantilla/go-feather-lib/pkg/security/token_manager_jwt.go:41.2,41.21 1 0
github.com/guidomantilla/go-feather-lib/pkg/security/token_manager_jwt.go:44.81,62.75 6 0
github.com/guidomantilla/go-feather-lib/pkg/security/token_manager_jwt.go:62.75,64.3 1 0
github.com/guidomantilla/go-feather-lib/pkg/security/token_manager_jwt.go:66.2,66.26 1 0
github.com/guidomantilla/go-feather-lib/pkg/security/token_manager_jwt.go:69.82,72.52 2 0
github.com/guidomantilla/go-feather-lib/pkg/security/token_manager_jwt.go:72.52,74.3 1 0
github.com/guidomantilla/go-feather-lib/pkg/security/token_manager_jwt.go:76.2,83.83 4 0
github.com/guidomantilla/go-feather-lib/pkg/security/token_manager_jwt.go:83.83,85.3 1 0
github.com/guidomantilla/go-feather-lib/pkg/security/token_manager_jwt.go:87.2,87.18 1 0
github.com/guidomantilla/go-feather-lib/pkg/security/token_manager_jwt.go:87.18,89.3 1 0
github.com/guidomantilla/go-feather-lib/pkg/security/token_manager_jwt.go:91.2,93.55 3 0
github.com/guidomantilla/go-feather-lib/pkg/security/token_manager_jwt.go:93.55,95.3 1 0
github.com/guidomantilla/go-feather-lib/pkg/security/token_manager_jwt.go:97.2,98.44 2 0
github.com/guidomantilla/go-feather-lib/pkg/security/token_manager_jwt.go:98.44,100.3 1 0
github.com/guidomantilla/go-feather-lib/pkg/security/token_manager_jwt.go:102.2,103.40 2 0
github.com/guidomantilla/go-feather-lib/pkg/security/token_manager_jwt.go:103.40,105.3 1 0
github.com/guidomantilla/go-feather-lib/pkg/security/token_manager_jwt.go:107.2,107.40 1 0
github.com/guidomantilla/go-feather-lib/pkg/security/token_manager_jwt.go:107.40,109.3 1 0
github.com/guidomantilla/go-feather-lib/pkg/security/token_manager_jwt.go:111.2,112.36 2 0
github.com/guidomantilla/go-feather-lib/pkg/security/token_manager_jwt.go:112.36,114.3 1 0
github.com/guidomantilla/go-feather-lib/pkg/security/token_manager_jwt.go:116.2,116.45 1 0
github.com/guidomantilla/go-feather-lib/pkg/security/token_manager_jwt.go:116.45,118.3 1 0
github.com/guidomantilla/go-feather-lib/pkg/security/token_manager_jwt.go:120.2,121.59 2 0
github.com/guidomantilla/go-feather-lib/pkg/security/token_manager_jwt.go:121.59,123.3 1 0
github.com/guidomantilla/go-feather-lib/pkg/security/token_manager_jwt.go:125.2,126.66 2 0
github.com/guidomantilla/go-feather-lib/pkg/security/token_manager_jwt.go:126.66,128.3 1 0
github.com/guidomantilla/go-feather-lib/pkg/security/token_manager_jwt.go:130.2,136.23 2 0
github.com/guidomantilla/go-feather-lib/pkg/security/token_manager_jwt.go:139.65,140.53 1 0
github.com/guidomantilla/go-feather-lib/pkg/security/token_manager_jwt.go:140.53,142.3 1 0
github.com/guidomantilla/go-feather-lib/pkg/security/token_manager_jwt.go:144.2,144.18 1 0
github.com/guidomantilla/go-feather-lib/pkg/security/token_manager_jwt.go:145.16,146.41 1 0
github.com/guidomantilla/go-feather-lib/pkg/security/token_manager_jwt.go:147.17,148.32 1 0
github.com/guidomantilla/go-feather-lib/pkg/security/token_manager_jwt.go:148.32,150.4 1 0
github.com/guidomantilla/go-feather-lib/pkg/security/token_manager_jwt.go:151.23,152.39 1 0
github.com/guidomantilla/go-feather-lib/pkg/security/token_manager_jwt.go:152.39,154.4 1 0
github.com/guidomantilla/go-feather-lib/pkg/security/token_manager_jwt.go:155.20,156.19 1 0
github.com/guidomantilla/go-feather-lib/pkg/security/token_manager_jwt.go:156.19,158.4 1 0
github.com/guidomantilla/go-feather-lib/pkg/security/token_manager_jwt.go:159.22,160.19 1 0
github.com/guidomantilla/go-feather-lib/pkg/security/token_manager_jwt.go:160.19,162.4 1 0
github.com/guidomantilla/go-feather-lib/pkg/security/token_manager_jwt_options.go:11.57,12.41 1 0
github.com/guidomantilla/go-feather-lib/pkg/security/token_manager_jwt_options.go:12.42,13.3 0 0
github.com/guidomantilla/go-feather-lib/pkg/security/token_manager_jwt_options.go:18.88,19.41 1 0
github.com/guidomantilla/go-feather-lib/pkg/security/token_manager_jwt_options.go:19.41,21.3 1 0
github.com/guidomantilla/go-feather-lib/pkg/security/token_manager_jwt_options.go:24.97,25.41 1 0
github.com/guidomantilla/go-feather-lib/pkg/security/token_manager_jwt_options.go:25.41,27.3 1 0
github.com/guidomantilla/go-feather-lib/pkg/security/token_manager_jwt_options.go:30.113,31.41 1 0
github.com/guidomantilla/go-feather-lib/pkg/security/token_manager_jwt_options.go:31.41,33.3 1 0
github.com/guidomantilla/go-feather-lib/pkg/security/token_manager_jwt_options.go:36.93,37.41 1 0
github.com/guidomantilla/go-feather-lib/pkg/security/token_manager_jwt_options.go:37.41,39.3 1 0
github.com/guidomantilla/go-feather-lib/pkg/security/token_manager_jwt_options.go:42.97,43.41 1 0
github.com/guidomantilla/go-feather-lib/pkg/security/token_manager_jwt_options.go:43.41,45.3 1 0
github.com/guidomantilla/go-feather-lib/pkg/security/token_manager_jwt_options_chain.go:13.72,17.2 1 0
github.com/guidomantilla/go-feather-lib/pkg/security/token_manager_jwt_options_chain.go:19.76,20.41 1 0
github.com/guidomantilla/go-feather-lib/pkg/security/token_manager_jwt_options_chain.go:20.41,21.40 1 0
github.com/guidomantilla/go-feather-lib/pkg/security/token_manager_jwt_options_chain.go:21.40,23.4 1 0
github.com/guidomantilla/go-feather-lib/pkg/security/token_manager_jwt_options_chain.go:27.100,30.2 2 0
github.com/guidomantilla/go-feather-lib/pkg/security/token_manager_jwt_options_chain.go:32.109,35.2 2 0
github.com/guidomantilla/go-feather-lib/pkg/security/token_manager_jwt_options_chain.go:37.125,40.2 2 0
github.com/guidomantilla/go-feather-lib/pkg/security/token_manager_jwt_options_chain.go:42.105,45.2 2 0
github.com/guidomantilla/go-feather-lib/pkg/security/token_manager_jwt_options_chain.go:47.109,50.2 2 0
