mode: atomic
github.com/guidomantilla/go-feather-lib/pkg/common/config/functions.go:12.91,18.2 4 0
github.com/guidomantilla/go-feather-lib/pkg/common/config/lookup_environment.go:18.70,21.2 2 0
github.com/guidomantilla/go-feather-lib/pkg/common/assert/functions.go:10.43,11.27 1 0
github.com/guidomantilla/go-feather-lib/pkg/common/assert/functions.go:11.27,13.3 1 0
github.com/guidomantilla/go-feather-lib/pkg/common/assert/functions.go:16.41,17.19 1 0
github.com/guidomantilla/go-feather-lib/pkg/common/assert/functions.go:17.19,19.3 1 0
github.com/guidomantilla/go-feather-lib/pkg/common/assert/functions.go:22.48,23.26 1 0
github.com/guidomantilla/go-feather-lib/pkg/common/assert/functions.go:23.26,25.3 1 0
github.com/guidomantilla/go-feather-lib/pkg/common/assert/functions.go:28.51,29.25 1 0
github.com/guidomantilla/go-feather-lib/pkg/common/assert/functions.go:29.25,31.3 1 0
github.com/guidomantilla/go-feather-lib/pkg/common/assert/functions.go:36.27,38.2 1 0
github.com/guidomantilla/go-feather-lib/pkg/common/assert/functions.go:42.29,44.22 2 0
github.com/guidomantilla/go-feather-lib/pkg/common/assert/functions.go:44.22,46.3 1 0
github.com/guidomantilla/go-feather-lib/pkg/common/assert/functions.go:47.2,47.22 1 0
github.com/guidomantilla/go-feather-lib/pkg/common/assert/functions.go:51.53,53.23 1 0
github.com/guidomantilla/go-feather-lib/pkg/common/assert/functions.go:56.2,56.14 1 0
github.com/guidomantilla/go-feather-lib/pkg/common/assert/functions.go:59.35,63.30 3 0
github.com/guidomantilla/go-feather-lib/pkg/common/assert/functions.go:63.30,65.3 1 0
github.com/guidomantilla/go-feather-lib/pkg/common/assert/functions.go:67.2,67.30 1 0
github.com/guidomantilla/go-feather-lib/pkg/common/assert/functions.go:67.30,69.3 1 0
github.com/guidomantilla/go-feather-lib/pkg/common/assert/functions.go:71.2,71.36 1 0
github.com/guidomantilla/go-feather-lib/pkg/common/assert/functions.go:71.36,73.3 1 0
github.com/guidomantilla/go-feather-lib/pkg/common/assert/functions.go:75.2,75.19 1 0
github.com/guidomantilla/go-feather-lib/pkg/common/assert/functions.go:76.94,77.17 1 0
github.com/guidomantilla/go-feather-lib/pkg/common/assert/functions.go:77.17,79.4 1 0
github.com/guidomantilla/go-feather-lib/pkg/common/assert/functions.go:82.2,82.19 1 0
github.com/guidomantilla/go-feather-lib/pkg/common/assert/functions.go:83.94,84.17 1 0
github.com/guidomantilla/go-feather-lib/pkg/common/assert/functions.go:84.17,86.4 1 0
github.com/guidomantilla/go-feather-lib/pkg/common/assert/functions.go:89.2,92.24 3 0
github.com/guidomantilla/go-feather-lib/pkg/common/assert/functions.go:92.24,93.25 1 0
github.com/guidomantilla/go-feather-lib/pkg/common/assert/functions.go:93.25,94.14 1 0
github.com/guidomantilla/go-feather-lib/pkg/common/assert/functions.go:95.9,96.14 1 0
github.com/guidomantilla/go-feather-lib/pkg/common/assert/functions.go:98.8,99.25 1 0
github.com/guidomantilla/go-feather-lib/pkg/common/assert/functions.go:99.25,100.14 1 0
github.com/guidomantilla/go-feather-lib/pkg/common/assert/functions.go:101.9,102.14 1 0
github.com/guidomantilla/go-feather-lib/pkg/common/assert/functions.go:107.2,108.1 2 0
github.com/guidomantilla/go-feather-lib/pkg/common/assert/functions.go:109.2,110.1 2 0
github.com/guidomantilla/go-feather-lib/pkg/common/assert/functions.go:111.2,112.1 2 0
github.com/guidomantilla/go-feather-lib/pkg/common/assert/functions.go:113.2,113.34 1 0
github.com/guidomantilla/go-feather-lib/pkg/boot/builder.go:74.55,76.16 1 0
github.com/guidomantilla/go-feather-lib/pkg/boot/builder.go:76.16,78.3 1 0
github.com/guidomantilla/go-feather-lib/pkg/boot/builder.go:80.2,82.73 1 0
github.com/guidomantilla/go-feather-lib/pkg/boot/builder.go:82.73,84.4 1 0
github.com/guidomantilla/go-feather-lib/pkg/boot/builder.go:85.44,87.4 1 0
github.com/guidomantilla/go-feather-lib/pkg/boot/builder.go:88.67,91.4 2 0
github.com/guidomantilla/go-feather-lib/pkg/boot/builder.go:92.69,93.40 1 0
github.com/guidomantilla/go-feather-lib/pkg/boot/builder.go:93.40,95.5 1 0
github.com/guidomantilla/go-feather-lib/pkg/boot/builder.go:97.4,97.70 1 0
github.com/guidomantilla/go-feather-lib/pkg/boot/builder.go:97.70,99.5 1 0
github.com/guidomantilla/go-feather-lib/pkg/boot/builder.go:101.4,102.14 2 0
github.com/guidomantilla/go-feather-lib/pkg/boot/builder.go:104.75,105.40 1 0
github.com/guidomantilla/go-feather-lib/pkg/boot/builder.go:105.40,107.5 1 0
github.com/guidomantilla/go-feather-lib/pkg/boot/builder.go:109.4,109.70 1 0
github.com/guidomantilla/go-feather-lib/pkg/boot/builder.go:109.70,115.5 2 0
github.com/guidomantilla/go-feather-lib/pkg/boot/builder.go:117.4,118.14 2 0
github.com/guidomantilla/go-feather-lib/pkg/boot/builder.go:120.91,121.40 1 0
github.com/guidomantilla/go-feather-lib/pkg/boot/builder.go:121.40,123.5 1 0
github.com/guidomantilla/go-feather-lib/pkg/boot/builder.go:125.4,125.70 1 0
github.com/guidomantilla/go-feather-lib/pkg/boot/builder.go:125.70,127.5 1 0
github.com/guidomantilla/go-feather-lib/pkg/boot/builder.go:129.4,130.14 2 0
github.com/guidomantilla/go-feather-lib/pkg/boot/builder.go:132.78,134.4 1 0
github.com/guidomantilla/go-feather-lib/pkg/boot/builder.go:135.82,137.4 1 0
github.com/guidomantilla/go-feather-lib/pkg/boot/builder.go:138.78,140.4 1 0
github.com/guidomantilla/go-feather-lib/pkg/boot/builder.go:141.80,142.40 1 0
github.com/guidomantilla/go-feather-lib/pkg/boot/builder.go:142.40,144.5 1 0
github.com/guidomantilla/go-feather-lib/pkg/boot/builder.go:146.4,146.36 1 0
github.com/guidomantilla/go-feather-lib/pkg/boot/builder.go:146.36,148.5 1 0
github.com/guidomantilla/go-feather-lib/pkg/boot/builder.go:150.4,151.14 2 0
github.com/guidomantilla/go-feather-lib/pkg/boot/builder.go:153.72,158.4 2 0
github.com/guidomantilla/go-feather-lib/pkg/boot/builder.go:159.90,161.4 1 0
github.com/guidomantilla/go-feather-lib/pkg/boot/builder.go:162.88,164.4 1 0
github.com/guidomantilla/go-feather-lib/pkg/boot/builder.go:165.92,167.4 1 0
github.com/guidomantilla/go-feather-lib/pkg/boot/builder.go:168.86,170.4 1 0
github.com/guidomantilla/go-feather-lib/pkg/boot/builder.go:171.80,172.42 1 0
github.com/guidomantilla/go-feather-lib/pkg/boot/builder.go:172.42,174.5 1 0
github.com/guidomantilla/go-feather-lib/pkg/boot/builder.go:176.4,178.43 3 0
github.com/guidomantilla/go-feather-lib/pkg/boot/builder.go:178.43,181.5 2 0
github.com/guidomantilla/go-feather-lib/pkg/boot/builder.go:183.4,186.49 4 0
github.com/guidomantilla/go-feather-lib/pkg/boot/builder.go:186.49,188.5 1 0
github.com/guidomantilla/go-feather-lib/pkg/boot/builder.go:189.4,189.40 1 0
github.com/guidomantilla/go-feather-lib/pkg/boot/builder.go:189.40,191.5 1 0
github.com/guidomantilla/go-feather-lib/pkg/boot/builder.go:192.4,192.47 1 0
github.com/guidomantilla/go-feather-lib/pkg/boot/builder.go:192.47,194.5 1 0
github.com/guidomantilla/go-feather-lib/pkg/boot/builder.go:196.4,196.77 1 0
github.com/guidomantilla/go-feather-lib/pkg/boot/builder.go:198.73,199.42 1 0
github.com/guidomantilla/go-feather-lib/pkg/boot/builder.go:199.42,201.5 1 0
github.com/guidomantilla/go-feather-lib/pkg/boot/builder.go:202.4,203.19 2 0
github.com/guidomantilla/go-feather-lib/pkg/boot/functions.go:21.148,25.19 2 0
github.com/guidomantilla/go-feather-lib/pkg/boot/functions.go:25.19,27.3 1 0
github.com/guidomantilla/go-feather-lib/pkg/boot/functions.go:29.2,29.17 1 0
github.com/guidomantilla/go-feather-lib/pkg/boot/functions.go:29.17,32.3 2 0
github.com/guidomantilla/go-feather-lib/pkg/boot/functions.go:34.2,34.21 1 0
github.com/guidomantilla/go-feather-lib/pkg/boot/functions.go:34.21,37.3 2 0
github.com/guidomantilla/go-feather-lib/pkg/boot/functions.go:39.2,39.20 1 0
github.com/guidomantilla/go-feather-lib/pkg/boot/functions.go:39.20,41.3 1 0
github.com/guidomantilla/go-feather-lib/pkg/boot/functions.go:43.2,43.15 1 0
github.com/guidomantilla/go-feather-lib/pkg/boot/functions.go:43.15,45.3 1 0
github.com/guidomantilla/go-feather-lib/pkg/boot/functions.go:47.2,56.34 4 0
github.com/guidomantilla/go-feather-lib/pkg/boot/functions.go:56.34,58.3 1 0
github.com/guidomantilla/go-feather-lib/pkg/boot/functions.go:60.2,60.37 1 0
github.com/guidomantilla/go-feather-lib/pkg/boot/functions.go:60.37,61.119 1 0
github.com/guidomantilla/go-feather-lib/pkg/boot/functions.go:61.119,63.4 1 0
github.com/guidomantilla/go-feather-lib/pkg/boot/functions.go:64.3,69.49 2 0
github.com/guidomantilla/go-feather-lib/pkg/boot/functions.go:72.2,72.37 1 0
github.com/guidomantilla/go-feather-lib/pkg/boot/functions.go:72.37,73.155 1 0
github.com/guidomantilla/go-feather-lib/pkg/boot/functions.go:73.155,75.4 1 0
github.com/guidomantilla/go-feather-lib/pkg/boot/functions.go:76.3,79.106 4 0
github.com/guidomantilla/go-feather-lib/pkg/boot/functions.go:82.2,83.18 2 0
github.com/guidomantilla/go-feather-lib/pkg/boot/types.go:85.137,87.19 1 0
github.com/guidomantilla/go-feather-lib/pkg/boot/types.go:87.19,89.3 1 0
github.com/guidomantilla/go-feather-lib/pkg/boot/types.go:91.2,91.19 1 0
github.com/guidomantilla/go-feather-lib/pkg/boot/types.go:91.19,93.3 1 0
github.com/guidomantilla/go-feather-lib/pkg/boot/types.go:95.2,95.17 1 0
github.com/guidomantilla/go-feather-lib/pkg/boot/types.go:95.17,97.3 1 0
github.com/guidomantilla/go-feather-lib/pkg/boot/types.go:99.2,99.21 1 0
github.com/guidomantilla/go-feather-lib/pkg/boot/types.go:99.21,102.3 2 0
github.com/guidomantilla/go-feather-lib/pkg/boot/types.go:104.2,104.20 1 0
github.com/guidomantilla/go-feather-lib/pkg/boot/types.go:104.20,106.3 1 0
github.com/guidomantilla/go-feather-lib/pkg/boot/types.go:108.2,133.34 6 0
github.com/guidomantilla/go-feather-lib/pkg/boot/types.go:133.34,139.3 5 0
github.com/guidomantilla/go-feather-lib/pkg/boot/types.go:139.8,141.3 1 0
github.com/guidomantilla/go-feather-lib/pkg/boot/types.go:143.2,151.36 8 0
github.com/guidomantilla/go-feather-lib/pkg/boot/types.go:151.36,154.3 2 0
github.com/guidomantilla/go-feather-lib/pkg/boot/types.go:154.8,156.3 1 0
github.com/guidomantilla/go-feather-lib/pkg/boot/types.go:158.2,158.36 1 0
github.com/guidomantilla/go-feather-lib/pkg/boot/types.go:158.36,161.3 2 0
github.com/guidomantilla/go-feather-lib/pkg/boot/types.go:161.8,163.3 1 0
github.com/guidomantilla/go-feather-lib/pkg/boot/types.go:165.2,165.12 1 0
github.com/guidomantilla/go-feather-lib/pkg/boot/types.go:168.59,172.71 2 0
github.com/guidomantilla/go-feather-lib/pkg/boot/types.go:172.71,177.73 3 0
github.com/guidomantilla/go-feather-lib/pkg/boot/types.go:177.73,180.4 2 0
github.com/guidomantilla/go-feather-lib/pkg/boot/types.go:182.3,183.42 2 0
github.com/guidomantilla/go-feather-lib/pkg/boot/types.go:183.42,186.4 2 0
github.com/guidomantilla/go-feather-lib/pkg/boot/types.go:188.3,188.35 1 0
github.com/guidomantilla/go-feather-lib/pkg/boot/types.go:188.35,191.4 2 0
github.com/guidomantilla/go-feather-lib/pkg/boot/types.go:193.3,193.52 1 0
github.com/guidomantilla/go-feather-lib/pkg/boot/types.go:196.2,196.111 1 0
github.com/guidomantilla/go-feather-lib/pkg/common/properties/functions.go:9.28,11.18 2 0
github.com/guidomantilla/go-feather-lib/pkg/common/properties/functions.go:11.18,13.3 1 0
github.com/guidomantilla/go-feather-lib/pkg/common/properties/functions.go:14.2,14.27 1 0
github.com/guidomantilla/go-feather-lib/pkg/common/properties/functions.go:17.42,19.31 2 0
github.com/guidomantilla/go-feather-lib/pkg/common/properties/functions.go:19.31,21.3 1 0
github.com/guidomantilla/go-feather-lib/pkg/common/properties/functions.go:22.2,24.19 3 0
github.com/guidomantilla/go-feather-lib/pkg/common/properties/functions.go:27.41,29.2 1 0
github.com/guidomantilla/go-feather-lib/pkg/common/properties/functions.go:31.34,33.2 1 0
github.com/guidomantilla/go-feather-lib/pkg/common/properties/functions.go:35.32,37.2 1 0
github.com/guidomantilla/go-feather-lib/pkg/common/properties/properties.go:11.39,12.38 1 0
github.com/guidomantilla/go-feather-lib/pkg/common/properties/properties.go:12.38,13.29 1 0
github.com/guidomantilla/go-feather-lib/pkg/common/properties/properties.go:13.29,15.22 2 0
github.com/guidomantilla/go-feather-lib/pkg/common/properties/properties.go:15.22,17.13 2 0
github.com/guidomantilla/go-feather-lib/pkg/common/properties/properties.go:19.4,19.36 1 0
github.com/guidomantilla/go-feather-lib/pkg/common/properties/properties.go:29.40,34.30 2 0
github.com/guidomantilla/go-feather-lib/pkg/common/properties/properties.go:34.30,36.3 1 0
github.com/guidomantilla/go-feather-lib/pkg/common/properties/properties.go:38.2,38.19 1 0
github.com/guidomantilla/go-feather-lib/pkg/common/properties/properties.go:41.57,45.32 3 0
github.com/guidomantilla/go-feather-lib/pkg/common/properties/properties.go:45.32,47.3 1 0
github.com/guidomantilla/go-feather-lib/pkg/common/properties/properties.go:50.50,55.2 3 0
github.com/guidomantilla/go-feather-lib/pkg/common/properties/properties.go:57.48,62.2 3 0
github.com/guidomantilla/go-feather-lib/pkg/common/properties/properties_source.go:15.69,27.2 5 0
github.com/guidomantilla/go-feather-lib/pkg/common/properties/properties_source.go:29.61,31.2 1 0
github.com/guidomantilla/go-feather-lib/pkg/common/properties/properties_source.go:33.56,35.2 1 0
github.com/guidomantilla/go-feather-lib/pkg/common/environment/environment.go:24.42,28.30 2 0
github.com/guidomantilla/go-feather-lib/pkg/common/environment/environment.go:28.30,30.3 1 0
github.com/guidomantilla/go-feather-lib/pkg/common/environment/environment.go:32.2,32.20 1 0
github.com/guidomantilla/go-feather-lib/pkg/common/environment/environment.go:35.63,38.55 2 0
github.com/guidomantilla/go-feather-lib/pkg/common/environment/environment.go:38.55,40.26 2 0
github.com/guidomantilla/go-feather-lib/pkg/common/environment/environment.go:40.26,42.9 2 0
github.com/guidomantilla/go-feather-lib/pkg/common/environment/environment.go:45.2,45.25 1 0
github.com/guidomantilla/go-feather-lib/pkg/common/environment/environment.go:48.93,51.18 2 0
github.com/guidomantilla/go-feather-lib/pkg/common/environment/environment.go:51.18,53.3 1 0
github.com/guidomantilla/go-feather-lib/pkg/common/environment/environment.go:54.2,54.32 1 0
github.com/guidomantilla/go-feather-lib/pkg/common/environment/environment.go:57.83,59.2 1 0
github.com/guidomantilla/go-feather-lib/pkg/common/environment/environment.go:61.105,63.2 1 0
github.com/guidomantilla/go-feather-lib/pkg/common/environment/environment_options.go:12.27,13.39 1 0
github.com/guidomantilla/go-feather-lib/pkg/common/environment/environment_options.go:13.40,14.3 0 0
github.com/guidomantilla/go-feather-lib/pkg/common/environment/environment_options.go:19.58,20.39 1 0
github.com/guidomantilla/go-feather-lib/pkg/common/environment/environment_options.go:20.39,21.24 1 0
github.com/guidomantilla/go-feather-lib/pkg/common/environment/environment_options.go:21.24,24.4 2 0
github.com/guidomantilla/go-feather-lib/pkg/common/environment/environment_options.go:28.42,29.39 1 0
github.com/guidomantilla/go-feather-lib/pkg/common/environment/environment_options.go:29.39,31.43 1 0
github.com/guidomantilla/go-feather-lib/pkg/common/environment/environment_options.go:31.43,32.50 1 0
github.com/guidomantilla/go-feather-lib/pkg/common/environment/environment_options.go:32.50,34.5 1 0
github.com/guidomantilla/go-feather-lib/pkg/common/environment/environment_options.go:35.4,35.13 1 0
github.com/guidomantilla/go-feather-lib/pkg/common/environment/environment_options.go:38.3,38.43 1 0
github.com/guidomantilla/go-feather-lib/pkg/common/environment/environment_options.go:38.43,39.47 1 0
github.com/guidomantilla/go-feather-lib/pkg/common/environment/environment_options.go:39.47,41.5 1 0
github.com/guidomantilla/go-feather-lib/pkg/common/environment/environment_options.go:42.4,42.13 1 0
github.com/guidomantilla/go-feather-lib/pkg/common/environment/environment_options.go:45.3,50.98 6 0
github.com/guidomantilla/go-feather-lib/pkg/common/environment/environment_options.go:54.41,55.39 1 0
github.com/guidomantilla/go-feather-lib/pkg/common/environment/environment_options.go:55.39,58.3 2 0
github.com/guidomantilla/go-feather-lib/pkg/common/environment/environment_options.go:61.77,62.39 1 0
github.com/guidomantilla/go-feather-lib/pkg/common/environment/environment_options.go:62.39,63.55 1 0
github.com/guidomantilla/go-feather-lib/pkg/common/environment/environment_options.go:63.55,66.4 1 0
github.com/guidomantilla/go-feather-lib/pkg/common/environment/environment_options.go:70.100,71.39 1 0
github.com/guidomantilla/go-feather-lib/pkg/common/environment/environment_options.go:71.39,72.32 1 0
github.com/guidomantilla/go-feather-lib/pkg/common/environment/environment_options.go:72.32,74.4 1 0
github.com/guidomantilla/go-feather-lib/pkg/common/environment/environment_options_chain.go:9.42,13.2 1 0
github.com/guidomantilla/go-feather-lib/pkg/common/environment/environment_options_chain.go:15.46,16.39 1 0
github.com/guidomantilla/go-feather-lib/pkg/common/environment/environment_options_chain.go:16.39,17.40 1 0
github.com/guidomantilla/go-feather-lib/pkg/common/environment/environment_options_chain.go:17.40,19.4 1 0
github.com/guidomantilla/go-feather-lib/pkg/common/environment/environment_options_chain.go:23.70,26.2 2 0
github.com/guidomantilla/go-feather-lib/pkg/common/environment/environment_options_chain.go:28.54,31.2 2 0
github.com/guidomantilla/go-feather-lib/pkg/common/environment/environment_options_chain.go:33.53,36.2 2 0
github.com/guidomantilla/go-feather-lib/pkg/common/environment/environment_options_chain.go:38.89,41.2 2 0
github.com/guidomantilla/go-feather-lib/pkg/common/environment/environment_options_chain.go:43.112,46.2 2 0
github.com/guidomantilla/go-feather-lib/pkg/common/environment/functions.go:11.29,13.18 2 0
github.com/guidomantilla/go-feather-lib/pkg/common/environment/functions.go:13.18,15.3 1 0
github.com/guidomantilla/go-feather-lib/pkg/common/environment/functions.go:16.2,16.28 1 0
github.com/guidomantilla/go-feather-lib/pkg/common/environment/functions.go:19.44,21.23 2 0
github.com/guidomantilla/go-feather-lib/pkg/common/environment/functions.go:21.23,23.3 1 0
github.com/guidomantilla/go-feather-lib/pkg/common/environment/functions.go:24.2,26.12 3 0
github.com/guidomantilla/go-feather-lib/pkg/common/environment/functions.go:29.36,31.2 1 0
github.com/guidomantilla/go-feather-lib/pkg/common/environment/functions.go:33.66,35.2 1 0
github.com/guidomantilla/go-feather-lib/pkg/common/environment/functions.go:37.54,39.2 1 0
github.com/guidomantilla/go-feather-lib/pkg/common/environment/functions.go:41.76,43.2 1 0
github.com/guidomantilla/go-feather-lib/pkg/common/environment/types.go:25.37,27.2 1 0
github.com/guidomantilla/go-feather-lib/pkg/common/environment/types.go:29.43,31.16 2 0
github.com/guidomantilla/go-feather-lib/pkg/common/environment/types.go:31.16,33.3 1 0
github.com/guidomantilla/go-feather-lib/pkg/common/environment/types.go:34.2,34.19 1 0
github.com/guidomantilla/go-feather-lib/pkg/common/environment/types.go:37.40,39.2 1 0
github.com/guidomantilla/go-feather-lib/pkg/common/rest/exceptions.go:13.49,16.19 2 0
github.com/guidomantilla/go-feather-lib/pkg/common/rest/exceptions.go:16.19,17.28 1 0
github.com/guidomantilla/go-feather-lib/pkg/common/rest/exceptions.go:17.28,19.4 1 0
github.com/guidomantilla/go-feather-lib/pkg/common/rest/exceptions.go:21.2,21.15 1 0
github.com/guidomantilla/go-feather-lib/pkg/common/rest/exceptions.go:24.67,31.2 1 0
github.com/guidomantilla/go-feather-lib/pkg/common/rest/exceptions.go:33.69,40.2 1 0
github.com/guidomantilla/go-feather-lib/pkg/common/rest/exceptions.go:42.66,49.2 1 0
github.com/guidomantilla/go-feather-lib/pkg/common/rest/exceptions.go:51.65,58.2 1 0
github.com/guidomantilla/go-feather-lib/pkg/common/rest/exceptions.go:60.76,67.2 1 0
github.com/guidomantilla/go-feather-lib/pkg/common/errors/functions.go:8.35,10.2 1 0
github.com/guidomantilla/go-feather-lib/pkg/common/log/functions.go:14.38,16.18 2 0
github.com/guidomantilla/go-feather-lib/pkg/common/log/functions.go:16.18,18.3 1 0
github.com/guidomantilla/go-feather-lib/pkg/common/log/functions.go:19.2,19.37 1 0
github.com/guidomantilla/go-feather-lib/pkg/common/log/functions.go:22.54,24.17 2 0
github.com/guidomantilla/go-feather-lib/pkg/common/log/functions.go:24.17,26.3 1 0
github.com/guidomantilla/go-feather-lib/pkg/common/log/functions.go:27.2,29.15 3 0
github.com/guidomantilla/go-feather-lib/pkg/common/log/functions.go:34.37,36.2 1 0
github.com/guidomantilla/go-feather-lib/pkg/common/log/functions.go:38.37,40.2 1 0
github.com/guidomantilla/go-feather-lib/pkg/common/log/functions.go:42.36,44.2 1 0
github.com/guidomantilla/go-feather-lib/pkg/common/log/functions.go:46.36,48.2 1 0
github.com/guidomantilla/go-feather-lib/pkg/common/log/functions.go:50.37,52.2 1 0
github.com/guidomantilla/go-feather-lib/pkg/common/log/functions.go:54.37,57.2 2 0
github.com/guidomantilla/go-feather-lib/pkg/common/log/functions.go:61.34,63.2 1 0
github.com/guidomantilla/go-feather-lib/pkg/common/log/slog_handler_fanout.go:16.66,20.2 1 0
github.com/guidomantilla/go-feather-lib/pkg/common/log/slog_handler_fanout.go:22.77,23.28 1 0
github.com/guidomantilla/go-feather-lib/pkg/common/log/slog_handler_fanout.go:23.28,24.36 1 0
github.com/guidomantilla/go-feather-lib/pkg/common/log/slog_handler_fanout.go:24.36,26.4 1 0
github.com/guidomantilla/go-feather-lib/pkg/common/log/slog_handler_fanout.go:28.2,28.14 1 0
github.com/guidomantilla/go-feather-lib/pkg/common/log/slog_handler_fanout.go:31.78,32.28 1 0
github.com/guidomantilla/go-feather-lib/pkg/common/log/slog_handler_fanout.go:32.28,33.42 1 0
github.com/guidomantilla/go-feather-lib/pkg/common/log/slog_handler_fanout.go:33.42,34.63 1 0
github.com/guidomantilla/go-feather-lib/pkg/common/log/slog_handler_fanout.go:34.63,36.5 1 0
github.com/guidomantilla/go-feather-lib/pkg/common/log/slog_handler_fanout.go:39.2,39.12 1 0
github.com/guidomantilla/go-feather-lib/pkg/common/log/slog_handler_fanout.go:42.71,43.37 1 0
github.com/guidomantilla/go-feather-lib/pkg/common/log/slog_handler_fanout.go:43.37,45.3 1 0
github.com/guidomantilla/go-feather-lib/pkg/common/log/slog_handler_fanout.go:46.2,46.44 1 0
github.com/guidomantilla/go-feather-lib/pkg/common/log/slog_handler_fanout.go:49.65,50.37 1 0
github.com/guidomantilla/go-feather-lib/pkg/common/log/slog_handler_fanout.go:50.37,52.3 1 0
github.com/guidomantilla/go-feather-lib/pkg/common/log/slog_handler_fanout.go:53.2,53.44 1 0
github.com/guidomantilla/go-feather-lib/pkg/common/log/slog_logger.go:16.70,22.61 2 0
github.com/guidomantilla/go-feather-lib/pkg/common/log/slog_logger.go:22.61,23.30 1 0
github.com/guidomantilla/go-feather-lib/pkg/common/log/slog_logger.go:23.30,26.5 2 0
github.com/guidomantilla/go-feather-lib/pkg/common/log/slog_logger.go:27.4,27.12 1 0
github.com/guidomantilla/go-feather-lib/pkg/common/log/slog_logger.go:31.2,33.33 3 0
github.com/guidomantilla/go-feather-lib/pkg/common/log/slog_logger.go:33.33,35.3 1 0
github.com/guidomantilla/go-feather-lib/pkg/common/log/slog_logger.go:36.2,39.40 3 0
github.com/guidomantilla/go-feather-lib/pkg/common/log/slog_logger.go:42.79,44.2 1 0
github.com/guidomantilla/go-feather-lib/pkg/common/log/slog_logger.go:46.79,48.2 1 0
github.com/guidomantilla/go-feather-lib/pkg/common/log/slog_logger.go:50.78,52.2 1 0
github.com/guidomantilla/go-feather-lib/pkg/common/log/slog_logger.go:54.78,56.2 1 0
github.com/guidomantilla/go-feather-lib/pkg/common/log/slog_logger.go:58.79,60.2 1 0
github.com/guidomantilla/go-feather-lib/pkg/common/log/slog_logger.go:62.79,65.2 2 0
github.com/guidomantilla/go-feather-lib/pkg/common/log/slog_logger.go:67.49,69.2 1 0
github.com/guidomantilla/go-feather-lib/pkg/common/log/slog_logger.go:85.39,87.14 1 0
github.com/guidomantilla/go-feather-lib/pkg/common/log/slog_logger.go:88.22,89.17 1 0
github.com/guidomantilla/go-feather-lib/pkg/common/log/slog_logger.go:90.22,91.17 1 0
github.com/guidomantilla/go-feather-lib/pkg/common/log/slog_logger.go:92.21,93.16 1 0
github.com/guidomantilla/go-feather-lib/pkg/common/log/slog_logger.go:94.24,95.16 1 0
github.com/guidomantilla/go-feather-lib/pkg/common/log/slog_logger.go:96.22,97.17 1 0
github.com/guidomantilla/go-feather-lib/pkg/common/log/slog_logger.go:98.22,99.17 1 0
github.com/guidomantilla/go-feather-lib/pkg/common/log/slog_logger.go:100.20,101.15 1 0
github.com/guidomantilla/go-feather-lib/pkg/common/log/slog_logger.go:103.2,103.14 1 0
github.com/guidomantilla/go-feather-lib/pkg/common/log/slog_logger.go:106.48,107.14 1 0
github.com/guidomantilla/go-feather-lib/pkg/common/log/slog_logger.go:108.22,109.24 1 0
github.com/guidomantilla/go-feather-lib/pkg/common/log/slog_logger.go:110.22,111.25 1 0
github.com/guidomantilla/go-feather-lib/pkg/common/log/slog_logger.go:112.21,113.24 1 0
github.com/guidomantilla/go-feather-lib/pkg/common/log/slog_logger.go:114.24,115.24 1 0
github.com/guidomantilla/go-feather-lib/pkg/common/log/slog_logger.go:116.22,117.25 1 0
github.com/guidomantilla/go-feather-lib/pkg/common/log/slog_logger.go:118.22,119.24 1 0
github.com/guidomantilla/go-feather-lib/pkg/common/log/slog_logger.go:120.20,121.24 1 0
github.com/guidomantilla/go-feather-lib/pkg/common/log/slog_logger.go:123.2,123.23 1 0
github.com/guidomantilla/go-feather-lib/pkg/common/log/slog_logger.go:126.65,127.19 1 0
github.com/guidomantilla/go-feather-lib/pkg/common/log/slog_logger.go:128.15,129.24 1 0
github.com/guidomantilla/go-feather-lib/pkg/common/log/slog_logger.go:130.15,131.24 1 0
github.com/guidomantilla/go-feather-lib/pkg/common/log/slog_logger.go:132.14,133.23 1 0
github.com/guidomantilla/go-feather-lib/pkg/common/log/slog_logger.go:134.14,135.26 1 0
github.com/guidomantilla/go-feather-lib/pkg/common/log/slog_logger.go:136.15,137.24 1 0
github.com/guidomantilla/go-feather-lib/pkg/common/log/slog_logger.go:138.15,139.24 1 0
github.com/guidomantilla/go-feather-lib/pkg/common/log/slog_logger.go:140.13,141.22 1 0
github.com/guidomantilla/go-feather-lib/pkg/common/log/slog_logger.go:143.2,143.21 1 0
github.com/guidomantilla/go-feather-lib/pkg/common/log/slog_logger.go:146.66,147.19 1 0
github.com/guidomantilla/go-feather-lib/pkg/common/log/slog_logger.go:148.27,149.24 1 0
github.com/guidomantilla/go-feather-lib/pkg/common/log/slog_logger.go:150.27,151.24 1 0
github.com/guidomantilla/go-feather-lib/pkg/common/log/slog_logger.go:152.26,153.23 1 0
github.com/guidomantilla/go-feather-lib/pkg/common/log/slog_logger.go:154.29,155.26 1 0
github.com/guidomantilla/go-feather-lib/pkg/common/log/slog_logger.go:156.27,157.24 1 0
github.com/guidomantilla/go-feather-lib/pkg/common/log/slog_logger.go:158.27,159.24 1 0
github.com/guidomantilla/go-feather-lib/pkg/common/log/slog_logger.go:160.25,161.22 1 0
github.com/guidomantilla/go-feather-lib/pkg/common/log/slog_logger.go:163.2,163.21 1 0
github.com/guidomantilla/go-feather-lib/pkg/common/log/slog_logger.go:166.74,167.19 1 0
github.com/guidomantilla/go-feather-lib/pkg/common/log/slog_logger.go:168.22,169.24 1 0
github.com/guidomantilla/go-feather-lib/pkg/common/log/slog_logger.go:170.23,171.24 1 0
github.com/guidomantilla/go-feather-lib/pkg/common/log/slog_logger.go:172.22,173.23 1 0
github.com/guidomantilla/go-feather-lib/pkg/common/log/slog_logger.go:174.22,175.26 1 0
github.com/guidomantilla/go-feather-lib/pkg/common/log/slog_logger.go:176.23,177.24 1 0
github.com/guidomantilla/go-feather-lib/pkg/common/log/slog_logger.go:178.22,179.24 1 0
github.com/guidomantilla/go-feather-lib/pkg/common/log/slog_logger.go:180.22,181.22 1 0
github.com/guidomantilla/go-feather-lib/pkg/common/log/slog_logger.go:183.2,183.21 1 0
github.com/guidomantilla/go-feather-lib/pkg/common/log/slog_logger.go:195.40,196.14 1 0
github.com/guidomantilla/go-feather-lib/pkg/common/log/slog_logger.go:197.22,198.16 1 0
github.com/guidomantilla/go-feather-lib/pkg/common/log/slog_logger.go:199.22,200.16 1 0
github.com/guidomantilla/go-feather-lib/pkg/common/log/slog_logger.go:202.2,202.15 1 0
github.com/guidomantilla/go-feather-lib/pkg/common/log/slog_logger.go:205.70,206.22 1 0
github.com/guidomantilla/go-feather-lib/pkg/common/log/slog_logger.go:207.14,208.24 1 0
github.com/guidomantilla/go-feather-lib/pkg/common/log/slog_logger.go:209.14,210.24 1 0
github.com/guidomantilla/go-feather-lib/pkg/common/log/slog_logger.go:212.2,212.23 1 0
github.com/guidomantilla/go-feather-lib/pkg/common/log/slog_logger.go:215.71,216.22 1 0
github.com/guidomantilla/go-feather-lib/pkg/common/log/slog_logger.go:217.27,218.24 1 0
github.com/guidomantilla/go-feather-lib/pkg/common/log/slog_logger.go:219.27,220.24 1 0
github.com/guidomantilla/go-feather-lib/pkg/common/log/slog_logger.go:222.2,222.23 1 0
github.com/guidomantilla/go-feather-lib/pkg/common/log/slog_logger.go:225.85,226.14 1 0
github.com/guidomantilla/go-feather-lib/pkg/common/log/slog_logger.go:227.22,228.38 1 0
github.com/guidomantilla/go-feather-lib/pkg/common/log/slog_logger.go:229.22,230.38 1 0
github.com/guidomantilla/go-feather-lib/pkg/common/log/slog_logger.go:232.2,232.37 1 0
github.com/guidomantilla/go-feather-lib/pkg/common/ssl/functions.go:12.116,21.58 7 0
github.com/guidomantilla/go-feather-lib/pkg/common/ssl/functions.go:21.58,23.3 1 0
github.com/guidomantilla/go-feather-lib/pkg/common/ssl/functions.go:25.2,29.79 4 0
github.com/guidomantilla/go-feather-lib/pkg/common/ssl/functions.go:29.79,31.3 1 0
github.com/guidomantilla/go-feather-lib/pkg/common/ssl/functions.go:33.2,41.23 2 0
github.com/guidomantilla/go-feather-lib/pkg/common/server/functions.go:14.79,28.32 8 0
github.com/guidomantilla/go-feather-lib/pkg/common/server/functions.go:28.32,30.3 1 0
github.com/guidomantilla/go-feather-lib/pkg/common/server/functions.go:32.2,32.34 1 0
github.com/guidomantilla/go-feather-lib/pkg/common/server/functions.go:32.34,34.3 1 0
github.com/guidomantilla/go-feather-lib/pkg/common/validation/errors.go:12.91,14.2 1 0
github.com/guidomantilla/go-feather-lib/pkg/common/validation/errors.go:16.50,18.2 1 0
github.com/guidomantilla/go-feather-lib/pkg/common/validation/errors.go:25.81,27.2 1 0
github.com/guidomantilla/go-feather-lib/pkg/common/validation/errors.go:29.45,31.2 1 0
github.com/guidomantilla/go-feather-lib/pkg/common/validation/rules.go:10.86,11.37 1 0
github.com/guidomantilla/go-feather-lib/pkg/common/validation/rules.go:11.37,13.3 1 0
github.com/guidomantilla/go-feather-lib/pkg/common/validation/rules.go:14.2,14.12 1 0
github.com/guidomantilla/go-feather-lib/pkg/common/validation/rules.go:17.81,18.36 1 0
github.com/guidomantilla/go-feather-lib/pkg/common/validation/rules.go:18.36,20.3 1 0
github.com/guidomantilla/go-feather-lib/pkg/common/validation/rules.go:22.2,23.70 2 0
github.com/guidomantilla/go-feather-lib/pkg/common/validation/rules.go:23.70,25.54 2 0
github.com/guidomantilla/go-feather-lib/pkg/common/validation/rules.go:25.54,27.4 1 0
github.com/guidomantilla/go-feather-lib/pkg/common/validation/rules.go:30.2,30.12 1 0
github.com/guidomantilla/go-feather-lib/pkg/common/validation/rules.go:39.104,40.18 1 0
github.com/guidomantilla/go-feather-lib/pkg/common/validation/rules.go:40.18,42.3 1 0
github.com/guidomantilla/go-feather-lib/pkg/common/validation/rules.go:43.2,43.12 1 0
github.com/guidomantilla/go-feather-lib/pkg/common/validation/rules.go:46.99,47.18 1 0
github.com/guidomantilla/go-feather-lib/pkg/common/validation/rules.go:47.18,49.3 1 0
github.com/guidomantilla/go-feather-lib/pkg/common/validation/rules.go:51.2,52.70 2 0
github.com/guidomantilla/go-feather-lib/pkg/common/validation/rules.go:52.70,54.54 2 0
github.com/guidomantilla/go-feather-lib/pkg/common/validation/rules.go:54.54,56.4 1 0
github.com/guidomantilla/go-feather-lib/pkg/common/validation/rules.go:59.2,59.12 1 0
github.com/guidomantilla/go-feather-lib/pkg/common/utils/functions.go:9.33,11.2 1 0
github.com/guidomantilla/go-feather-lib/pkg/common/utils/functions.go:15.31,17.25 2 0
github.com/guidomantilla/go-feather-lib/pkg/common/utils/functions.go:17.25,19.3 1 0
github.com/guidomantilla/go-feather-lib/pkg/common/utils/functions.go:21.2,21.25 1 0
github.com/guidomantilla/go-feather-lib/pkg/common/utils/functions.go:23.63,24.29 1 0
github.com/guidomantilla/go-feather-lib/pkg/common/utils/functions.go:26.19,27.23 1 0
github.com/guidomantilla/go-feather-lib/pkg/common/utils/functions.go:27.23,29.4 1 0
github.com/guidomantilla/go-feather-lib/pkg/common/utils/functions.go:30.3,31.24 2 0
github.com/guidomantilla/go-feather-lib/pkg/common/utils/functions.go:32.22,34.40 2 0
github.com/guidomantilla/go-feather-lib/pkg/common/utils/functions.go:37.10,39.53 2 0
github.com/guidomantilla/go-feather-lib/pkg/datasource/gorm/connection.go:21.85,32.2 3 0
github.com/guidomantilla/go-feather-lib/pkg/datasource/gorm/connection.go:34.76,36.32 1 0
github.com/guidomantilla/go-feather-lib/pkg/datasource/gorm/connection.go:36.32,39.42 1 0
github.com/guidomantilla/go-feather-lib/pkg/datasource/gorm/connection.go:39.42,42.5 2 0
github.com/guidomantilla/go-feather-lib/pkg/datasource/gorm/connection.go:45.3,45.17 1 0
github.com/guidomantilla/go-feather-lib/pkg/datasource/gorm/connection.go:45.17,47.4 1 0
github.com/guidomantilla/go-feather-lib/pkg/datasource/gorm/connection.go:50.2,50.33 1 0
github.com/guidomantilla/go-feather-lib/pkg/datasource/gorm/connection.go:53.47,56.119 2 0
github.com/guidomantilla/go-feather-lib/pkg/datasource/gorm/connection.go:56.119,59.3 2 0
github.com/guidomantilla/go-feather-lib/pkg/datasource/gorm/connection.go:60.2,62.12 2 0
github.com/guidomantilla/go-feather-lib/pkg/datasource/gorm/connection.go:65.56,67.32 1 0
github.com/guidomantilla/go-feather-lib/pkg/datasource/gorm/connection.go:67.32,70.39 3 0
github.com/guidomantilla/go-feather-lib/pkg/datasource/gorm/connection.go:70.39,72.4 1 0
github.com/guidomantilla/go-feather-lib/pkg/datasource/gorm/connection.go:74.2,75.137 2 0
github.com/guidomantilla/go-feather-lib/pkg/datasource/gorm/connection.go:78.49,80.2 1 0
github.com/guidomantilla/go-feather-lib/pkg/datasource/gorm/context.go:15.102,32.2 10 0
github.com/guidomantilla/go-feather-lib/pkg/datasource/gorm/context.go:34.39,36.2 1 0
github.com/guidomantilla/go-feather-lib/pkg/datasource/gorm/context.go:38.42,40.2 1 0
github.com/guidomantilla/go-feather-lib/pkg/datasource/gorm/context.go:42.43,44.2 1 0
github.com/guidomantilla/go-feather-lib/pkg/datasource/gorm/errors.go:8.49,10.2 1 0
github.com/guidomantilla/go-feather-lib/pkg/datasource/gorm/fakes.go:15.38,19.2 1 0
github.com/guidomantilla/go-feather-lib/pkg/datasource/gorm/fakes.go:21.47,23.2 1 0
github.com/guidomantilla/go-feather-lib/pkg/datasource/gorm/fakes.go:25.63,34.2 2 0
github.com/guidomantilla/go-feather-lib/pkg/datasource/gorm/fakes.go:36.87,38.2 1 0
github.com/guidomantilla/go-feather-lib/pkg/datasource/gorm/fakes.go:40.66,42.2 1 0
github.com/guidomantilla/go-feather-lib/pkg/datasource/gorm/fakes.go:44.102,46.2 1 0
github.com/guidomantilla/go-feather-lib/pkg/datasource/gorm/fakes.go:48.75,55.32 2 0
github.com/guidomantilla/go-feather-lib/pkg/datasource/gorm/fakes.go:55.32,56.12 1 0
github.com/guidomantilla/go-feather-lib/pkg/datasource/gorm/fakes.go:57.12,59.31 2 0
github.com/guidomantilla/go-feather-lib/pkg/datasource/gorm/fakes.go:59.31,62.5 2 0
github.com/guidomantilla/go-feather-lib/pkg/datasource/gorm/fakes.go:63.12,64.45 1 0
github.com/guidomantilla/go-feather-lib/pkg/datasource/gorm/fakes.go:64.45,69.5 4 0
github.com/guidomantilla/go-feather-lib/pkg/datasource/gorm/fakes.go:70.4,71.12 2 0
github.com/guidomantilla/go-feather-lib/pkg/datasource/gorm/fakes.go:72.11,73.62 1 0
github.com/guidomantilla/go-feather-lib/pkg/datasource/gorm/fakes.go:73.62,76.56 3 0
github.com/guidomantilla/go-feather-lib/pkg/datasource/gorm/fakes.go:76.56,78.6 1 0
github.com/guidomantilla/go-feather-lib/pkg/datasource/gorm/fakes.go:81.4,81.58 1 0
github.com/guidomantilla/go-feather-lib/pkg/datasource/gorm/fakes.go:81.58,83.5 1 0
github.com/guidomantilla/go-feather-lib/pkg/datasource/gorm/fakes.go:85.4,85.23 1 0
github.com/guidomantilla/go-feather-lib/pkg/datasource/gorm/fakes.go:87.3,87.19 1 0
github.com/guidomantilla/go-feather-lib/pkg/datasource/gorm/fakes.go:90.2,90.43 1 0
github.com/guidomantilla/go-feather-lib/pkg/datasource/gorm/fakes.go:90.43,92.3 1 0
github.com/guidomantilla/go-feather-lib/pkg/datasource/gorm/fakes.go:93.2,93.23 1 0
github.com/guidomantilla/go-feather-lib/pkg/datasource/gorm/fakes.go:96.81,98.2 1 0
github.com/guidomantilla/go-feather-lib/pkg/datasource/gorm/fakes.go:100.66,102.2 1 0
github.com/guidomantilla/go-feather-lib/pkg/datasource/gorm/fakes.go:104.60,106.2 1 0
github.com/guidomantilla/go-feather-lib/pkg/datasource/gorm/transaction_handler.go:16.70,20.2 2 0
github.com/guidomantilla/go-feather-lib/pkg/datasource/gorm/transaction_handler.go:22.106,27.16 4 0
github.com/guidomantilla/go-feather-lib/pkg/datasource/gorm/transaction_handler.go:27.16,30.3 2 0
github.com/guidomantilla/go-feather-lib/pkg/datasource/gorm/transaction_handler.go:32.2,32.38 1 0
github.com/guidomantilla/go-feather-lib/pkg/datasource/gorm/transaction_handler.go:32.38,34.3 1 0
github.com/guidomantilla/go-feather-lib/pkg/datasource/gorm/transaction_handler.go:36.2,36.34 1 0
github.com/guidomantilla/go-feather-lib/pkg/datasource/mongo/connection.go:21.85,30.2 3 0
github.com/guidomantilla/go-feather-lib/pkg/datasource/mongo/connection.go:32.81,34.32 1 0
github.com/guidomantilla/go-feather-lib/pkg/datasource/mongo/connection.go:34.32,37.42 1 0
github.com/guidomantilla/go-feather-lib/pkg/datasource/mongo/connection.go:37.42,41.5 2 0
github.com/guidomantilla/go-feather-lib/pkg/datasource/mongo/connection.go:44.3,44.17 1 0
github.com/guidomantilla/go-feather-lib/pkg/datasource/mongo/connection.go:44.17,46.4 1 0
github.com/guidomantilla/go-feather-lib/pkg/datasource/mongo/connection.go:49.2,49.33 1 0
github.com/guidomantilla/go-feather-lib/pkg/datasource/mongo/connection.go:52.47,55.110 2 0
github.com/guidomantilla/go-feather-lib/pkg/datasource/mongo/connection.go:55.110,58.3 2 0
github.com/guidomantilla/go-feather-lib/pkg/datasource/mongo/connection.go:59.2,61.12 2 0
github.com/guidomantilla/go-feather-lib/pkg/datasource/mongo/connection.go:64.58,66.32 1 0
github.com/guidomantilla/go-feather-lib/pkg/datasource/mongo/connection.go:66.32,68.61 2 0
github.com/guidomantilla/go-feather-lib/pkg/datasource/mongo/connection.go:68.61,71.4 1 0
github.com/guidomantilla/go-feather-lib/pkg/datasource/mongo/connection.go:73.2,74.104 2 0
github.com/guidomantilla/go-feather-lib/pkg/datasource/mongo/connection.go:78.49,80.2 1 0
github.com/guidomantilla/go-feather-lib/pkg/datasource/mongo/context.go:15.86,32.2 8 0
github.com/guidomantilla/go-feather-lib/pkg/datasource/mongo/context.go:34.39,36.2 1 0
github.com/guidomantilla/go-feather-lib/pkg/datasource/mongo/context.go:38.42,40.2 1 0
github.com/guidomantilla/go-feather-lib/pkg/datasource/mongo/errors.go:8.49,10.2 1 0
github.com/guidomantilla/go-feather-lib/pkg/datasource/mongo/transaction_handler.go:14.70,18.2 2 0
github.com/guidomantilla/go-feather-lib/pkg/datasource/mongo/transaction_handler.go:20.113,25.16 4 0
github.com/guidomantilla/go-feather-lib/pkg/datasource/mongo/transaction_handler.go:25.16,28.3 2 0
github.com/guidomantilla/go-feather-lib/pkg/datasource/mongo/transaction_handler.go:30.2,31.16 2 0
github.com/guidomantilla/go-feather-lib/pkg/datasource/mongo/transaction_handler.go:31.16,34.3 2 0
github.com/guidomantilla/go-feather-lib/pkg/datasource/mongo/transaction_handler.go:35.2,37.56 2 0
github.com/guidomantilla/go-feather-lib/pkg/datasource/mongo/transaction_handler.go:37.56,39.3 1 0
github.com/guidomantilla/go-feather-lib/pkg/datasource/mongo/transaction_handler.go:41.2,41.47 1 0
github.com/guidomantilla/go-feather-lib/pkg/integration/channel_types.go:10.73,14.2 3 0
github.com/guidomantilla/go-feather-lib/pkg/integration/channel_types.go:16.113,23.2 6 0
github.com/guidomantilla/go-feather-lib/pkg/integration/channel_types.go:25.107,32.2 6 0
github.com/guidomantilla/go-feather-lib/pkg/integration/channel_types.go:36.107,38.2 1 0
github.com/guidomantilla/go-feather-lib/pkg/integration/channel_types.go:40.75,42.2 1 0
github.com/guidomantilla/go-feather-lib/pkg/integration/channel_types.go:46.111,48.2 1 0
github.com/guidomantilla/go-feather-lib/pkg/integration/channel_types.go:50.71,52.2 1 0
github.com/guidomantilla/go-feather-lib/pkg/integration/channel_types.go:56.88,58.2 1 0
github.com/guidomantilla/go-feather-lib/pkg/integration/channel_types.go:60.65,62.2 1 0
github.com/guidomantilla/go-feather-lib/pkg/integration/messaging/channel_messages.go:19.125,28.2 4 0
github.com/guidomantilla/go-feather-lib/pkg/integration/messaging/channel_messages.go:30.114,32.16 1 0
github.com/guidomantilla/go-feather-lib/pkg/integration/messaging/channel_messages.go:32.16,34.3 1 0
github.com/guidomantilla/go-feather-lib/pkg/integration/messaging/channel_messages.go:36.2,36.20 1 0
github.com/guidomantilla/go-feather-lib/pkg/integration/messaging/channel_messages.go:36.20,38.3 1 0
github.com/guidomantilla/go-feather-lib/pkg/integration/messaging/channel_messages.go:40.2,40.51 1 0
github.com/guidomantilla/go-feather-lib/pkg/integration/messaging/channel_messages.go:43.111,45.16 1 0
github.com/guidomantilla/go-feather-lib/pkg/integration/messaging/channel_messages.go:45.16,47.3 1 0
github.com/guidomantilla/go-feather-lib/pkg/integration/messaging/channel_messages.go:49.2,49.18 1 0
github.com/guidomantilla/go-feather-lib/pkg/integration/messaging/channel_messages.go:49.18,51.3 1 0
github.com/guidomantilla/go-feather-lib/pkg/integration/messaging/channel_messages.go:53.2,53.47 1 0
github.com/guidomantilla/go-feather-lib/pkg/integration/messaging/channel_messages.go:56.53,58.2 1 0
github.com/guidomantilla/go-feather-lib/pkg/integration/messaging/channel_messages.go:68.69,74.2 1 0
github.com/guidomantilla/go-feather-lib/pkg/integration/messaging/channel_messages.go:76.108,78.16 1 0
github.com/guidomantilla/go-feather-lib/pkg/integration/messaging/channel_messages.go:78.16,80.3 1 0
github.com/guidomantilla/go-feather-lib/pkg/integration/messaging/channel_messages.go:82.2,82.20 1 0
github.com/guidomantilla/go-feather-lib/pkg/integration/messaging/channel_messages.go:82.20,84.3 1 0
github.com/guidomantilla/go-feather-lib/pkg/integration/messaging/channel_messages.go:86.2,89.9 3 0
github.com/guidomantilla/go-feather-lib/pkg/integration/messaging/channel_messages.go:90.20,93.71 3 0
github.com/guidomantilla/go-feather-lib/pkg/integration/messaging/channel_messages.go:94.27,95.67 1 0
github.com/guidomantilla/go-feather-lib/pkg/integration/messaging/channel_messages.go:96.10,98.13 2 0
github.com/guidomantilla/go-feather-lib/pkg/integration/messaging/channel_messages.go:102.105,104.16 1 0
github.com/guidomantilla/go-feather-lib/pkg/integration/messaging/channel_messages.go:104.16,106.3 1 0
github.com/guidomantilla/go-feather-lib/pkg/integration/messaging/channel_messages.go:108.2,108.18 1 0
github.com/guidomantilla/go-feather-lib/pkg/integration/messaging/channel_messages.go:108.18,110.3 1 0
github.com/guidomantilla/go-feather-lib/pkg/integration/messaging/channel_messages.go:112.2,115.9 3 0
github.com/guidomantilla/go-feather-lib/pkg/integration/messaging/channel_messages.go:116.20,117.76 1 0
github.com/guidomantilla/go-feather-lib/pkg/integration/messaging/channel_messages.go:118.27,119.72 1 0
github.com/guidomantilla/go-feather-lib/pkg/integration/messaging/channel_messages.go:120.37,121.22 1 0
github.com/guidomantilla/go-feather-lib/pkg/integration/messaging/channel_messages.go:125.41,130.2 4 0
github.com/guidomantilla/go-feather-lib/pkg/integration/messaging/channel_messages.go:132.47,134.2 1 0
github.com/guidomantilla/go-feather-lib/pkg/integration/messaging/channel_receivers.go:19.123,26.2 3 0
github.com/guidomantilla/go-feather-lib/pkg/integration/messaging/channel_receivers.go:28.123,30.16 1 0
github.com/guidomantilla/go-feather-lib/pkg/integration/messaging/channel_receivers.go:30.16,32.3 1 0
github.com/guidomantilla/go-feather-lib/pkg/integration/messaging/channel_receivers.go:34.2,34.18 1 0
github.com/guidomantilla/go-feather-lib/pkg/integration/messaging/channel_receivers.go:34.18,36.3 1 0
github.com/guidomantilla/go-feather-lib/pkg/integration/messaging/channel_receivers.go:38.2,38.38 1 0
github.com/guidomantilla/go-feather-lib/pkg/integration/messaging/channel_receivers.go:41.65,43.2 1 0
github.com/guidomantilla/go-feather-lib/pkg/integration/messaging/channel_receivers.go:52.116,59.2 3 0
github.com/guidomantilla/go-feather-lib/pkg/integration/messaging/channel_receivers.go:61.119,63.16 1 0
github.com/guidomantilla/go-feather-lib/pkg/integration/messaging/channel_receivers.go:63.16,65.3 1 0
github.com/guidomantilla/go-feather-lib/pkg/integration/messaging/channel_receivers.go:67.2,67.18 1 0
github.com/guidomantilla/go-feather-lib/pkg/integration/messaging/channel_receivers.go:67.18,69.3 1 0
github.com/guidomantilla/go-feather-lib/pkg/integration/messaging/channel_receivers.go:71.2,71.47 1 0
github.com/guidomantilla/go-feather-lib/pkg/integration/messaging/channel_receivers.go:82.158,92.2 5 0
github.com/guidomantilla/go-feather-lib/pkg/integration/messaging/channel_receivers.go:94.124,96.16 1 0
github.com/guidomantilla/go-feather-lib/pkg/integration/messaging/channel_receivers.go:96.16,98.3 1 0
github.com/guidomantilla/go-feather-lib/pkg/integration/messaging/channel_receivers.go:100.2,100.18 1 0
github.com/guidomantilla/go-feather-lib/pkg/integration/messaging/channel_receivers.go:100.18,102.3 1 0
github.com/guidomantilla/go-feather-lib/pkg/integration/messaging/channel_receivers.go:104.2,106.71 3 0
github.com/guidomantilla/go-feather-lib/pkg/integration/messaging/channel_receivers.go:106.71,108.3 1 0
github.com/guidomantilla/go-feather-lib/pkg/integration/messaging/channel_receivers.go:110.2,110.47 1 0
github.com/guidomantilla/go-feather-lib/pkg/integration/messaging/channel_receivers.go:110.47,111.67 1 0
github.com/guidomantilla/go-feather-lib/pkg/integration/messaging/channel_receivers.go:111.67,113.4 1 0
github.com/guidomantilla/go-feather-lib/pkg/integration/messaging/channel_receivers.go:116.2,116.21 1 0
github.com/guidomantilla/go-feather-lib/pkg/integration/messaging/channel_receivers.go:120.66,122.2 1 0
github.com/guidomantilla/go-feather-lib/pkg/integration/messaging/channel_receivers.go:131.108,138.2 3 0
github.com/guidomantilla/go-feather-lib/pkg/integration/messaging/channel_receivers.go:140.115,142.16 1 0
github.com/guidomantilla/go-feather-lib/pkg/integration/messaging/channel_receivers.go:142.16,144.3 1 0
github.com/guidomantilla/go-feather-lib/pkg/integration/messaging/channel_receivers.go:146.2,146.18 1 0
github.com/guidomantilla/go-feather-lib/pkg/integration/messaging/channel_receivers.go:146.18,148.3 1 0
github.com/guidomantilla/go-feather-lib/pkg/integration/messaging/channel_receivers.go:150.2,154.42 4 0
github.com/guidomantilla/go-feather-lib/pkg/integration/messaging/channel_receivers.go:154.42,157.3 2 0
github.com/guidomantilla/go-feather-lib/pkg/integration/messaging/channel_receivers.go:159.2,159.9 1 0
github.com/guidomantilla/go-feather-lib/pkg/integration/messaging/channel_receivers.go:160.20,161.77 1 0
github.com/guidomantilla/go-feather-lib/pkg/integration/messaging/channel_receivers.go:162.34,163.40 1 0
github.com/guidomantilla/go-feather-lib/pkg/integration/messaging/channel_receivers.go:167.57,169.2 1 0
github.com/guidomantilla/go-feather-lib/pkg/integration/messaging/channel_receivers.go:176.65,181.2 1 0
github.com/guidomantilla/go-feather-lib/pkg/integration/messaging/channel_receivers.go:190.106,197.2 3 0
github.com/guidomantilla/go-feather-lib/pkg/integration/messaging/channel_receivers.go:199.114,201.16 1 0
github.com/guidomantilla/go-feather-lib/pkg/integration/messaging/channel_receivers.go:201.16,203.3 1 0
github.com/guidomantilla/go-feather-lib/pkg/integration/messaging/channel_receivers.go:205.2,205.18 1 0
github.com/guidomantilla/go-feather-lib/pkg/integration/messaging/channel_receivers.go:205.18,207.3 1 0
github.com/guidomantilla/go-feather-lib/pkg/integration/messaging/channel_receivers.go:209.2,212.71 4 0
github.com/guidomantilla/go-feather-lib/pkg/integration/messaging/channel_receivers.go:212.71,215.3 2 0
github.com/guidomantilla/go-feather-lib/pkg/integration/messaging/channel_receivers.go:217.2,218.21 2 0
github.com/guidomantilla/go-feather-lib/pkg/integration/messaging/channel_receivers.go:221.56,223.2 1 0
github.com/guidomantilla/go-feather-lib/pkg/integration/messaging/channel_senders.go:19.117,26.2 3 0
github.com/guidomantilla/go-feather-lib/pkg/integration/messaging/channel_senders.go:28.124,30.16 1 0
github.com/guidomantilla/go-feather-lib/pkg/integration/messaging/channel_senders.go:30.16,32.3 1 0
github.com/guidomantilla/go-feather-lib/pkg/integration/messaging/channel_senders.go:34.2,34.20 1 0
github.com/guidomantilla/go-feather-lib/pkg/integration/messaging/channel_senders.go:34.20,36.3 1 0
github.com/guidomantilla/go-feather-lib/pkg/integration/messaging/channel_senders.go:38.2,38.47 1 0
github.com/guidomantilla/go-feather-lib/pkg/integration/messaging/channel_senders.go:41.63,43.2 1 0
github.com/guidomantilla/go-feather-lib/pkg/integration/messaging/channel_senders.go:52.108,59.2 3 0
github.com/guidomantilla/go-feather-lib/pkg/integration/messaging/channel_senders.go:61.120,63.16 1 0
github.com/guidomantilla/go-feather-lib/pkg/integration/messaging/channel_senders.go:63.16,65.3 1 0
github.com/guidomantilla/go-feather-lib/pkg/integration/messaging/channel_senders.go:67.2,67.20 1 0
github.com/guidomantilla/go-feather-lib/pkg/integration/messaging/channel_senders.go:67.20,69.3 1 0
github.com/guidomantilla/go-feather-lib/pkg/integration/messaging/channel_senders.go:71.2,71.51 1 0
github.com/guidomantilla/go-feather-lib/pkg/integration/messaging/channel_senders.go:74.59,76.2 1 0
github.com/guidomantilla/go-feather-lib/pkg/integration/messaging/channel_senders.go:86.150,96.2 5 0
github.com/guidomantilla/go-feather-lib/pkg/integration/messaging/channel_senders.go:98.125,100.16 1 0
github.com/guidomantilla/go-feather-lib/pkg/integration/messaging/channel_senders.go:100.16,102.3 1 0
github.com/guidomantilla/go-feather-lib/pkg/integration/messaging/channel_senders.go:104.2,104.20 1 0
github.com/guidomantilla/go-feather-lib/pkg/integration/messaging/channel_senders.go:104.20,106.3 1 0
github.com/guidomantilla/go-feather-lib/pkg/integration/messaging/channel_senders.go:108.2,109.47 2 0
github.com/guidomantilla/go-feather-lib/pkg/integration/messaging/channel_senders.go:109.47,110.67 1 0
github.com/guidomantilla/go-feather-lib/pkg/integration/messaging/channel_senders.go:110.67,112.4 1 0
github.com/guidomantilla/go-feather-lib/pkg/integration/messaging/channel_senders.go:115.2,115.51 1 0
github.com/guidomantilla/go-feather-lib/pkg/integration/messaging/channel_senders.go:118.64,120.2 1 0
github.com/guidomantilla/go-feather-lib/pkg/integration/messaging/channel_senders.go:129.100,136.2 3 0
github.com/guidomantilla/go-feather-lib/pkg/integration/messaging/channel_senders.go:138.116,140.16 1 0
github.com/guidomantilla/go-feather-lib/pkg/integration/messaging/channel_senders.go:140.16,142.3 1 0
github.com/guidomantilla/go-feather-lib/pkg/integration/messaging/channel_senders.go:144.2,144.20 1 0
github.com/guidomantilla/go-feather-lib/pkg/integration/messaging/channel_senders.go:144.20,146.3 1 0
github.com/guidomantilla/go-feather-lib/pkg/integration/messaging/channel_senders.go:148.2,152.30 4 0
github.com/guidomantilla/go-feather-lib/pkg/integration/messaging/channel_senders.go:152.30,155.3 2 0
github.com/guidomantilla/go-feather-lib/pkg/integration/messaging/channel_senders.go:157.2,157.9 1 0
github.com/guidomantilla/go-feather-lib/pkg/integration/messaging/channel_senders.go:158.20,161.70 3 0
github.com/guidomantilla/go-feather-lib/pkg/integration/messaging/channel_senders.go:162.24,163.13 1 0
github.com/guidomantilla/go-feather-lib/pkg/integration/messaging/channel_senders.go:167.55,169.2 1 0
github.com/guidomantilla/go-feather-lib/pkg/integration/messaging/channel_senders.go:178.98,185.2 3 0
github.com/guidomantilla/go-feather-lib/pkg/integration/messaging/channel_senders.go:187.115,189.16 1 0
github.com/guidomantilla/go-feather-lib/pkg/integration/messaging/channel_senders.go:189.16,191.3 1 0
github.com/guidomantilla/go-feather-lib/pkg/integration/messaging/channel_senders.go:193.2,193.20 1 0
github.com/guidomantilla/go-feather-lib/pkg/integration/messaging/channel_senders.go:193.20,195.3 1 0
github.com/guidomantilla/go-feather-lib/pkg/integration/messaging/channel_senders.go:197.2,198.67 2 0
github.com/guidomantilla/go-feather-lib/pkg/integration/messaging/channel_senders.go:198.67,201.3 2 0
github.com/guidomantilla/go-feather-lib/pkg/integration/messaging/channel_senders.go:203.2,204.12 2 0
github.com/guidomantilla/go-feather-lib/pkg/integration/messaging/channel_senders.go:207.54,209.2 1 0
github.com/guidomantilla/go-feather-lib/pkg/integration/messaging/errors.go:9.46,11.2 1 0
github.com/guidomantilla/go-feather-lib/pkg/integration/messaging/errors.go:13.52,15.2 1 0
github.com/guidomantilla/go-feather-lib/pkg/integration/messaging/errors.go:17.52,19.2 1 0
github.com/guidomantilla/go-feather-lib/pkg/integration/messaging/headers.go:42.61,68.33 12 0
github.com/guidomantilla/go-feather-lib/pkg/integration/messaging/headers.go:68.33,70.3 1 0
github.com/guidomantilla/go-feather-lib/pkg/integration/messaging/headers.go:72.2,72.16 1 0
github.com/guidomantilla/go-feather-lib/pkg/integration/messaging/headers.go:75.67,78.2 2 0
github.com/guidomantilla/go-feather-lib/pkg/integration/messaging/headers.go:82.44,84.2 1 0
github.com/guidomantilla/go-feather-lib/pkg/integration/messaging/headers.go:86.50,88.2 1 0
github.com/guidomantilla/go-feather-lib/pkg/integration/messaging/headers.go:90.51,93.2 2 0
github.com/guidomantilla/go-feather-lib/pkg/integration/messaging/headers.go:95.44,98.2 2 0
github.com/guidomantilla/go-feather-lib/pkg/integration/messaging/headers.go:100.56,103.2 2 0
github.com/guidomantilla/go-feather-lib/pkg/integration/messaging/headers.go:105.50,107.2 1 0
github.com/guidomantilla/go-feather-lib/pkg/integration/messaging/headers.go:109.52,111.2 1 0
github.com/guidomantilla/go-feather-lib/pkg/integration/messaging/headers.go:113.57,115.2 1 0
github.com/guidomantilla/go-feather-lib/pkg/integration/messaging/headers.go:117.51,119.2 1 0
github.com/guidomantilla/go-feather-lib/pkg/integration/messaging/headers.go:121.51,123.2 1 0
github.com/guidomantilla/go-feather-lib/pkg/integration/messaging/headers.go:127.64,130.35 2 0
github.com/guidomantilla/go-feather-lib/pkg/integration/messaging/headers.go:130.35,132.3 1 0
github.com/guidomantilla/go-feather-lib/pkg/integration/messaging/headers.go:134.2,135.26 2 0
github.com/guidomantilla/go-feather-lib/pkg/integration/messaging/headers.go:135.26,137.3 1 0
github.com/guidomantilla/go-feather-lib/pkg/integration/messaging/headers.go:138.2,138.35 1 0
github.com/guidomantilla/go-feather-lib/pkg/integration/messaging/headers.go:138.35,140.3 1 0
github.com/guidomantilla/go-feather-lib/pkg/integration/messaging/headers.go:141.2,141.33 1 0
github.com/guidomantilla/go-feather-lib/pkg/integration/messaging/headers.go:141.33,143.3 1 0
github.com/guidomantilla/go-feather-lib/pkg/integration/messaging/headers.go:144.2,144.31 1 0
github.com/guidomantilla/go-feather-lib/pkg/integration/messaging/headers.go:144.31,146.3 1 0
github.com/guidomantilla/go-feather-lib/pkg/integration/messaging/headers.go:147.2,147.41 1 0
github.com/guidomantilla/go-feather-lib/pkg/integration/messaging/headers.go:147.41,149.3 1 0
github.com/guidomantilla/go-feather-lib/pkg/integration/messaging/headers.go:150.2,150.35 1 0
github.com/guidomantilla/go-feather-lib/pkg/integration/messaging/headers.go:150.35,152.3 1 0
github.com/guidomantilla/go-feather-lib/pkg/integration/messaging/headers.go:153.2,153.37 1 0
github.com/guidomantilla/go-feather-lib/pkg/integration/messaging/headers.go:153.37,155.3 1 0
github.com/guidomantilla/go-feather-lib/pkg/integration/messaging/headers.go:156.2,156.42 1 0
github.com/guidomantilla/go-feather-lib/pkg/integration/messaging/headers.go:156.42,158.3 1 0
github.com/guidomantilla/go-feather-lib/pkg/integration/messaging/headers.go:159.2,159.36 1 0
github.com/guidomantilla/go-feather-lib/pkg/integration/messaging/headers.go:159.36,161.3 1 0
github.com/guidomantilla/go-feather-lib/pkg/integration/messaging/headers.go:162.2,162.36 1 0
github.com/guidomantilla/go-feather-lib/pkg/integration/messaging/headers.go:162.36,164.3 1 0
github.com/guidomantilla/go-feather-lib/pkg/integration/messaging/headers.go:166.2,166.36 1 0
github.com/guidomantilla/go-feather-lib/pkg/integration/messaging/headers.go:169.57,171.2 1 0
github.com/guidomantilla/go-feather-lib/pkg/integration/messaging/headers.go:173.55,175.2 1 0
github.com/guidomantilla/go-feather-lib/pkg/integration/messaging/headers.go:177.45,179.2 1 0
github.com/guidomantilla/go-feather-lib/pkg/integration/messaging/headers_options.go:16.41,17.31 1 0
github.com/guidomantilla/go-feather-lib/pkg/integration/messaging/headers_options.go:17.32,18.3 0 0
github.com/guidomantilla/go-feather-lib/pkg/integration/messaging/headers_options.go:21.72,27.41 3 0
github.com/guidomantilla/go-feather-lib/pkg/integration/messaging/headers_options.go:27.41,29.3 1 0
github.com/guidomantilla/go-feather-lib/pkg/integration/messaging/headers_options.go:30.2,30.24 1 0
github.com/guidomantilla/go-feather-lib/pkg/integration/messaging/headers_options.go:33.63,34.31 1 0
github.com/guidomantilla/go-feather-lib/pkg/integration/messaging/headers_options.go:34.31,35.21 1 0
github.com/guidomantilla/go-feather-lib/pkg/integration/messaging/headers_options.go:35.21,37.4 1 0
github.com/guidomantilla/go-feather-lib/pkg/integration/messaging/headers_options.go:41.78,42.31 1 0
github.com/guidomantilla/go-feather-lib/pkg/integration/messaging/headers_options.go:42.31,43.43 1 0
github.com/guidomantilla/go-feather-lib/pkg/integration/messaging/headers_options.go:43.43,45.4 1 0
github.com/guidomantilla/go-feather-lib/pkg/integration/messaging/headers_options.go:49.77,50.31 1 0
github.com/guidomantilla/go-feather-lib/pkg/integration/messaging/headers_options.go:50.31,51.26 1 0
github.com/guidomantilla/go-feather-lib/pkg/integration/messaging/headers_options.go:51.26,53.4 1 0
github.com/guidomantilla/go-feather-lib/pkg/integration/messaging/headers_options.go:57.68,58.31 1 0
github.com/guidomantilla/go-feather-lib/pkg/integration/messaging/headers_options.go:58.31,60.3 1 0
github.com/guidomantilla/go-feather-lib/pkg/integration/messaging/headers_options.go:63.83,64.31 1 0
github.com/guidomantilla/go-feather-lib/pkg/integration/messaging/headers_options.go:64.31,65.21 1 0
github.com/guidomantilla/go-feather-lib/pkg/integration/messaging/headers_options.go:65.21,67.4 1 0
github.com/guidomantilla/go-feather-lib/pkg/integration/messaging/headers_options.go:71.78,72.31 1 0
github.com/guidomantilla/go-feather-lib/pkg/integration/messaging/headers_options.go:72.31,73.43 1 0
github.com/guidomantilla/go-feather-lib/pkg/integration/messaging/headers_options.go:73.43,75.4 1 0
github.com/guidomantilla/go-feather-lib/pkg/integration/messaging/headers_options.go:79.82,80.31 1 0
github.com/guidomantilla/go-feather-lib/pkg/integration/messaging/headers_options.go:80.31,81.45 1 0
github.com/guidomantilla/go-feather-lib/pkg/integration/messaging/headers_options.go:81.45,83.4 1 0
github.com/guidomantilla/go-feather-lib/pkg/integration/messaging/headers_options.go:87.92,88.31 1 0
github.com/guidomantilla/go-feather-lib/pkg/integration/messaging/headers_options.go:88.31,89.50 1 0
github.com/guidomantilla/go-feather-lib/pkg/integration/messaging/headers_options.go:89.50,91.4 1 0
github.com/guidomantilla/go-feather-lib/pkg/integration/messaging/headers_options.go:95.80,96.31 1 0
github.com/guidomantilla/go-feather-lib/pkg/integration/messaging/headers_options.go:96.31,97.25 1 0
github.com/guidomantilla/go-feather-lib/pkg/integration/messaging/headers_options.go:97.25,99.4 1 0
github.com/guidomantilla/go-feather-lib/pkg/integration/messaging/headers_options.go:103.80,104.31 1 0
github.com/guidomantilla/go-feather-lib/pkg/integration/messaging/headers_options.go:104.31,105.25 1 0
github.com/guidomantilla/go-feather-lib/pkg/integration/messaging/headers_options.go:105.25,107.4 1 0
github.com/guidomantilla/go-feather-lib/pkg/integration/messaging/headers_options.go:111.81,112.31 1 0
github.com/guidomantilla/go-feather-lib/pkg/integration/messaging/headers_options.go:112.31,113.74 1 0
github.com/guidomantilla/go-feather-lib/pkg/integration/messaging/headers_options.go:113.74,115.4 1 0
github.com/guidomantilla/go-feather-lib/pkg/integration/messaging/headers_options_chain.go:13.55,17.2 1 0
github.com/guidomantilla/go-feather-lib/pkg/integration/messaging/headers_options_chain.go:19.64,20.31 1 0
github.com/guidomantilla/go-feather-lib/pkg/integration/messaging/headers_options_chain.go:20.31,21.40 1 0
github.com/guidomantilla/go-feather-lib/pkg/integration/messaging/headers_options_chain.go:21.40,23.4 1 0
github.com/guidomantilla/go-feather-lib/pkg/integration/messaging/headers_options_chain.go:27.78,30.2 2 0
github.com/guidomantilla/go-feather-lib/pkg/integration/messaging/headers_options_chain.go:32.93,35.2 2 0
github.com/guidomantilla/go-feather-lib/pkg/integration/messaging/headers_options_chain.go:37.92,40.2 2 0
github.com/guidomantilla/go-feather-lib/pkg/integration/messaging/headers_options_chain.go:42.83,45.2 2 0
github.com/guidomantilla/go-feather-lib/pkg/integration/messaging/headers_options_chain.go:47.98,50.2 2 0
github.com/guidomantilla/go-feather-lib/pkg/integration/messaging/headers_options_chain.go:52.93,55.2 2 0
github.com/guidomantilla/go-feather-lib/pkg/integration/messaging/headers_options_chain.go:57.97,60.2 2 0
github.com/guidomantilla/go-feather-lib/pkg/integration/messaging/headers_options_chain.go:62.107,65.2 2 0
github.com/guidomantilla/go-feather-lib/pkg/integration/messaging/headers_options_chain.go:67.95,70.2 2 0
github.com/guidomantilla/go-feather-lib/pkg/integration/messaging/headers_options_chain.go:72.95,75.2 2 0
github.com/guidomantilla/go-feather-lib/pkg/integration/messaging/headers_options_chain.go:77.96,80.2 2 0
github.com/guidomantilla/go-feather-lib/pkg/integration/messaging/headers_validator.go:15.109,20.2 2 0
github.com/guidomantilla/go-feather-lib/pkg/integration/messaging/headers_validator.go:22.104,24.2 1 0
github.com/guidomantilla/go-feather-lib/pkg/integration/messaging/message.go:14.72,21.2 3 0
github.com/guidomantilla/go-feather-lib/pkg/integration/messaging/message.go:23.50,25.2 1 0
github.com/guidomantilla/go-feather-lib/pkg/integration/messaging/message.go:27.44,29.2 1 0
github.com/guidomantilla/go-feather-lib/pkg/integration/messaging/message.go:31.48,33.2 1 0
github.com/guidomantilla/go-feather-lib/pkg/integration/messaging/message.go:43.91,51.2 3 0
github.com/guidomantilla/go-feather-lib/pkg/integration/messaging/message.go:53.48,55.2 1 0
github.com/guidomantilla/go-feather-lib/pkg/integration/messaging/message.go:57.51,59.2 1 0
github.com/guidomantilla/go-feather-lib/pkg/integration/messaging/message.go:61.52,63.2 1 0
github.com/guidomantilla/go-feather-lib/pkg/integration/messaging/message.go:65.50,67.2 1 0
github.com/guidomantilla/go-feather-lib/pkg/integration/messaging/message.go:69.49,71.2 1 0
github.com/guidomantilla/go-feather-lib/pkg/integration/messaging/message.go:81.113,90.2 4 0
github.com/guidomantilla/go-feather-lib/pkg/integration/messaging/message.go:92.55,94.2 1 0
github.com/guidomantilla/go-feather-lib/pkg/integration/messaging/message.go:96.60,98.2 1 0
github.com/guidomantilla/go-feather-lib/pkg/integration/messaging/message.go:100.58,102.2 1 0
github.com/guidomantilla/go-feather-lib/pkg/integration/messaging/message.go:104.53,106.2 1 0
github.com/guidomantilla/go-feather-lib/pkg/integration/messaging/types.go:14.96,18.2 1 0
github.com/guidomantilla/go-feather-lib/pkg/integration/messaging/types.go:20.120,22.2 1 0
github.com/guidomantilla/go-feather-lib/pkg/server/functions.go:7.41,9.2 1 0
github.com/guidomantilla/go-feather-lib/pkg/server/functions.go:11.56,13.2 1 0
github.com/guidomantilla/go-feather-lib/pkg/server/functions.go:15.60,17.2 1 0
github.com/guidomantilla/go-feather-lib/pkg/server/functions.go:19.74,21.2 1 0
github.com/guidomantilla/go-feather-lib/pkg/server/server_base.go:15.34,19.2 1 0
github.com/guidomantilla/go-feather-lib/pkg/server/server_base.go:21.58,28.2 5 0
github.com/guidomantilla/go-feather-lib/pkg/server/server_base.go:30.59,37.2 5 0
github.com/guidomantilla/go-feather-lib/pkg/server/server_cron.go:16.49,23.2 2 0
github.com/guidomantilla/go-feather-lib/pkg/server/server_cron.go:25.58,32.2 5 0
github.com/guidomantilla/go-feather-lib/pkg/server/server_cron.go:34.57,41.2 5 0
github.com/guidomantilla/go-feather-lib/pkg/server/server_grpc.go:20.67,28.2 3 0
github.com/guidomantilla/go-feather-lib/pkg/server/server_grpc.go:30.58,38.67 6 0
github.com/guidomantilla/go-feather-lib/pkg/server/server_grpc.go:38.67,41.3 2 0
github.com/guidomantilla/go-feather-lib/pkg/server/server_grpc.go:43.2,43.96 1 0
github.com/guidomantilla/go-feather-lib/pkg/server/server_grpc.go:43.96,46.3 2 0
github.com/guidomantilla/go-feather-lib/pkg/server/server_grpc.go:47.2,47.12 1 0
github.com/guidomantilla/go-feather-lib/pkg/server/server_grpc.go:50.59,57.2 5 0
github.com/guidomantilla/go-feather-lib/pkg/server/server_http.go:18.53,24.2 2 0
github.com/guidomantilla/go-feather-lib/pkg/server/server_http.go:26.58,32.98 4 0
github.com/guidomantilla/go-feather-lib/pkg/server/server_http.go:32.98,35.3 2 0
github.com/guidomantilla/go-feather-lib/pkg/server/server_http.go:36.2,36.12 1 0
github.com/guidomantilla/go-feather-lib/pkg/server/server_http.go:39.59,43.54 3 0
github.com/guidomantilla/go-feather-lib/pkg/server/server_http.go:43.54,46.3 2 0
github.com/guidomantilla/go-feather-lib/pkg/server/server_http.go:47.2,48.12 2 0
github.com/guidomantilla/go-feather-lib/pkg/messaging/rabbitmq/connection.go:21.109,31.2 4 0
github.com/guidomantilla/go-feather-lib/pkg/messaging/rabbitmq/connection.go:33.55,38.71 3 0
github.com/guidomantilla/go-feather-lib/pkg/messaging/rabbitmq/connection.go:38.71,41.3 2 0
github.com/guidomantilla/go-feather-lib/pkg/messaging/rabbitmq/connection.go:43.2,44.68 1 0
github.com/guidomantilla/go-feather-lib/pkg/messaging/rabbitmq/connection.go:44.68,46.4 1 0
github.com/guidomantilla/go-feather-lib/pkg/messaging/rabbitmq/connection.go:49.2,49.16 1 0
github.com/guidomantilla/go-feather-lib/pkg/messaging/rabbitmq/connection.go:49.16,52.3 2 0
github.com/guidomantilla/go-feather-lib/pkg/messaging/rabbitmq/connection.go:54.2,54.35 1 0
github.com/guidomantilla/go-feather-lib/pkg/messaging/rabbitmq/connection.go:57.50,60.100 2 0
github.com/guidomantilla/go-feather-lib/pkg/messaging/rabbitmq/connection.go:60.100,62.3 1 0
github.com/guidomantilla/go-feather-lib/pkg/messaging/rabbitmq/connection.go:64.2,66.12 2 0
github.com/guidomantilla/go-feather-lib/pkg/messaging/rabbitmq/connection.go:69.42,72.71 2 0
github.com/guidomantilla/go-feather-lib/pkg/messaging/rabbitmq/connection.go:72.71,74.55 2 0
github.com/guidomantilla/go-feather-lib/pkg/messaging/rabbitmq/connection.go:74.55,76.4 1 0
github.com/guidomantilla/go-feather-lib/pkg/messaging/rabbitmq/connection.go:78.2,79.102 2 0
github.com/guidomantilla/go-feather-lib/pkg/messaging/rabbitmq/connection.go:82.52,84.2 1 0
github.com/guidomantilla/go-feather-lib/pkg/messaging/rabbitmq/connection_dialers.go:10.54,11.52 1 0
github.com/guidomantilla/go-feather-lib/pkg/messaging/rabbitmq/connection_dialers.go:11.52,13.3 1 0
github.com/guidomantilla/go-feather-lib/pkg/messaging/rabbitmq/connection_dialers.go:16.74,17.52 1 0
github.com/guidomantilla/go-feather-lib/pkg/messaging/rabbitmq/connection_dialers.go:17.52,19.3 1 0
github.com/guidomantilla/go-feather-lib/pkg/messaging/rabbitmq/connection_dialers.go:22.60,23.55 1 0
github.com/guidomantilla/go-feather-lib/pkg/messaging/rabbitmq/connection_dialers.go:23.55,25.3 1 0
github.com/guidomantilla/go-feather-lib/pkg/messaging/rabbitmq/connection_dialers.go:28.82,29.55 1 0
github.com/guidomantilla/go-feather-lib/pkg/messaging/rabbitmq/connection_dialers.go:29.55,31.3 1 0
github.com/guidomantilla/go-feather-lib/pkg/messaging/rabbitmq/consumer_amqp.go:33.122,51.33 4 0
github.com/guidomantilla/go-feather-lib/pkg/messaging/rabbitmq/consumer_amqp.go:51.33,53.3 1 0
github.com/guidomantilla/go-feather-lib/pkg/messaging/rabbitmq/consumer_amqp.go:54.2,56.17 2 0
github.com/guidomantilla/go-feather-lib/pkg/messaging/rabbitmq/consumer_amqp.go:59.75,66.65 5 0
github.com/guidomantilla/go-feather-lib/pkg/messaging/rabbitmq/consumer_amqp.go:66.65,69.3 2 0
github.com/guidomantilla/go-feather-lib/pkg/messaging/rabbitmq/consumer_amqp.go:71.2,71.64 1 0
github.com/guidomantilla/go-feather-lib/pkg/messaging/rabbitmq/consumer_amqp.go:71.64,72.63 1 0
github.com/guidomantilla/go-feather-lib/pkg/messaging/rabbitmq/consumer_amqp.go:72.63,75.4 2 0
github.com/guidomantilla/go-feather-lib/pkg/messaging/rabbitmq/consumer_amqp.go:78.2,78.175 1 0
github.com/guidomantilla/go-feather-lib/pkg/messaging/rabbitmq/consumer_amqp.go:78.175,81.3 2 0
github.com/guidomantilla/go-feather-lib/pkg/messaging/rabbitmq/consumer_amqp.go:83.2,86.198 3 0
github.com/guidomantilla/go-feather-lib/pkg/messaging/rabbitmq/consumer_amqp.go:86.198,89.3 2 0
github.com/guidomantilla/go-feather-lib/pkg/messaging/rabbitmq/consumer_amqp.go:91.2,92.142 2 0
github.com/guidomantilla/go-feather-lib/pkg/messaging/rabbitmq/consumer_amqp.go:92.142,94.35 2 0
github.com/guidomantilla/go-feather-lib/pkg/messaging/rabbitmq/consumer_amqp.go:94.35,95.56 1 0
github.com/guidomantilla/go-feather-lib/pkg/messaging/rabbitmq/consumer_amqp.go:95.56,97.61 2 0
github.com/guidomantilla/go-feather-lib/pkg/messaging/rabbitmq/consumer_amqp.go:97.61,99.54 2 0
github.com/guidomantilla/go-feather-lib/pkg/messaging/rabbitmq/consumer_amqp.go:99.54,101.7 1 0
github.com/guidomantilla/go-feather-lib/pkg/messaging/rabbitmq/consumer_amqp.go:102.6,103.12 2 0
github.com/guidomantilla/go-feather-lib/pkg/messaging/rabbitmq/consumer_amqp.go:105.5,105.46 1 0
github.com/guidomantilla/go-feather-lib/pkg/messaging/rabbitmq/consumer_amqp.go:105.46,108.6 2 0
github.com/guidomantilla/go-feather-lib/pkg/messaging/rabbitmq/consumer_amqp.go:109.5,109.79 1 0
github.com/guidomantilla/go-feather-lib/pkg/messaging/rabbitmq/consumer_amqp.go:112.3,112.40 1 0
github.com/guidomantilla/go-feather-lib/pkg/messaging/rabbitmq/consumer_amqp.go:112.40,115.4 2 0
github.com/guidomantilla/go-feather-lib/pkg/messaging/rabbitmq/consumer_amqp.go:116.3,117.81 2 0
github.com/guidomantilla/go-feather-lib/pkg/messaging/rabbitmq/consumer_amqp.go:120.2,121.26 2 0
github.com/guidomantilla/go-feather-lib/pkg/messaging/rabbitmq/consumer_amqp.go:124.39,127.61 2 0
github.com/guidomantilla/go-feather-lib/pkg/messaging/rabbitmq/consumer_amqp.go:127.61,129.50 2 0
github.com/guidomantilla/go-feather-lib/pkg/messaging/rabbitmq/consumer_amqp.go:129.50,131.4 1 0
github.com/guidomantilla/go-feather-lib/pkg/messaging/rabbitmq/consumer_amqp.go:133.2,135.92 3 0
github.com/guidomantilla/go-feather-lib/pkg/messaging/rabbitmq/consumer_amqp.go:138.49,140.2 1 0
github.com/guidomantilla/go-feather-lib/pkg/messaging/rabbitmq/consumer_amqp.go:142.63,143.53 1 0
github.com/guidomantilla/go-feather-lib/pkg/messaging/rabbitmq/consumer_amqp.go:143.53,145.3 1 0
github.com/guidomantilla/go-feather-lib/pkg/messaging/rabbitmq/consumer_amqp.go:147.2,147.18 1 0
github.com/guidomantilla/go-feather-lib/pkg/messaging/rabbitmq/consumer_amqp.go:148.18,149.19 1 0
github.com/guidomantilla/go-feather-lib/pkg/messaging/rabbitmq/consumer_amqp.go:149.19,151.4 1 0
github.com/guidomantilla/go-feather-lib/pkg/messaging/rabbitmq/consumer_amqp.go:152.17,153.34 1 0
github.com/guidomantilla/go-feather-lib/pkg/messaging/rabbitmq/consumer_amqp.go:154.17,155.34 1 0
github.com/guidomantilla/go-feather-lib/pkg/messaging/rabbitmq/consumer_amqp.go:156.17,157.34 1 0
github.com/guidomantilla/go-feather-lib/pkg/messaging/rabbitmq/consumer_amqp.go:158.20,159.37 1 0
github.com/guidomantilla/go-feather-lib/pkg/messaging/rabbitmq/consumer_amqp.go:160.19,161.36 1 0
github.com/guidomantilla/go-feather-lib/pkg/messaging/rabbitmq/consumer_amqp.go:162.16,163.33 1 0
github.com/guidomantilla/go-feather-lib/pkg/messaging/rabbitmq/consumer_amqp.go:164.14,165.19 1 0
github.com/guidomantilla/go-feather-lib/pkg/messaging/rabbitmq/consumer_amqp.go:165.19,167.4 1 0
github.com/guidomantilla/go-feather-lib/pkg/messaging/rabbitmq/consumer_amqp_options.go:9.51,10.33 1 0
github.com/guidomantilla/go-feather-lib/pkg/messaging/rabbitmq/consumer_amqp_options.go:10.34,11.3 0 0
github.com/guidomantilla/go-feather-lib/pkg/messaging/rabbitmq/consumer_amqp_options.go:16.112,17.33 1 0
github.com/guidomantilla/go-feather-lib/pkg/messaging/rabbitmq/consumer_amqp_options.go:17.33,19.3 1 0
github.com/guidomantilla/go-feather-lib/pkg/messaging/rabbitmq/consumer_amqp_options.go:22.82,23.33 1 0
github.com/guidomantilla/go-feather-lib/pkg/messaging/rabbitmq/consumer_amqp_options.go:23.33,25.3 1 0
github.com/guidomantilla/go-feather-lib/pkg/messaging/rabbitmq/consumer_amqp_options.go:28.82,29.33 1 0
github.com/guidomantilla/go-feather-lib/pkg/messaging/rabbitmq/consumer_amqp_options.go:29.33,31.3 1 0
github.com/guidomantilla/go-feather-lib/pkg/messaging/rabbitmq/consumer_amqp_options.go:34.82,35.33 1 0
github.com/guidomantilla/go-feather-lib/pkg/messaging/rabbitmq/consumer_amqp_options.go:35.33,37.3 1 0
github.com/guidomantilla/go-feather-lib/pkg/messaging/rabbitmq/consumer_amqp_options.go:40.88,41.33 1 0
github.com/guidomantilla/go-feather-lib/pkg/messaging/rabbitmq/consumer_amqp_options.go:41.33,43.3 1 0
github.com/guidomantilla/go-feather-lib/pkg/messaging/rabbitmq/consumer_amqp_options.go:46.86,47.33 1 0
github.com/guidomantilla/go-feather-lib/pkg/messaging/rabbitmq/consumer_amqp_options.go:47.33,49.3 1 0
github.com/guidomantilla/go-feather-lib/pkg/messaging/rabbitmq/consumer_amqp_options.go:52.80,53.33 1 0
github.com/guidomantilla/go-feather-lib/pkg/messaging/rabbitmq/consumer_amqp_options.go:53.33,55.3 1 0
github.com/guidomantilla/go-feather-lib/pkg/messaging/rabbitmq/consumer_amqp_options.go:58.82,59.33 1 0
github.com/guidomantilla/go-feather-lib/pkg/messaging/rabbitmq/consumer_amqp_options.go:59.33,61.3 1 0
github.com/guidomantilla/go-feather-lib/pkg/messaging/rabbitmq/consumer_amqp_options_chain.go:11.66,15.2 1 0
github.com/guidomantilla/go-feather-lib/pkg/messaging/rabbitmq/consumer_amqp_options_chain.go:17.70,18.33 1 0
github.com/guidomantilla/go-feather-lib/pkg/messaging/rabbitmq/consumer_amqp_options_chain.go:18.33,19.40 1 0
github.com/guidomantilla/go-feather-lib/pkg/messaging/rabbitmq/consumer_amqp_options_chain.go:19.40,21.4 1 0
github.com/guidomantilla/go-feather-lib/pkg/messaging/rabbitmq/consumer_amqp_options_chain.go:25.124,28.2 2 0
github.com/guidomantilla/go-feather-lib/pkg/messaging/rabbitmq/consumer_amqp_options_chain.go:30.94,33.2 2 0
github.com/guidomantilla/go-feather-lib/pkg/messaging/rabbitmq/consumer_amqp_options_chain.go:35.94,38.2 2 0
github.com/guidomantilla/go-feather-lib/pkg/messaging/rabbitmq/consumer_amqp_options_chain.go:40.94,43.2 2 0
github.com/guidomantilla/go-feather-lib/pkg/messaging/rabbitmq/consumer_amqp_options_chain.go:45.100,48.2 2 0
github.com/guidomantilla/go-feather-lib/pkg/messaging/rabbitmq/consumer_amqp_options_chain.go:50.98,53.2 2 0
github.com/guidomantilla/go-feather-lib/pkg/messaging/rabbitmq/consumer_amqp_options_chain.go:55.92,58.2 2 0
github.com/guidomantilla/go-feather-lib/pkg/messaging/rabbitmq/consumer_amqp_options_chain.go:60.94,63.2 2 0
github.com/guidomantilla/go-feather-lib/pkg/messaging/rabbitmq/consumer_streams.go:29.134,41.88 4 0
github.com/guidomantilla/go-feather-lib/pkg/messaging/rabbitmq/consumer_streams.go:41.88,42.75 1 0
github.com/guidomantilla/go-feather-lib/pkg/messaging/rabbitmq/consumer_streams.go:42.75,45.60 3 0
github.com/guidomantilla/go-feather-lib/pkg/messaging/rabbitmq/consumer_streams.go:45.60,48.6 2 0
github.com/guidomantilla/go-feather-lib/pkg/messaging/rabbitmq/consumer_streams.go:53.2,53.33 1 0
github.com/guidomantilla/go-feather-lib/pkg/messaging/rabbitmq/consumer_streams.go:53.33,55.3 1 0
github.com/guidomantilla/go-feather-lib/pkg/messaging/rabbitmq/consumer_streams.go:57.2,60.17 3 0
github.com/guidomantilla/go-feather-lib/pkg/messaging/rabbitmq/consumer_streams.go:63.77,68.73 4 0
github.com/guidomantilla/go-feather-lib/pkg/messaging/rabbitmq/consumer_streams.go:68.73,71.3 2 0
github.com/guidomantilla/go-feather-lib/pkg/messaging/rabbitmq/consumer_streams.go:73.2,74.84 2 0
github.com/guidomantilla/go-feather-lib/pkg/messaging/rabbitmq/consumer_streams.go:74.84,77.3 2 0
github.com/guidomantilla/go-feather-lib/pkg/messaging/rabbitmq/consumer_streams.go:79.2,79.19 1 0
github.com/guidomantilla/go-feather-lib/pkg/messaging/rabbitmq/consumer_streams.go:79.19,80.95 1 0
github.com/guidomantilla/go-feather-lib/pkg/messaging/rabbitmq/consumer_streams.go:80.95,83.4 2 0
github.com/guidomantilla/go-feather-lib/pkg/messaging/rabbitmq/consumer_streams.go:86.2,89.101 3 0
github.com/guidomantilla/go-feather-lib/pkg/messaging/rabbitmq/consumer_streams.go:89.101,90.49 1 0
github.com/guidomantilla/go-feather-lib/pkg/messaging/rabbitmq/consumer_streams.go:90.49,94.4 3 0
github.com/guidomantilla/go-feather-lib/pkg/messaging/rabbitmq/consumer_streams.go:94.9,98.4 3 0
github.com/guidomantilla/go-feather-lib/pkg/messaging/rabbitmq/consumer_streams.go:101.2,102.129 2 0
github.com/guidomantilla/go-feather-lib/pkg/messaging/rabbitmq/consumer_streams.go:102.129,105.3 2 0
github.com/guidomantilla/go-feather-lib/pkg/messaging/rabbitmq/consumer_streams.go:107.2,108.91 2 0
github.com/guidomantilla/go-feather-lib/pkg/messaging/rabbitmq/consumer_streams.go:108.91,110.36 2 0
github.com/guidomantilla/go-feather-lib/pkg/messaging/rabbitmq/consumer_streams.go:110.36,111.49 1 0
github.com/guidomantilla/go-feather-lib/pkg/messaging/rabbitmq/consumer_streams.go:111.49,114.5 2 0
github.com/guidomantilla/go-feather-lib/pkg/messaging/rabbitmq/consumer_streams.go:115.4,115.42 1 0
github.com/guidomantilla/go-feather-lib/pkg/messaging/rabbitmq/consumer_streams.go:115.42,118.5 2 0
github.com/guidomantilla/go-feather-lib/pkg/messaging/rabbitmq/consumer_streams.go:119.4,119.23 1 0
github.com/guidomantilla/go-feather-lib/pkg/messaging/rabbitmq/consumer_streams.go:121.3,121.91 1 0
github.com/guidomantilla/go-feather-lib/pkg/messaging/rabbitmq/consumer_streams.go:124.2,125.26 2 0
github.com/guidomantilla/go-feather-lib/pkg/messaging/rabbitmq/consumer_streams.go:128.41,131.67 2 0
github.com/guidomantilla/go-feather-lib/pkg/messaging/rabbitmq/consumer_streams.go:131.67,133.53 2 0
github.com/guidomantilla/go-feather-lib/pkg/messaging/rabbitmq/consumer_streams.go:133.53,135.4 1 0
github.com/guidomantilla/go-feather-lib/pkg/messaging/rabbitmq/consumer_streams.go:137.2,139.100 3 0
github.com/guidomantilla/go-feather-lib/pkg/messaging/rabbitmq/consumer_streams.go:142.51,144.2 1 0
github.com/guidomantilla/go-feather-lib/pkg/messaging/rabbitmq/consumer_streams.go:146.66,148.2 0 0
github.com/guidomantilla/go-feather-lib/pkg/messaging/rabbitmq/consumer_streams_options.go:15.57,16.41 1 0
github.com/guidomantilla/go-feather-lib/pkg/messaging/rabbitmq/consumer_streams_options.go:16.42,17.3 0 0
github.com/guidomantilla/go-feather-lib/pkg/messaging/rabbitmq/consumer_streams_options.go:22.112,23.41 1 0
github.com/guidomantilla/go-feather-lib/pkg/messaging/rabbitmq/consumer_streams_options.go:23.41,25.3 1 0
github.com/guidomantilla/go-feather-lib/pkg/messaging/rabbitmq/consumer_streams_options.go:28.116,29.41 1 0
github.com/guidomantilla/go-feather-lib/pkg/messaging/rabbitmq/consumer_streams_options.go:29.41,31.3 1 0
github.com/guidomantilla/go-feather-lib/pkg/messaging/rabbitmq/consumer_streams_options.go:34.116,35.41 1 0
github.com/guidomantilla/go-feather-lib/pkg/messaging/rabbitmq/consumer_streams_options.go:35.41,37.98 2 0
github.com/guidomantilla/go-feather-lib/pkg/messaging/rabbitmq/consumer_streams_options.go:37.98,39.76 2 0
github.com/guidomantilla/go-feather-lib/pkg/messaging/rabbitmq/consumer_streams_options.go:39.76,41.5 1 0
[...]
github.com/guidomantilla/go-feather-lib/pkg/security/password_functions.go:225.2,226.64 2 0
github.com/guidomantilla/go-feather-lib/pkg/security/password_functions.go:226.64,228.3 1 0
github.com/guidomantilla/go-feather-lib/pkg/security/password_functions.go:230.2,232.16 3 0
github.com/guidomantilla/go-feather-lib/pkg/security/password_functions.go:232.16,234.3 1 0
github.com/guidomantilla/go-feather-lib/pkg/security/password_functions.go:236.2,238.16 3 0
github.com/guidomantilla/go-feather-lib/pkg/security/password_functions.go:238.16,240.3 1 0
github.com/guidomantilla/go-feather-lib/pkg/security/password_functions.go:242.2,242.74 1 0
github.com/guidomantilla/go-feather-lib/pkg/security/password_generator.go:28.82,37.30 2 0
github.com/guidomantilla/go-feather-lib/pkg/security/password_generator.go:37.30,39.3 1 0
github.com/guidomantilla/go-feather-lib/pkg/security/password_generator.go:41.2,41.18 1 0
github.com/guidomantilla/go-feather-lib/pkg/security/password_generator.go:44.55,48.48 2 0
github.com/guidomantilla/go-feather-lib/pkg/security/password_generator.go:48.48,51.3 2 0
github.com/guidomantilla/go-feather-lib/pkg/security/password_generator.go:54.2,54.40 1 0
github.com/guidomantilla/go-feather-lib/pkg/security/password_generator.go:54.40,57.3 2 0
github.com/guidomantilla/go-feather-lib/pkg/security/password_generator.go:60.2,60.46 1 0
github.com/guidomantilla/go-feather-lib/pkg/security/password_generator.go:60.46,63.3 2 0
github.com/guidomantilla/go-feather-lib/pkg/security/password_generator.go:65.2,66.39 2 0
github.com/guidomantilla/go-feather-lib/pkg/security/password_generator.go:66.39,69.3 2 0
github.com/guidomantilla/go-feather-lib/pkg/security/password_generator.go:70.2,71.43 2 0
github.com/guidomantilla/go-feather-lib/pkg/security/password_generator.go:71.43,73.3 1 0
github.com/guidomantilla/go-feather-lib/pkg/security/password_generator.go:74.2,74.23 1 0
github.com/guidomantilla/go-feather-lib/pkg/security/password_generator.go:77.72,79.49 1 0
github.com/guidomantilla/go-feather-lib/pkg/security/password_generator.go:79.49,81.3 1 0
github.com/guidomantilla/go-feather-lib/pkg/security/password_generator.go:83.2,87.32 4 0
github.com/guidomantilla/go-feather-lib/pkg/security/password_generator.go:87.32,88.10 1 0
github.com/guidomantilla/go-feather-lib/pkg/security/password_generator.go:89.48,90.24 1 0
github.com/guidomantilla/go-feather-lib/pkg/security/password_generator.go:91.43,92.16 1 0
github.com/guidomantilla/go-feather-lib/pkg/security/password_generator.go:93.46,94.22 1 0
github.com/guidomantilla/go-feather-lib/pkg/security/password_generator.go:98.2,98.51 1 0
github.com/guidomantilla/go-feather-lib/pkg/security/password_generator.go:98.51,100.3 1 0
github.com/guidomantilla/go-feather-lib/pkg/security/password_generator.go:102.2,102.35 1 0
github.com/guidomantilla/go-feather-lib/pkg/security/password_generator.go:102.35,104.3 1 0
github.com/guidomantilla/go-feather-lib/pkg/security/password_generator.go:106.2,106.47 1 0
github.com/guidomantilla/go-feather-lib/pkg/security/password_generator.go:106.47,108.3 1 0
github.com/guidomantilla/go-feather-lib/pkg/security/password_generator.go:110.2,110.12 1 0
github.com/guidomantilla/go-feather-lib/pkg/security/password_generator.go:113.69,114.67 1 0
github.com/guidomantilla/go-feather-lib/pkg/security/password_generator.go:114.67,116.3 1 0
github.com/guidomantilla/go-feather-lib/pkg/security/password_generator.go:118.2,118.18 1 0
github.com/guidomantilla/go-feather-lib/pkg/security/password_generator.go:119.24,120.18 1 0
github.com/guidomantilla/go-feather-lib/pkg/security/password_generator.go:120.18,122.4 1 0
github.com/guidomantilla/go-feather-lib/pkg/security/password_generator.go:123.24,124.17 1 0
github.com/guidomantilla/go-feather-lib/pkg/security/password_generator.go:124.17,126.4 1 0
github.com/guidomantilla/go-feather-lib/pkg/security/password_generator.go:127.16,128.17 1 0
github.com/guidomantilla/go-feather-lib/pkg/security/password_generator.go:128.17,130.4 1 0
github.com/guidomantilla/go-feather-lib/pkg/security/password_generator.go:131.22,132.17 1 0
github.com/guidomantilla/go-feather-lib/pkg/security/password_generator.go:132.17,134.4 1 0
github.com/guidomantilla/go-feather-lib/pkg/security/password_generator_options.go:5.61,6.43 1 0
github.com/guidomantilla/go-feather-lib/pkg/security/password_generator_options.go:6.44,7.3 0 0
github.com/guidomantilla/go-feather-lib/pkg/security/password_generator_options.go:12.105,13.43 1 0
github.com/guidomantilla/go-feather-lib/pkg/security/password_generator_options.go:13.43,15.3 1 0
github.com/guidomantilla/go-feather-lib/pkg/security/password_generator_options.go:18.105,19.43 1 0
github.com/guidomantilla/go-feather-lib/pkg/security/password_generator_options.go:19.43,21.3 1 0
github.com/guidomantilla/go-feather-lib/pkg/security/password_generator_options.go:24.89,25.43 1 0
github.com/guidomantilla/go-feather-lib/pkg/security/password_generator_options.go:25.43,27.3 1 0
github.com/guidomantilla/go-feather-lib/pkg/security/password_generator_options.go:30.101,31.43 1 0
github.com/guidomantilla/go-feather-lib/pkg/security/password_generator_options.go:31.43,33.3 1 0
github.com/guidomantilla/go-feather-lib/pkg/security/password_generator_options_chain.go:7.76,11.2 1 0
github.com/guidomantilla/go-feather-lib/pkg/security/password_generator_options_chain.go:13.80,14.43 1 0
github.com/guidomantilla/go-feather-lib/pkg/security/password_generator_options_chain.go:14.43,15.40 1 0
github.com/guidomantilla/go-feather-lib/pkg/security/password_generator_options_chain.go:15.40,17.4 1 0
github.com/guidomantilla/go-feather-lib/pkg/security/password_generator_options_chain.go:21.109,24.2 2 0
github.com/guidomantilla/go-feather-lib/pkg/security/password_generator_options_chain.go:26.117,29.2 2 0
github.com/guidomantilla/go-feather-lib/pkg/security/password_generator_options_chain.go:31.101,34.2 2 0
github.com/guidomantilla/go-feather-lib/pkg/security/password_generator_options_chain.go:36.113,39.2 2 0
github.com/guidomantilla/go-feather-lib/pkg/security/password_manager.go:12.111,20.2 3 0
github.com/guidomantilla/go-feather-lib/pkg/security/password_manager.go:22.77,26.77 3 0
github.com/guidomantilla/go-feather-lib/pkg/security/password_manager.go:26.77,28.3 1 0
github.com/guidomantilla/go-feather-lib/pkg/security/password_manager.go:30.2,30.22 1 0
github.com/guidomantilla/go-feather-lib/pkg/security/password_manager.go:33.100,37.89 3 0
github.com/guidomantilla/go-feather-lib/pkg/security/password_manager.go:37.89,39.3 1 0
github.com/guidomantilla/go-feather-lib/pkg/security/password_manager.go:41.2,41.16 1 0
github.com/guidomantilla/go-feather-lib/pkg/security/password_manager.go:44.88,48.84 3 0
github.com/guidomantilla/go-feather-lib/pkg/security/password_manager.go:48.84,50.3 1 0
github.com/guidomantilla/go-feather-lib/pkg/security/password_manager.go:52.2,52.16 1 0
github.com/guidomantilla/go-feather-lib/pkg/security/password_manager.go:55.51,57.2 1 0
github.com/guidomantilla/go-feather-lib/pkg/security/password_manager.go:59.68,62.71 2 0
github.com/guidomantilla/go-feather-lib/pkg/security/password_manager.go:62.71,64.3 1 0
github.com/guidomantilla/go-feather-lib/pkg/security/password_manager.go:66.2,66.12 1 0
github.com/guidomantilla/go-feather-lib/pkg/security/password_manager.go:69.65,71.2 1 0
github.com/guidomantilla/go-feather-lib/pkg/security/principal_manager_base.go:15.85,23.2 2 0
github.com/guidomantilla/go-feather-lib/pkg/security/principal_manager_base.go:25.94,30.64 4 0
github.com/guidomantilla/go-feather-lib/pkg/security/principal_manager_base.go:30.64,32.3 1 0
github.com/guidomantilla/go-feather-lib/pkg/security/principal_manager_base.go:34.2,34.77 1 0
github.com/guidomantilla/go-feather-lib/pkg/security/principal_manager_base.go:34.77,36.3 1 0
github.com/guidomantilla/go-feather-lib/pkg/security/principal_manager_base.go:38.2,38.95 1 0
github.com/guidomantilla/go-feather-lib/pkg/security/principal_manager_base.go:38.95,40.3 1 0
github.com/guidomantilla/go-feather-lib/pkg/security/principal_manager_base.go:42.2,45.47 3 0
github.com/guidomantilla/go-feather-lib/pkg/security/principal_manager_base.go:45.47,47.3 1 0
github.com/guidomantilla/go-feather-lib/pkg/security/principal_manager_base.go:49.2,49.12 1 0
github.com/guidomantilla/go-feather-lib/pkg/security/principal_manager_base.go:52.94,57.2 3 0
github.com/guidomantilla/go-feather-lib/pkg/security/principal_manager_base.go:59.89,66.2 5 0
github.com/guidomantilla/go-feather-lib/pkg/security/principal_manager_base.go:68.101,74.53 5 0
github.com/guidomantilla/go-feather-lib/pkg/security/principal_manager_base.go:74.53,76.3 1 0
github.com/guidomantilla/go-feather-lib/pkg/security/principal_manager_base.go:78.2,78.44 1 0
github.com/guidomantilla/go-feather-lib/pkg/security/principal_manager_base.go:78.44,80.3 1 0
github.com/guidomantilla/go-feather-lib/pkg/security/principal_manager_base.go:82.2,82.52 1 0
github.com/guidomantilla/go-feather-lib/pkg/security/principal_manager_base.go:82.52,84.3 1 0
github.com/guidomantilla/go-feather-lib/pkg/security/principal_manager_base.go:86.2,86.45 1 0
github.com/guidomantilla/go-feather-lib/pkg/security/principal_manager_base.go:86.45,88.3 1 0
github.com/guidomantilla/go-feather-lib/pkg/security/principal_manager_base.go:90.2,90.49 1 0
github.com/guidomantilla/go-feather-lib/pkg/security/principal_manager_base.go:90.49,92.3 1 0
github.com/guidomantilla/go-feather-lib/pkg/security/principal_manager_base.go:94.2,94.51 1 0
github.com/guidomantilla/go-feather-lib/pkg/security/principal_manager_base.go:94.51,96.3 1 0
github.com/guidomantilla/go-feather-lib/pkg/security/principal_manager_base.go:98.2,98.67 1 0
github.com/guidomantilla/go-feather-lib/pkg/security/principal_manager_base.go:98.67,100.3 1 0
github.com/guidomantilla/go-feather-lib/pkg/security/principal_manager_base.go:102.2,102.18 1 0
github.com/guidomantilla/go-feather-lib/pkg/security/principal_manager_base.go:105.89,110.50 4 0
github.com/guidomantilla/go-feather-lib/pkg/security/principal_manager_base.go:110.50,112.3 1 0
github.com/guidomantilla/go-feather-lib/pkg/security/principal_manager_base.go:113.2,113.12 1 0
github.com/guidomantilla/go-feather-lib/pkg/security/principal_manager_base.go:116.114,122.53 5 0
github.com/guidomantilla/go-feather-lib/pkg/security/principal_manager_base.go:122.53,124.3 1 0
github.com/guidomantilla/go-feather-lib/pkg/security/principal_manager_base.go:126.2,126.66 1 0
github.com/guidomantilla/go-feather-lib/pkg/security/principal_manager_base.go:126.66,128.3 1 0
github.com/guidomantilla/go-feather-lib/pkg/security/principal_manager_base.go:130.2,131.79 2 0
github.com/guidomantilla/go-feather-lib/pkg/security/principal_manager_base.go:131.79,133.3 1 0
github.com/guidomantilla/go-feather-lib/pkg/security/principal_manager_base.go:135.2,135.12 1 0
github.com/guidomantilla/go-feather-lib/pkg/security/principal_manager_base.go:138.114,144.53 5 0
github.com/guidomantilla/go-feather-lib/pkg/security/principal_manager_base.go:144.53,146.3 1 0
github.com/guidomantilla/go-feather-lib/pkg/security/principal_manager_base.go:148.2,148.60 1 0
github.com/guidomantilla/go-feather-lib/pkg/security/principal_manager_base.go:148.60,150.3 1 0
github.com/guidomantilla/go-feather-lib/pkg/security/principal_manager_base.go:152.2,152.12 1 0
github.com/guidomantilla/go-feather-lib/pkg/security/principal_manager_gorm.go:21.130,29.2 3 0
github.com/guidomantilla/go-feather-lib/pkg/security/principal_manager_gorm.go:31.84,32.65 1 0
github.com/guidomantilla/go-feather-lib/pkg/security/principal_manager_gorm.go:35.84,36.65 1 0
github.com/guidomantilla/go-feather-lib/pkg/security/principal_manager_gorm.go:39.80,40.65 1 0
github.com/guidomantilla/go-feather-lib/pkg/security/principal_manager_gorm.go:43.101,46.104 2 0
github.com/guidomantilla/go-feather-lib/pkg/security/principal_manager_gorm.go:46.104,49.118 2 0
github.com/guidomantilla/go-feather-lib/pkg/security/principal_manager_gorm.go:49.118,51.4 1 0
github.com/guidomantilla/go-feather-lib/pkg/security/principal_manager_gorm.go:52.3,52.27 1 0
github.com/guidomantilla/go-feather-lib/pkg/security/principal_manager_gorm.go:52.27,54.4 1 0
github.com/guidomantilla/go-feather-lib/pkg/security/principal_manager_gorm.go:56.3,57.55 2 0
github.com/guidomantilla/go-feather-lib/pkg/security/principal_manager_gorm.go:57.55,59.4 1 0
github.com/guidomantilla/go-feather-lib/pkg/security/principal_manager_gorm.go:61.3,61.63 1 0
github.com/guidomantilla/go-feather-lib/pkg/security/principal_manager_gorm.go:61.63,63.4 1 0
github.com/guidomantilla/go-feather-lib/pkg/security/principal_manager_gorm.go:65.3,65.56 1 0
github.com/guidomantilla/go-feather-lib/pkg/security/principal_manager_gorm.go:65.56,67.4 1 0
github.com/guidomantilla/go-feather-lib/pkg/security/principal_manager_gorm.go:69.3,70.40 2 0
github.com/guidomantilla/go-feather-lib/pkg/security/principal_manager_gorm.go:70.40,72.4 1 0
github.com/guidomantilla/go-feather-lib/pkg/security/principal_manager_gorm.go:74.3,87.13 2 0
github.com/guidomantilla/go-feather-lib/pkg/security/principal_manager_gorm.go:89.2,89.16 1 0
github.com/guidomantilla/go-feather-lib/pkg/security/principal_manager_gorm.go:89.16,91.3 1 0
github.com/guidomantilla/go-feather-lib/pkg/security/principal_manager_gorm.go:93.2,93.18 1 0
github.com/guidomantilla/go-feather-lib/pkg/security/principal_manager_gorm.go:96.80,97.65 1 0
github.com/guidomantilla/go-feather-lib/pkg/security/principal_manager_gorm.go:100.98,101.65 1 0
github.com/guidomantilla/go-feather-lib/pkg/security/principal_manager_gorm.go:104.114,106.104 1 0
github.com/guidomantilla/go-feather-lib/pkg/security/principal_manager_gorm.go:106.104,109.148 2 0
github.com/guidomantilla/go-feather-lib/pkg/security/principal_manager_gorm.go:109.148,111.4 1 0
github.com/guidomantilla/go-feather-lib/pkg/security/principal_manager_gorm.go:112.3,112.27 1 0
github.com/guidomantilla/go-feather-lib/pkg/security/principal_manager_gorm.go:112.27,114.4 1 0
github.com/guidomantilla/go-feather-lib/pkg/security/principal_manager_gorm.go:116.3,116.13 1 0
github.com/guidomantilla/go-feather-lib/pkg/security/token_manager_jwt.go:27.77,37.30 2 0
github.com/guidomantilla/go-feather-lib/pkg/security/token_manager_jwt.go:37.30,39.3 1 0
github.com/guidomantilla/go-feather-lib/pkg/security/token_manager_jwt.go:41.2,41.21 1 0
github.com/guidomantilla/go-feather-lib/pkg/security/token_manager_jwt.go:44.81,62.75 6 0
github.com/guidomantilla/go-feather-lib/pkg/security/token_manager_jwt.go:62.75,64.3 1 0
github.com/guidomantilla/go-feather-lib/pkg/security/token_manager_jwt.go:66.2,66.26 1 0
github.com/guidomantilla/go-feather-lib/pkg/security/token_manager_jwt.go:69.82,72.52 2 0
github.com/guidomantilla/go-feather-lib/pkg/security/token_manager_jwt.go:72.52,74.3 1 0
github.com/guidomantilla/go-feather-lib/pkg/security/token_manager_jwt.go:76.2,83.83 4 0
github.com/guidomantilla/go-feather-lib/pkg/security/token_manager_jwt.go:83.83,85.3 1 0
github.com/guidomantilla/go-feather-lib/pkg/security/token_manager_jwt.go:87.2,87.18 1 0
github.com/guidomantilla/go-feather-lib/pkg/security/token_manager_jwt.go:87.18,89.3 1 0
github.com/guidomantilla/go-feather-lib/pkg/security/token_manager_jwt.go:91.2,93.55 3 0
github.com/guidomantilla/go-feather-lib/pkg/security/token_manager_jwt.go:93.55,95.3 1 0
github.com/guidomantilla/go-feather-lib/pkg/security/token_manager_jwt.go:97.2,98.44 2 0
github.com/guidomantilla/go-feather-lib/pkg/security/token_manager_jwt.go:98.44,100.3 1 0
github.com/guidomantilla/go-feather-lib/pkg/security/token_manager_jwt.go:102.2,103.40 2 0
github.com/guidomantilla/go-feather-lib/pkg/security/token_manager_jwt.go:103.40,105.3 1 0
github.com/guidomantilla/go-feather-lib/pkg/security/token_manager_jwt.go:107.2,107.40 1 0
github.com/guidomantilla/go-feather-lib/pkg/security/token_manager_jwt.go:107.40,109.3 1 0
github.com/guidomantilla/go-feather-lib/pkg/security/token_manager_jwt.go:111.2,112.36 2 0
github.com/guidomantilla/go-feather-lib/pkg/security/token_manager_jwt.go:112.36,114.3 1 0
github.com/guidomantilla/go-feather-lib/pkg/security/token_manager_jwt.go:116.2,116.45 1 0
github.com/guidomantilla/go-feather-lib/pkg/security/token_manager_jwt.go:116.45,118.3 1 0
github.com/guidomantilla/go-feather-lib/pkg/security/token_manager_jwt.go:120.2,121.59 2 0
github.com/guidomantilla/go-feather-lib/pkg/security/token_manager_jwt.go:121.59,123.3 1 0
github.com/guidomantilla/go-feather-lib/pkg/security/token_manager_jwt.go:125.2,126.66 2 0
github.com/guidomantilla/go-feather-lib/pkg/security/token_manager_jwt.go:126.66,128.3 1 0
github.com/guidomantilla/go-feather-lib/pkg/security/token_manager_jwt.go:130.2,136.23 2 0
github.com/guidomantilla/go-feather-lib/pkg/security/token_manager_jwt.go:139.65,140.53 1 0
github.com/guidomantilla/go-feather-lib/pkg/security/token_manager_jwt.go:140.53,142.3 1 0
github.com/guidomantilla/go-feather-lib/pkg/security/token_manager_jwt.go:144.2,144.18 1 0
github.com/guidomantilla/go-feather-lib/pkg/security/token_manager_jwt.go:145.16,146.41 1 0
github.com/guidomantilla/go-feather-lib/pkg/security/token_manager_jwt.go:147.17,148.32 1 0
github.com/guidomantilla/go-feather-lib/pkg/security/token_manager_jwt.go:148.32,150.4 1 0
github.com/guidomantilla/go-feather-lib/pkg/security/token_manager_jwt.go:151.23,152.39 1 0
github.com/guidomantilla/go-feather-lib/pkg/security/token_manager_jwt.go:152.39,154.4 1 0
github.com/guidomantilla/go-feather-lib/pkg/security/token_manager_jwt.go:155.20,156.19 1 0
github.com/guidomantilla/go-feather-lib/pkg/security/token_manager_jwt.go:156.19,158.4 1 0
github.com/guidomantilla/go-feather-lib/pkg/security/token_manager_jwt.go:159.22,160.19 1 0
github.com/guidomantilla/go-feather-lib/pkg/security/token_manager_jwt.go:160.19,162.4 1 0
github.com/guidomantilla/go-feather-lib/pkg/security/token_manager_jwt_options.go:11.57,12.41 1 0
github.com/guidomantilla/go-feather-lib/pkg/security/token_manager_jwt_options.go:12.42,13.3 0 0
github.com/guidomantilla/go-feather-lib/pkg/security/token_manager_jwt_options.go:18.88,19.41 1 0
github.com/guidomantilla/go-feather-lib/pkg/security/token_manager_jwt_options.go:19.41,21.3 1 0
github.com/guidomantilla/go-feather-lib/pkg/security/token_manager_jwt_options.go:24.97,25.41 1 0
github.com/guidomantilla/go-feather-lib/pkg/security/token_manager_jwt_options.go:25.41,27.3 1 0
github.com/guidomantilla/go-feather-lib/pkg/security/token_manager_jwt_options.go:30.113,31.41 1 0
github.com/guidomantilla/go-feather-lib/pkg/security/token_manager_jwt_options.go:31.41,33.3 1 0
github.com/guidomantilla/go-feather-lib/pkg/security/token_manager_jwt_options.go:36.93,37.41 1 0
github.com/guidomantilla/go-feather-lib/pkg/security/token_manager_jwt_options.go:37.41,39.3 1 0
github.com/guidomantilla/go-feather-lib/pkg/security/token_manager_jwt_options.go:42.97,43.41 1 0
github.com/guidomantilla/go-feather-lib/pkg/security/token_manager_jwt_options.go:43.41,45.3 1 0
github.com/guidomantilla/go-feather-lib/pkg/security/token_manager_jwt_options_chain.go:13.72,17.2 1 0
github.com/guidomantilla/go-feather-lib/pkg/security/token_manager_jwt_options_chain.go:19.76,20.41 1 0
github.com/guidomantilla/go-feather-lib/pkg/security/token_manager_jwt_options_chain.go:20.41,21.40 1 0
github.com/guidomantilla/go-feather-lib/pkg/security/token_manager_jwt_options_chain.go:21.40,23.4 1 0
github.com/guidomantilla/go-feather-lib/pkg/security/token_manager_jwt_options_chain.go:27.100,30.2 2 0
github.com/guidomantilla/go-feather-lib/pkg/security/token_manager_jwt_options_chain.go:32.109,35.2 2 0
github.com/guidomantilla/go-feather-lib/pkg/security/token_manager_jwt_options_chain.go:37.125,40.2 2 0
github.com/guidomantilla/go-feather-lib/pkg/security/token_manager_jwt_options_chain.go:42.105,45.2 2 0
github.com/guidomantilla/go-feather-lib/pkg/security/token_manager_jwt_options_chain.go:47.109,50.2 2 0
